[0.962s] DEBUG:colcon:Command line arguments: ['/usr/bin/colcon', 'build', '--packages-select', 'text_to_cmd_vel']
[0.963s] DEBUG:colcon:Parsed command line arguments: Namespace(log_base=None, log_level=None, verb_name='build', build_base='build', install_base='install', merge_install=False, symlink_install=False, test_result_base=None, continue_on_error=False, executor='parallel', parallel_workers=16, event_handlers=None, ignore_user_meta=False, metas=['./colcon.meta'], base_paths=['.'], packages_ignore=None, packages_ignore_regex=None, paths=None, packages_up_to=None, packages_up_to_regex=None, packages_above=None, packages_above_and_dependencies=None, packages_above_depth=None, packages_select_by_dep=None, packages_skip_by_dep=None, packages_skip_up_to=None, packages_select_build_failed=False, packages_skip_build_finished=False, packages_select_test_failures=False, packages_skip_test_passed=False, packages_select=['text_to_cmd_vel'], packages_skip=None, packages_select_regex=None, packages_skip_regex=None, packages_start=None, packages_end=None, allow_overriding=[], cmake_args=None, cmake_target=None, cmake_target_skip_unavailable=False, cmake_clean_cache=False, cmake_clean_first=False, cmake_force_configure=False, ament_cmake_args=None, catkin_cmake_args=None, catkin_skip_building_tests=False, verb_parser=<colcon_defaults.argument_parser.defaults.DefaultArgumentsDecorator object at 0x7f85a6b96710>, verb_extension=<colcon_core.verb.build.BuildVerb object at 0x7f85a7566380>, main=<bound method BuildVerb.main of <colcon_core.verb.build.BuildVerb object at 0x7f85a7566380>>)
[1.055s] Level 1:colcon.colcon_core.package_discovery:discover_packages(colcon_meta) check parameters
[1.058s] Level 1:colcon.colcon_core.package_discovery:discover_packages(recursive) check parameters
[1.059s] Level 1:colcon.colcon_core.package_discovery:discover_packages(ignore) check parameters
[1.060s] Level 1:colcon.colcon_core.package_discovery:discover_packages(path) check parameters
[1.061s] Level 1:colcon.colcon_core.package_discovery:discover_packages(colcon_meta) discover
[1.062s] Level 1:colcon.colcon_core.package_discovery:discover_packages(recursive) discover
[1.063s] INFO:colcon.colcon_core.package_discovery:Crawling recursively for packages in '/mnt/c/Users/game_/Desktop/Work/ROBOTECH/lab2/ex10'
[1.069s] Level 1:colcon.colcon_core.package_identification:_identify(.) by extensions ['ignore', 'ignore_ament_install']
[1.071s] Level 1:colcon.colcon_core.package_identification:_identify(.) by extension 'ignore'
[1.073s] Level 1:colcon.colcon_core.package_identification:_identify(.) by extension 'ignore_ament_install'
[1.076s] Level 1:colcon.colcon_core.package_identification:_identify(.) by extensions ['colcon_pkg']
[1.077s] Level 1:colcon.colcon_core.package_identification:_identify(.) by extension 'colcon_pkg'
[1.080s] Level 1:colcon.colcon_core.package_identification:_identify(.) by extensions ['colcon_meta']
[1.081s] Level 1:colcon.colcon_core.package_identification:_identify(.) by extension 'colcon_meta'
[1.082s] Level 1:colcon.colcon_core.package_identification:_identify(.) by extensions ['ros']
[1.083s] Level 1:colcon.colcon_core.package_identification:_identify(.) by extension 'ros'
[1.111s] Level 1:colcon.colcon_core.package_identification:_identify(.) by extensions ['cmake', 'python']
[1.112s] Level 1:colcon.colcon_core.package_identification:_identify(.) by extension 'cmake'
[1.115s] Level 1:colcon.colcon_core.package_identification:_identify(.) by extension 'python'
[1.117s] Level 1:colcon.colcon_core.package_identification:_identify(.) by extensions ['python_setup_py']
[1.118s] Level 1:colcon.colcon_core.package_identification:_identify(.) by extension 'python_setup_py'
[1.132s] Level 1:colcon.colcon_core.package_identification:_identify(build) by extensions ['ignore', 'ignore_ament_install']
[1.133s] Level 1:colcon.colcon_core.package_identification:_identify(build) by extension 'ignore'
[1.139s] Level 1:colcon.colcon_core.package_identification:_identify(build) ignored
[1.151s] Level 1:colcon.colcon_core.package_identification:_identify(install) by extensions ['ignore', 'ignore_ament_install']
[1.153s] Level 1:colcon.colcon_core.package_identification:_identify(install) by extension 'ignore'
[1.159s] Level 1:colcon.colcon_core.package_identification:_identify(install) ignored
[1.178s] Level 1:colcon.colcon_core.package_identification:_identify(log) by extensions ['ignore', 'ignore_ament_install']
[1.179s] Level 1:colcon.colcon_core.package_identification:_identify(log) by extension 'ignore'
[1.183s] Level 1:colcon.colcon_core.package_identification:_identify(log) ignored
[1.190s] Level 1:colcon.colcon_core.package_identification:_identify(text_to_cmd_vel) by extensions ['ignore', 'ignore_ament_install']
[1.191s] Level 1:colcon.colcon_core.package_identification:_identify(text_to_cmd_vel) by extension 'ignore'
[1.192s] Level 1:colcon.colcon_core.package_identification:_identify(text_to_cmd_vel) by extension 'ignore_ament_install'
[1.194s] Level 1:colcon.colcon_core.package_identification:_identify(text_to_cmd_vel) by extensions ['colcon_pkg']
[1.195s] Level 1:colcon.colcon_core.package_identification:_identify(text_to_cmd_vel) by extension 'colcon_pkg'
[1.197s] Level 1:colcon.colcon_core.package_identification:_identify(text_to_cmd_vel) by extensions ['colcon_meta']
[1.198s] Level 1:colcon.colcon_core.package_identification:_identify(text_to_cmd_vel) by extension 'colcon_meta'
[1.200s] Level 1:colcon.colcon_core.package_identification:_identify(text_to_cmd_vel) by extensions ['ros']
[1.201s] Level 1:colcon.colcon_core.package_identification:_identify(text_to_cmd_vel) by extension 'ros'
[1.231s] DEBUG:colcon.colcon_core.package_identification:Package 'text_to_cmd_vel' with type 'ros.ament_cmake' and name 'text_to_cmd_vel'
[1.232s] Level 1:colcon.colcon_core.package_discovery:discover_packages(recursive) using defaults
[1.233s] Level 1:colcon.colcon_core.package_discovery:discover_packages(ignore) discover
[1.234s] Level 1:colcon.colcon_core.package_discovery:discover_packages(ignore) using defaults
[1.236s] Level 1:colcon.colcon_core.package_discovery:discover_packages(path) discover
[1.237s] Level 1:colcon.colcon_core.package_discovery:discover_packages(path) using defaults
[1.280s] Level 1:colcon.colcon_core.package_discovery:discover_packages(prefix_path) check parameters
[1.281s] Level 1:colcon.colcon_core.package_discovery:discover_packages(prefix_path) discover
[1.286s] DEBUG:colcon.colcon_installed_package_information.package_discovery:Found 10 installed packages in /root/ros2_ws/install
[1.290s] DEBUG:colcon.colcon_installed_package_information.package_discovery:Found 283 installed packages in /opt/ros/humble
[1.293s] Level 1:colcon.colcon_core.package_discovery:discover_packages(prefix_path) using defaults
[1.387s] Level 5:colcon.colcon_core.verb:set package 'text_to_cmd_vel' build argument 'cmake_args' from command line to 'None'
[1.388s] Level 5:colcon.colcon_core.verb:set package 'text_to_cmd_vel' build argument 'cmake_target' from command line to 'None'
[1.389s] Level 5:colcon.colcon_core.verb:set package 'text_to_cmd_vel' build argument 'cmake_target_skip_unavailable' from command line to 'False'
[1.390s] Level 5:colcon.colcon_core.verb:set package 'text_to_cmd_vel' build argument 'cmake_clean_cache' from command line to 'False'
[1.391s] Level 5:colcon.colcon_core.verb:set package 'text_to_cmd_vel' build argument 'cmake_clean_first' from command line to 'False'
[1.392s] Level 5:colcon.colcon_core.verb:set package 'text_to_cmd_vel' build argument 'cmake_force_configure' from command line to 'False'
[1.393s] Level 5:colcon.colcon_core.verb:set package 'text_to_cmd_vel' build argument 'ament_cmake_args' from command line to 'None'
[1.394s] Level 5:colcon.colcon_core.verb:set package 'text_to_cmd_vel' build argument 'catkin_cmake_args' from command line to 'None'
[1.394s] Level 5:colcon.colcon_core.verb:set package 'text_to_cmd_vel' build argument 'catkin_skip_building_tests' from command line to 'False'
[1.395s] DEBUG:colcon.colcon_core.verb:Building package 'text_to_cmd_vel' with the following arguments: {'ament_cmake_args': None, 'build_base': '/mnt/c/Users/game_/Desktop/Work/ROBOTECH/lab2/ex10/build/text_to_cmd_vel', 'catkin_cmake_args': None, 'catkin_skip_building_tests': False, 'cmake_args': None, 'cmake_clean_cache': False, 'cmake_clean_first': False, 'cmake_force_configure': False, 'cmake_target': None, 'cmake_target_skip_unavailable': False, 'install_base': '/mnt/c/Users/game_/Desktop/Work/ROBOTECH/lab2/ex10/install/text_to_cmd_vel', 'merge_install': False, 'path': '/mnt/c/Users/game_/Desktop/Work/ROBOTECH/lab2/ex10/text_to_cmd_vel', 'symlink_install': False, 'test_result_base': None}
[1.397s] INFO:colcon.colcon_core.executor:Executing jobs using 'parallel' executor
[1.403s] DEBUG:colcon.colcon_parallel_executor.executor.parallel:run_until_complete
[1.405s] INFO:colcon.colcon_ros.task.ament_cmake.build:Building ROS package in '/mnt/c/Users/game_/Desktop/Work/ROBOTECH/lab2/ex10/text_to_cmd_vel' with build type 'ament_cmake'
[1.406s] INFO:colcon.colcon_cmake.task.cmake.build:Building CMake package in '/mnt/c/Users/game_/Desktop/Work/ROBOTECH/lab2/ex10/text_to_cmd_vel'
[1.418s] INFO:colcon.colcon_core.plugin_system:Skipping extension 'colcon_core.shell.bat': Not used on non-Windows systems
[1.420s] INFO:colcon.colcon_core.shell:Skip shell extension 'powershell' for command environment: Not usable outside of PowerShell
[1.421s] DEBUG:colcon.colcon_core.shell:Skip shell extension 'dsv' for command environment
[1.578s] DEBUG:colcon.colcon_core.event_handler.log_command:Invoking command in '/mnt/c/Users/game_/Desktop/Work/ROBOTECH/lab2/ex10/build/text_to_cmd_vel': CMAKE_PREFIX_PATH=${CMAKE_PREFIX_PATH}:/root/ros2_ws/install/examples_rclpy_minimal_subscriber:/root/ros2_ws/install/examples_rclpy_minimal_service:/root/ros2_ws/install/examples_rclpy_minimal_publisher:/root/ros2_ws/install/examples_rclpy_minimal_client:/root/ros2_ws/install/examples_rclpy_minimal_action_server:/root/ros2_ws/install/examples_rclpy_minimal_action_client:/root/ros2_ws/install/examples_rclpy_guard_conditions:/root/ros2_ws/install/examples_rclpy_executors:/opt/ros/humble /usr/bin/cmake /mnt/c/Users/game_/Desktop/Work/ROBOTECH/lab2/ex10/text_to_cmd_vel -DCMAKE_INSTALL_PREFIX=/mnt/c/Users/game_/Desktop/Work/ROBOTECH/lab2/ex10/install/text_to_cmd_vel
[154.185s] DEBUG:colcon.colcon_core.event_handler.log_command:Invoked command in '/mnt/c/Users/game_/Desktop/Work/ROBOTECH/lab2/ex10/build/text_to_cmd_vel' returned '0': CMAKE_PREFIX_PATH=${CMAKE_PREFIX_PATH}:/root/ros2_ws/install/examples_rclpy_minimal_subscriber:/root/ros2_ws/install/examples_rclpy_minimal_service:/root/ros2_ws/install/examples_rclpy_minimal_publisher:/root/ros2_ws/install/examples_rclpy_minimal_client:/root/ros2_ws/install/examples_rclpy_minimal_action_server:/root/ros2_ws/install/examples_rclpy_minimal_action_client:/root/ros2_ws/install/examples_rclpy_guard_conditions:/root/ros2_ws/install/examples_rclpy_executors:/opt/ros/humble /usr/bin/cmake /mnt/c/Users/game_/Desktop/Work/ROBOTECH/lab2/ex10/text_to_cmd_vel -DCMAKE_INSTALL_PREFIX=/mnt/c/Users/game_/Desktop/Work/ROBOTECH/lab2/ex10/install/text_to_cmd_vel
[154.225s] DEBUG:colcon.colcon_core.event_handler.log_command:Invoking command in '/mnt/c/Users/game_/Desktop/Work/ROBOTECH/lab2/ex10/build/text_to_cmd_vel': CMAKE_PREFIX_PATH=${CMAKE_PREFIX_PATH}:/root/ros2_ws/install/examples_rclpy_minimal_subscriber:/root/ros2_ws/install/examples_rclpy_minimal_service:/root/ros2_ws/install/examples_rclpy_minimal_publisher:/root/ros2_ws/install/examples_rclpy_minimal_client:/root/ros2_ws/install/examples_rclpy_minimal_action_server:/root/ros2_ws/install/examples_rclpy_minimal_action_client:/root/ros2_ws/install/examples_rclpy_guard_conditions:/root/ros2_ws/install/examples_rclpy_executors:/opt/ros/humble /usr/bin/cmake --build /mnt/c/Users/game_/Desktop/Work/ROBOTECH/lab2/ex10/build/text_to_cmd_vel -- -j16 -l16
[172.198s] DEBUG:colcon.colcon_core.event_handler.log_command:Invoked command in '/mnt/c/Users/game_/Desktop/Work/ROBOTECH/lab2/ex10/build/text_to_cmd_vel' returned '2': CMAKE_PREFIX_PATH=${CMAKE_PREFIX_PATH}:/root/ros2_ws/install/examples_rclpy_minimal_subscriber:/root/ros2_ws/install/examples_rclpy_minimal_service:/root/ros2_ws/install/examples_rclpy_minimal_publisher:/root/ros2_ws/install/examples_rclpy_minimal_client:/root/ros2_ws/install/examples_rclpy_minimal_action_server:/root/ros2_ws/install/examples_rclpy_minimal_action_client:/root/ros2_ws/install/examples_rclpy_guard_conditions:/root/ros2_ws/install/examples_rclpy_executors:/opt/ros/humble /usr/bin/cmake --build /mnt/c/Users/game_/Desktop/Work/ROBOTECH/lab2/ex10/build/text_to_cmd_vel -- -j16 -l16
[172.285s] Level 1:colcon.colcon_core.environment:create_environment_scripts_only(text_to_cmd_vel)
[172.295s] Level 1:colcon.colcon_core.environment:checking '/mnt/c/Users/game_/Desktop/Work/ROBOTECH/lab2/ex10/install/text_to_cmd_vel' for CMake module files
[172.335s] Level 1:colcon.colcon_core.environment:checking '/mnt/c/Users/game_/Desktop/Work/ROBOTECH/lab2/ex10/install/text_to_cmd_vel' for CMake config files
[172.341s] Level 1:colcon.colcon_core.environment:checking '/mnt/c/Users/game_/Desktop/Work/ROBOTECH/lab2/ex10/install/text_to_cmd_vel/bin'
[172.343s] Level 1:colcon.colcon_core.environment:checking '/mnt/c/Users/game_/Desktop/Work/ROBOTECH/lab2/ex10/install/text_to_cmd_vel/lib/pkgconfig/text_to_cmd_vel.pc'
[172.345s] Level 1:colcon.colcon_core.environment:checking '/mnt/c/Users/game_/Desktop/Work/ROBOTECH/lab2/ex10/install/text_to_cmd_vel/lib/python3.10/site-packages'
[172.348s] Level 1:colcon.colcon_core.environment:checking '/mnt/c/Users/game_/Desktop/Work/ROBOTECH/lab2/ex10/install/text_to_cmd_vel/bin'
[172.351s] INFO:colcon.colcon_core.shell:Creating package script '/mnt/c/Users/game_/Desktop/Work/ROBOTECH/lab2/ex10/install/text_to_cmd_vel/share/text_to_cmd_vel/package.ps1'
[172.391s] INFO:colcon.colcon_core.shell:Creating package descriptor '/mnt/c/Users/game_/Desktop/Work/ROBOTECH/lab2/ex10/install/text_to_cmd_vel/share/text_to_cmd_vel/package.dsv'
[172.425s] INFO:colcon.colcon_core.shell:Creating package script '/mnt/c/Users/game_/Desktop/Work/ROBOTECH/lab2/ex10/install/text_to_cmd_vel/share/text_to_cmd_vel/package.sh'
[172.466s] INFO:colcon.colcon_core.shell:Creating package script '/mnt/c/Users/game_/Desktop/Work/ROBOTECH/lab2/ex10/install/text_to_cmd_vel/share/text_to_cmd_vel/package.bash'
[172.496s] INFO:colcon.colcon_core.shell:Creating package script '/mnt/c/Users/game_/Desktop/Work/ROBOTECH/lab2/ex10/install/text_to_cmd_vel/share/text_to_cmd_vel/package.zsh'
[172.525s] Level 1:colcon.colcon_core.environment:create_file_with_runtime_dependencies(/mnt/c/Users/game_/Desktop/Work/ROBOTECH/lab2/ex10/install/text_to_cmd_vel/share/colcon-core/packages/text_to_cmd_vel)
[172.564s] DEBUG:colcon.colcon_parallel_executor.executor.parallel:closing loop
[172.565s] DEBUG:colcon.colcon_parallel_executor.executor.parallel:loop closed
[172.566s] DEBUG:colcon.colcon_parallel_executor.executor.parallel:run_until_complete finished with '2'
[172.567s] DEBUG:colcon.colcon_core.event_reactor:joining thread
[172.694s] INFO:colcon.colcon_core.plugin_system:Skipping extension 'colcon_notification.desktop_notification.notify_send': Could not find 'notify-send'
[172.695s] INFO:colcon.colcon_core.plugin_system:Skipping extension 'colcon_notification.desktop_notification.terminal_notifier': Not used on non-Darwin systems
[172.695s] INFO:colcon.colcon_core.plugin_system:Skipping extension 'colcon_notification.desktop_notification.win32': Not used on non-Windows systems
[172.696s] INFO:colcon.colcon_notification.desktop_notification:Sending desktop notification using 'notify2'
[172.696s] DEBUG:colcon.colcon_notification.desktop_notification.notify2:Failed to initialize notify2: org.freedesktop.DBus.Error.FileNotFound: Failed to connect to socket /run/user/0/bus: No such file or directory
[172.697s] DEBUG:colcon.colcon_core.event_reactor:joined thread
[172.698s] INFO:colcon.colcon_core.shell:Creating prefix script '/mnt/c/Users/game_/Desktop/Work/ROBOTECH/lab2/ex10/install/local_setup.ps1'
[172.712s] INFO:colcon.colcon_core.shell:Creating prefix util module '/mnt/c/Users/game_/Desktop/Work/ROBOTECH/lab2/ex10/install/_local_setup_util_ps1.py'
[172.726s] INFO:colcon.colcon_core.shell:Creating prefix chain script '/mnt/c/Users/game_/Desktop/Work/ROBOTECH/lab2/ex10/install/setup.ps1'
[172.741s] INFO:colcon.colcon_core.shell:Creating prefix script '/mnt/c/Users/game_/Desktop/Work/ROBOTECH/lab2/ex10/install/local_setup.sh'
[172.754s] INFO:colcon.colcon_core.shell:Creating prefix util module '/mnt/c/Users/game_/Desktop/Work/ROBOTECH/lab2/ex10/install/_local_setup_util_sh.py'
[172.790s] INFO:colcon.colcon_core.shell:Creating prefix chain script '/mnt/c/Users/game_/Desktop/Work/ROBOTECH/lab2/ex10/install/setup.sh'
[172.803s] INFO:colcon.colcon_core.shell:Creating prefix script '/mnt/c/Users/game_/Desktop/Work/ROBOTECH/lab2/ex10/install/local_setup.bash'
[172.817s] INFO:colcon.colcon_core.shell:Creating prefix chain script '/mnt/c/Users/game_/Desktop/Work/ROBOTECH/lab2/ex10/install/setup.bash'
[172.834s] INFO:colcon.colcon_core.shell:Creating prefix script '/mnt/c/Users/game_/Desktop/Work/ROBOTECH/lab2/ex10/install/local_setup.zsh'
[172.848s] INFO:colcon.colcon_core.shell:Creating prefix chain script '/mnt/c/Users/game_/Desktop/Work/ROBOTECH/lab2/ex10/install/setup.zsh'
