[35m[1mConsolidate compiler generated dependencies of target minimal_turtle[0m
[ 50%] [32mBuilding CXX object CMakeFiles/minimal_turtle.dir/src/minimal_turtle.cpp.o[0m
[100%] [32m[1mLinking CXX executable minimal_turtle[0m
[100%] Built target minimal_turtle
-- Install configuration: ""
-- Installing: /home/axenox/ros2_ws/src/text_to_cmd_vel/install/text_to_cmd_vel/lib/text_to_cmd_vel/minimal_turtle
-- Set runtime path of "/home/axenox/ros2_ws/src/text_to_cmd_vel/install/text_to_cmd_vel/lib/text_to_cmd_vel/minimal_turtle" to ""
-- Up-to-date: /home/axenox/ros2_ws/src/text_to_cmd_vel/install/text_to_cmd_vel/share/ament_index/resource_index/package_run_dependencies/text_to_cmd_vel
-- Up-to-date: /home/axenox/ros2_ws/src/text_to_cmd_vel/install/text_to_cmd_vel/share/ament_index/resource_index/parent_prefix_path/text_to_cmd_vel
-- Up-to-date: /home/axenox/ros2_ws/src/text_to_cmd_vel/install/text_to_cmd_vel/share/text_to_cmd_vel/environment/ament_prefix_path.sh
-- Up-to-date: /home/axenox/ros2_ws/src/text_to_cmd_vel/install/text_to_cmd_vel/share/text_to_cmd_vel/environment/ament_prefix_path.dsv
-- Up-to-date: /home/axenox/ros2_ws/src/text_to_cmd_vel/install/text_to_cmd_vel/share/text_to_cmd_vel/environment/path.sh
-- Up-to-date: /home/axenox/ros2_ws/src/text_to_cmd_vel/install/text_to_cmd_vel/share/text_to_cmd_vel/environment/path.dsv
-- Up-to-date: /home/axenox/ros2_ws/src/text_to_cmd_vel/install/text_to_cmd_vel/share/text_to_cmd_vel/local_setup.bash
-- Up-to-date: /home/axenox/ros2_ws/src/text_to_cmd_vel/install/text_to_cmd_vel/share/text_to_cmd_vel/local_setup.sh
-- Up-to-date: /home/axenox/ros2_ws/src/text_to_cmd_vel/install/text_to_cmd_vel/share/text_to_cmd_vel/local_setup.zsh
-- Up-to-date: /home/axenox/ros2_ws/src/text_to_cmd_vel/install/text_to_cmd_vel/share/text_to_cmd_vel/local_setup.dsv
-- Installing: /home/axenox/ros2_ws/src/text_to_cmd_vel/install/text_to_cmd_vel/share/text_to_cmd_vel/package.dsv
-- Up-to-date: /home/axenox/ros2_ws/src/text_to_cmd_vel/install/text_to_cmd_vel/share/ament_index/resource_index/packages/text_to_cmd_vel
-- Up-to-date: /home/axenox/ros2_ws/src/text_to_cmd_vel/install/text_to_cmd_vel/share/text_to_cmd_vel/cmake/text_to_cmd_velConfig.cmake
-- Up-to-date: /home/axenox/ros2_ws/src/text_to_cmd_vel/install/text_to_cmd_vel/share/text_to_cmd_vel/cmake/text_to_cmd_velConfig-version.cmake
-- Up-to-date: /home/axenox/ros2_ws/src/text_to_cmd_vel/install/text_to_cmd_vel/share/text_to_cmd_vel/package.xml
