-- The C compiler identification is GNU 11.4.0
-- The CXX compiler identification is GNU 11.4.0
-- Detecting C compiler ABI info
-- Detecting C compiler ABI info - done
-- Check for working C compiler: /usr/bin/cc - skipped
-- Detecting C compile features
-- Detecting C compile features - done
-- Detecting CXX compiler ABI info
-- Detecting CXX compiler ABI info - done
-- Check for working CXX compiler: /usr/bin/c++ - skipped
-- Detecting CXX compile features
-- Detecting CXX compile features - done
-- Found ament_cmake: 1.3.5 (/opt/ros/humble/share/ament_cmake/cmake)
-- Found Python3: /usr/bin/python3.10 (found version "3.10.12") found components: Interpreter 
CMake Error at CMakeLists.txt:10 (find_package):
  By not providing "Find[std_msgs,rclpy,rclcpp].cmake" in CMAKE_MODULE_PATH
  this project has asked CMake to find a package configuration file provided
  by "[std_msgs,rclpy,rclcpp]", but CMake did not find one.

  Could not find a package configuration file provided by
  "[std_msgs,rclpy,rclcpp]" with any of the following names:

    [std_msgs,rclpy,rclcpp]Config.cmake
    [std_msgs,rclpy,rclcpp]-config.cmake

  Add the installation prefix of "[std_msgs,rclpy,rclcpp]" to
  CMAKE_PREFIX_PATH or set "[std_msgs,rclpy,rclcpp]_DIR" to a directory
  containing one of the above files.  If "[std_msgs,rclpy,rclcpp]" provides a
  separate development package or SDK, be sure it has been installed.


-- Configuring incomplete, errors occurred!
See also "/mnt/c/Users/game_/Desktop/Work/ROBOTECH/lab2/ex03/build/axenox/CMakeFiles/CMakeOutput.log".
