[0.072s] Invoking command in '/mnt/c/Users/game_/Desktop/Work/ROBOTECH/lab2/ex03/build/axenox': CMAKE_PREFIX_PATH=${CMAKE_PREFIX_PATH}:/root/ros2_ws/install/examples_rclpy_minimal_subscriber:/root/ros2_ws/install/examples_rclpy_minimal_service:/root/ros2_ws/install/examples_rclpy_minimal_publisher:/root/ros2_ws/install/examples_rclpy_minimal_client:/root/ros2_ws/install/examples_rclpy_minimal_action_server:/root/ros2_ws/install/examples_rclpy_minimal_action_client:/root/ros2_ws/install/examples_rclpy_guard_conditions:/root/ros2_ws/install/examples_rclpy_executors:/opt/ros/humble /usr/bin/cmake /mnt/c/Users/game_/Desktop/Work/ROBOTECH/lab2/ex03/axenox -DCMAKE_INSTALL_PREFIX=/mnt/c/Users/game_/Desktop/Work/ROBOTECH/lab2/ex03/install/axenox
[0.791s] -- The C compiler identification is GNU 11.4.0
[1.987s] -- The CXX compiler identification is GNU 11.4.0
[2.639s] -- Detecting C compiler ABI info
[3.782s] -- Detecting C compiler ABI info - done
[3.825s] -- Check for working C compiler: /usr/bin/cc - skipped
[3.827s] -- Detecting C compile features
[3.829s] -- Detecting C compile features - done
[3.925s] -- Detecting CXX compiler ABI info
[5.019s] -- Detecting CXX compiler ABI info - done
[5.063s] -- Check for working CXX compiler: /usr/bin/c++ - skipped
[5.065s] -- Detecting CXX compile features
[5.067s] -- Detecting CXX compile features - done
[5.167s] -- Found ament_cmake: 1.3.5 (/opt/ros/humble/share/ament_cmake/cmake)
[5.376s] -- Found Python3: /usr/bin/python3.10 (found version "3.10.12") found components: Interpreter 
[7.644s] CMake Error at CMakeLists.txt:10 (find_package):
[7.646s]   By not providing "Find[std_msgs,rclpy,rclcpp].cmake" in CMAKE_MODULE_PATH
[7.648s]   this project has asked CMake to find a package configuration file provided
[7.651s]   by "[std_msgs,rclpy,rclcpp]", but CMake did not find one.
[7.653s] 
[7.655s]   Could not find a package configuration file provided by
[7.657s]   "[std_msgs,rclpy,rclcpp]" with any of the following names:
[7.660s] 
[7.663s]     [std_msgs,rclpy,rclcpp]Config.cmake
[7.665s]     [std_msgs,rclpy,rclcpp]-config.cmake
[7.668s] 
[7.670s]   Add the installation prefix of "[std_msgs,rclpy,rclcpp]" to
[7.672s]   CMAKE_PREFIX_PATH or set "[std_msgs,rclpy,rclcpp]_DIR" to a directory
[7.675s]   containing one of the above files.  If "[std_msgs,rclpy,rclcpp]" provides a
[7.677s]   separate development package or SDK, be sure it has been installed.
[7.679s] 
[7.681s] 
[7.683s] -- Configuring incomplete, errors occurred!
[7.686s] See also "/mnt/c/Users/game_/Desktop/Work/ROBOTECH/lab2/ex03/build/axenox/CMakeFiles/CMakeOutput.log".
[7.687s] Invoked command in '/mnt/c/Users/game_/Desktop/Work/ROBOTECH/lab2/ex03/build/axenox' returned '1': CMAKE_PREFIX_PATH=${CMAKE_PREFIX_PATH}:/root/ros2_ws/install/examples_rclpy_minimal_subscriber:/root/ros2_ws/install/examples_rclpy_minimal_service:/root/ros2_ws/install/examples_rclpy_minimal_publisher:/root/ros2_ws/install/examples_rclpy_minimal_client:/root/ros2_ws/install/examples_rclpy_minimal_action_server:/root/ros2_ws/install/examples_rclpy_minimal_action_client:/root/ros2_ws/install/examples_rclpy_guard_conditions:/root/ros2_ws/install/examples_rclpy_executors:/opt/ros/humble /usr/bin/cmake /mnt/c/Users/game_/Desktop/Work/ROBOTECH/lab2/ex03/axenox -DCMAKE_INSTALL_PREFIX=/mnt/c/Users/game_/Desktop/Work/ROBOTECH/lab2/ex03/install/axenox
