[0.114s] Invoking command in '/mnt/c/Users/game_/Desktop/Work/ROBOTECH/lab2/ex03/build/axenox': CMAKE_PREFIX_PATH=${CMAKE_PREFIX_PATH}:/root/ros2_ws/install/examples_rclpy_minimal_subscriber:/root/ros2_ws/install/examples_rclpy_minimal_service:/root/ros2_ws/install/examples_rclpy_minimal_publisher:/root/ros2_ws/install/examples_rclpy_minimal_client:/root/ros2_ws/install/examples_rclpy_minimal_action_server:/root/ros2_ws/install/examples_rclpy_minimal_action_client:/root/ros2_ws/install/examples_rclpy_guard_conditions:/root/ros2_ws/install/examples_rclpy_executors:/opt/ros/humble /usr/bin/cmake --build /mnt/c/Users/game_/Desktop/Work/ROBOTECH/lab2/ex03/build/axenox -- -j16 -l16
[0.251s] Invoked command in '/mnt/c/Users/game_/Desktop/Work/ROBOTECH/lab2/ex03/build/axenox' returned '0': CMAKE_PREFIX_PATH=${CMAKE_PREFIX_PATH}:/root/ros2_ws/install/examples_rclpy_minimal_subscriber:/root/ros2_ws/install/examples_rclpy_minimal_service:/root/ros2_ws/install/examples_rclpy_minimal_publisher:/root/ros2_ws/install/examples_rclpy_minimal_client:/root/ros2_ws/install/examples_rclpy_minimal_action_server:/root/ros2_ws/install/examples_rclpy_minimal_action_client:/root/ros2_ws/install/examples_rclpy_guard_conditions:/root/ros2_ws/install/examples_rclpy_executors:/opt/ros/humble /usr/bin/cmake --build /mnt/c/Users/game_/Desktop/Work/ROBOTECH/lab2/ex03/build/axenox -- -j16 -l16
[0.324s] Invoking command in '/mnt/c/Users/game_/Desktop/Work/ROBOTECH/lab2/ex03/build/axenox': CMAKE_PREFIX_PATH=${CMAKE_PREFIX_PATH}:/root/ros2_ws/install/examples_rclpy_minimal_subscriber:/root/ros2_ws/install/examples_rclpy_minimal_service:/root/ros2_ws/install/examples_rclpy_minimal_publisher:/root/ros2_ws/install/examples_rclpy_minimal_client:/root/ros2_ws/install/examples_rclpy_minimal_action_server:/root/ros2_ws/install/examples_rclpy_minimal_action_client:/root/ros2_ws/install/examples_rclpy_guard_conditions:/root/ros2_ws/install/examples_rclpy_executors:/opt/ros/humble /usr/bin/cmake --install /mnt/c/Users/game_/Desktop/Work/ROBOTECH/lab2/ex03/build/axenox
[0.338s] -- Install configuration: ""
[0.392s] -- Up-to-date: /mnt/c/Users/game_/Desktop/Work/ROBOTECH/lab2/ex03/install/axenox/share/ament_index/resource_index/package_run_dependencies/axenox
[0.456s] -- Up-to-date: /mnt/c/Users/game_/Desktop/Work/ROBOTECH/lab2/ex03/install/axenox/share/ament_index/resource_index/parent_prefix_path/axenox
[0.488s] -- Up-to-date: /mnt/c/Users/game_/Desktop/Work/ROBOTECH/lab2/ex03/install/axenox/share/axenox/environment/ament_prefix_path.sh
[0.529s] -- Up-to-date: /mnt/c/Users/game_/Desktop/Work/ROBOTECH/lab2/ex03/install/axenox/share/axenox/environment/ament_prefix_path.dsv
[0.562s] -- Up-to-date: /mnt/c/Users/game_/Desktop/Work/ROBOTECH/lab2/ex03/install/axenox/share/axenox/environment/path.sh
[0.605s] -- Up-to-date: /mnt/c/Users/game_/Desktop/Work/ROBOTECH/lab2/ex03/install/axenox/share/axenox/environment/path.dsv
[0.643s] -- Up-to-date: /mnt/c/Users/game_/Desktop/Work/ROBOTECH/lab2/ex03/install/axenox/share/axenox/local_setup.bash
[0.682s] -- Up-to-date: /mnt/c/Users/game_/Desktop/Work/ROBOTECH/lab2/ex03/install/axenox/share/axenox/local_setup.sh
[0.720s] -- Up-to-date: /mnt/c/Users/game_/Desktop/Work/ROBOTECH/lab2/ex03/install/axenox/share/axenox/local_setup.zsh
[0.756s] -- Up-to-date: /mnt/c/Users/game_/Desktop/Work/ROBOTECH/lab2/ex03/install/axenox/share/axenox/local_setup.dsv
[0.797s] -- Installing: /mnt/c/Users/game_/Desktop/Work/ROBOTECH/lab2/ex03/install/axenox/share/axenox/package.dsv
[0.949s] -- Up-to-date: /mnt/c/Users/game_/Desktop/Work/ROBOTECH/lab2/ex03/install/axenox/share/ament_index/resource_index/packages/axenox
[0.991s] -- Up-to-date: /mnt/c/Users/game_/Desktop/Work/ROBOTECH/lab2/ex03/install/axenox/share/axenox/cmake/axenoxConfig.cmake
[1.025s] -- Up-to-date: /mnt/c/Users/game_/Desktop/Work/ROBOTECH/lab2/ex03/install/axenox/share/axenox/cmake/axenoxConfig-version.cmake
[1.063s] -- Up-to-date: /mnt/c/Users/game_/Desktop/Work/ROBOTECH/lab2/ex03/install/axenox/share/axenox/package.xml
[1.081s] Invoked command in '/mnt/c/Users/game_/Desktop/Work/ROBOTECH/lab2/ex03/build/axenox' returned '0': CMAKE_PREFIX_PATH=${CMAKE_PREFIX_PATH}:/root/ros2_ws/install/examples_rclpy_minimal_subscriber:/root/ros2_ws/install/examples_rclpy_minimal_service:/root/ros2_ws/install/examples_rclpy_minimal_publisher:/root/ros2_ws/install/examples_rclpy_minimal_client:/root/ros2_ws/install/examples_rclpy_minimal_action_server:/root/ros2_ws/install/examples_rclpy_minimal_action_client:/root/ros2_ws/install/examples_rclpy_guard_conditions:/root/ros2_ws/install/examples_rclpy_executors:/opt/ros/humble /usr/bin/cmake --install /mnt/c/Users/game_/Desktop/Work/ROBOTECH/lab2/ex03/build/axenox
