[0.092s] Invoking command in '/mnt/c/Users/game_/Desktop/Work/ROBOTECH/lab2/ex03/build/axenox': CMAKE_PREFIX_PATH=${CMAKE_PREFIX_PATH}:/root/ros2_ws/install/examples_rclpy_minimal_subscriber:/root/ros2_ws/install/examples_rclpy_minimal_service:/root/ros2_ws/install/examples_rclpy_minimal_publisher:/root/ros2_ws/install/examples_rclpy_minimal_client:/root/ros2_ws/install/examples_rclpy_minimal_action_server:/root/ros2_ws/install/examples_rclpy_minimal_action_client:/root/ros2_ws/install/examples_rclpy_guard_conditions:/root/ros2_ws/install/examples_rclpy_executors:/opt/ros/humble /usr/bin/cmake /mnt/c/Users/game_/Desktop/Work/ROBOTECH/lab2/ex03/axenox -DCMAKE_INSTALL_PREFIX=/mnt/c/Users/game_/Desktop/Work/ROBOTECH/lab2/ex03/install/axenox
[0.182s] -- Found ament_cmake: 1.3.5 (/opt/ros/humble/share/ament_cmake/cmake)
[0.425s] -- Found std_msgs: 4.2.3 (/opt/ros/humble/share/std_msgs/cmake)
[0.680s] -- Found rosidl_generator_c: 3.1.5 (/opt/ros/humble/share/rosidl_generator_c/cmake)
[0.690s] -- Found rosidl_adapter: 3.1.5 (/opt/ros/humble/share/rosidl_adapter/cmake)
[0.706s] -- Found rosidl_generator_cpp: 3.1.5 (/opt/ros/humble/share/rosidl_generator_cpp/cmake)
[0.740s] -- Using all available rosidl_typesupport_c: rosidl_typesupport_fastrtps_c;rosidl_typesupport_introspection_c
[0.777s] -- Using all available rosidl_typesupport_cpp: rosidl_typesupport_fastrtps_cpp;rosidl_typesupport_introspection_cpp
[0.862s] -- Found rclpy: 3.3.9 (/opt/ros/humble/share/rclpy/cmake)
[0.866s] -- Found rclcpp: 16.0.5 (/opt/ros/humble/share/rclcpp/cmake)
[0.977s] -- Found rmw_implementation_cmake: 6.1.1 (/opt/ros/humble/share/rmw_implementation_cmake/cmake)
[0.990s] -- Found rmw_fastrtps_cpp: 6.2.3 (/opt/ros/humble/share/rmw_fastrtps_cpp/cmake)
[3.038s] -- Found OpenSSL: /usr/lib/x86_64-linux-gnu/libcrypto.so (found version "3.0.2")  
[5.038s] -- Found FastRTPS: /opt/ros/humble/include  
[8.657s] -- Using RMW implementation 'rmw_fastrtps_cpp' as default
[8.744s] -- Looking for pthread.h
[9.716s] -- Looking for pthread.h - found
[9.737s] -- Performing Test CMAKE_HAVE_LIBC_PTHREAD
[10.896s] -- Performing Test CMAKE_HAVE_LIBC_PTHREAD - Success
[10.906s] -- Found Threads: TRUE  
[11.053s] -- Found ament_lint_auto: 0.12.7 (/opt/ros/humble/share/ament_lint_auto/cmake)
[12.192s] -- Added test 'lint_cmake' to check CMake code style
[12.610s] -- Added test 'xmllint' to check XML markup files
[12.826s] -- Configuring done
[13.426s] -- Generating done
[13.591s] -- Build files have been written to: /mnt/c/Users/game_/Desktop/Work/ROBOTECH/lab2/ex03/build/axenox
[13.602s] Invoked command in '/mnt/c/Users/game_/Desktop/Work/ROBOTECH/lab2/ex03/build/axenox' returned '0': CMAKE_PREFIX_PATH=${CMAKE_PREFIX_PATH}:/root/ros2_ws/install/examples_rclpy_minimal_subscriber:/root/ros2_ws/install/examples_rclpy_minimal_service:/root/ros2_ws/install/examples_rclpy_minimal_publisher:/root/ros2_ws/install/examples_rclpy_minimal_client:/root/ros2_ws/install/examples_rclpy_minimal_action_server:/root/ros2_ws/install/examples_rclpy_minimal_action_client:/root/ros2_ws/install/examples_rclpy_guard_conditions:/root/ros2_ws/install/examples_rclpy_executors:/opt/ros/humble /usr/bin/cmake /mnt/c/Users/game_/Desktop/Work/ROBOTECH/lab2/ex03/axenox -DCMAKE_INSTALL_PREFIX=/mnt/c/Users/game_/Desktop/Work/ROBOTECH/lab2/ex03/install/axenox
[13.630s] Invoking command in '/mnt/c/Users/game_/Desktop/Work/ROBOTECH/lab2/ex03/build/axenox': CMAKE_PREFIX_PATH=${CMAKE_PREFIX_PATH}:/root/ros2_ws/install/examples_rclpy_minimal_subscriber:/root/ros2_ws/install/examples_rclpy_minimal_service:/root/ros2_ws/install/examples_rclpy_minimal_publisher:/root/ros2_ws/install/examples_rclpy_minimal_client:/root/ros2_ws/install/examples_rclpy_minimal_action_server:/root/ros2_ws/install/examples_rclpy_minimal_action_client:/root/ros2_ws/install/examples_rclpy_guard_conditions:/root/ros2_ws/install/examples_rclpy_executors:/opt/ros/humble /usr/bin/cmake --build /mnt/c/Users/game_/Desktop/Work/ROBOTECH/lab2/ex03/build/axenox -- -j16 -l16
[13.816s] Invoked command in '/mnt/c/Users/game_/Desktop/Work/ROBOTECH/lab2/ex03/build/axenox' returned '0': CMAKE_PREFIX_PATH=${CMAKE_PREFIX_PATH}:/root/ros2_ws/install/examples_rclpy_minimal_subscriber:/root/ros2_ws/install/examples_rclpy_minimal_service:/root/ros2_ws/install/examples_rclpy_minimal_publisher:/root/ros2_ws/install/examples_rclpy_minimal_client:/root/ros2_ws/install/examples_rclpy_minimal_action_server:/root/ros2_ws/install/examples_rclpy_minimal_action_client:/root/ros2_ws/install/examples_rclpy_guard_conditions:/root/ros2_ws/install/examples_rclpy_executors:/opt/ros/humble /usr/bin/cmake --build /mnt/c/Users/game_/Desktop/Work/ROBOTECH/lab2/ex03/build/axenox -- -j16 -l16
[13.897s] Invoking command in '/mnt/c/Users/game_/Desktop/Work/ROBOTECH/lab2/ex03/build/axenox': CMAKE_PREFIX_PATH=${CMAKE_PREFIX_PATH}:/root/ros2_ws/install/examples_rclpy_minimal_subscriber:/root/ros2_ws/install/examples_rclpy_minimal_service:/root/ros2_ws/install/examples_rclpy_minimal_publisher:/root/ros2_ws/install/examples_rclpy_minimal_client:/root/ros2_ws/install/examples_rclpy_minimal_action_server:/root/ros2_ws/install/examples_rclpy_minimal_action_client:/root/ros2_ws/install/examples_rclpy_guard_conditions:/root/ros2_ws/install/examples_rclpy_executors:/opt/ros/humble /usr/bin/cmake --install /mnt/c/Users/game_/Desktop/Work/ROBOTECH/lab2/ex03/build/axenox
[13.909s] -- Install configuration: ""
[13.986s] -- Installing: /mnt/c/Users/game_/Desktop/Work/ROBOTECH/lab2/ex03/install/axenox/share/ament_index/resource_index/package_run_dependencies/axenox
[14.240s] -- Installing: /mnt/c/Users/game_/Desktop/Work/ROBOTECH/lab2/ex03/install/axenox/share/ament_index/resource_index/parent_prefix_path/axenox
[14.441s] -- Installing: /mnt/c/Users/game_/Desktop/Work/ROBOTECH/lab2/ex03/install/axenox/share/axenox/environment/ament_prefix_path.sh
[14.575s] -- Installing: /mnt/c/Users/game_/Desktop/Work/ROBOTECH/lab2/ex03/install/axenox/share/axenox/environment/ament_prefix_path.dsv
[14.717s] -- Installing: /mnt/c/Users/game_/Desktop/Work/ROBOTECH/lab2/ex03/install/axenox/share/axenox/environment/path.sh
[14.852s] -- Installing: /mnt/c/Users/game_/Desktop/Work/ROBOTECH/lab2/ex03/install/axenox/share/axenox/environment/path.dsv
[14.987s] -- Installing: /mnt/c/Users/game_/Desktop/Work/ROBOTECH/lab2/ex03/install/axenox/share/axenox/local_setup.bash
[15.100s] -- Installing: /mnt/c/Users/game_/Desktop/Work/ROBOTECH/lab2/ex03/install/axenox/share/axenox/local_setup.sh
[15.216s] -- Installing: /mnt/c/Users/game_/Desktop/Work/ROBOTECH/lab2/ex03/install/axenox/share/axenox/local_setup.zsh
[15.338s] -- Installing: /mnt/c/Users/game_/Desktop/Work/ROBOTECH/lab2/ex03/install/axenox/share/axenox/local_setup.dsv
[15.462s] -- Installing: /mnt/c/Users/game_/Desktop/Work/ROBOTECH/lab2/ex03/install/axenox/share/axenox/package.dsv
[15.630s] -- Installing: /mnt/c/Users/game_/Desktop/Work/ROBOTECH/lab2/ex03/install/axenox/share/ament_index/resource_index/packages/axenox
[15.815s] -- Installing: /mnt/c/Users/game_/Desktop/Work/ROBOTECH/lab2/ex03/install/axenox/share/axenox/cmake/axenoxConfig.cmake
[15.950s] -- Installing: /mnt/c/Users/game_/Desktop/Work/ROBOTECH/lab2/ex03/install/axenox/share/axenox/cmake/axenoxConfig-version.cmake
[16.108s] -- Installing: /mnt/c/Users/game_/Desktop/Work/ROBOTECH/lab2/ex03/install/axenox/share/axenox/package.xml
[16.213s] Invoked command in '/mnt/c/Users/game_/Desktop/Work/ROBOTECH/lab2/ex03/build/axenox' returned '0': CMAKE_PREFIX_PATH=${CMAKE_PREFIX_PATH}:/root/ros2_ws/install/examples_rclpy_minimal_subscriber:/root/ros2_ws/install/examples_rclpy_minimal_service:/root/ros2_ws/install/examples_rclpy_minimal_publisher:/root/ros2_ws/install/examples_rclpy_minimal_client:/root/ros2_ws/install/examples_rclpy_minimal_action_server:/root/ros2_ws/install/examples_rclpy_minimal_action_client:/root/ros2_ws/install/examples_rclpy_guard_conditions:/root/ros2_ws/install/examples_rclpy_executors:/opt/ros/humble /usr/bin/cmake --install /mnt/c/Users/game_/Desktop/Work/ROBOTECH/lab2/ex03/build/axenox
