[0.096s] Invoking command in '/mnt/c/Users/game_/Desktop/Work/ROBOTECH/lab2/ex03/build/axenox': CMAKE_PREFIX_PATH=${CMAKE_PREFIX_PATH}:/root/ros2_ws/install/examples_rclpy_minimal_subscriber:/root/ros2_ws/install/examples_rclpy_minimal_service:/root/ros2_ws/install/examples_rclpy_minimal_publisher:/root/ros2_ws/install/examples_rclpy_minimal_client:/root/ros2_ws/install/examples_rclpy_minimal_action_server:/root/ros2_ws/install/examples_rclpy_minimal_action_client:/root/ros2_ws/install/examples_rclpy_guard_conditions:/root/ros2_ws/install/examples_rclpy_executors:/opt/ros/humble /usr/bin/cmake /mnt/c/Users/game_/Desktop/Work/ROBOTECH/lab2/ex03/axenox -DCMAKE_INSTALL_PREFIX=/mnt/c/Users/game_/Desktop/Work/ROBOTECH/lab2/ex03/install/axenox
[0.180s] -- Found ament_cmake: 1.3.5 (/opt/ros/humble/share/ament_cmake/cmake)
[2.335s] [31mCMake Error at CMakeLists.txt:10 (find_package):
[2.337s]   By not providing "Findstd_msgs,rclpy,rclcpp.cmake" in CMAKE_MODULE_PATH
[2.339s]   this project has asked CMake to find a package configuration file provided
[2.341s]   by "std_msgs,rclpy,rclcpp", but CMake did not find one.
[2.343s] 
[2.345s]   Could not find a package configuration file provided by
[2.347s]   "std_msgs,rclpy,rclcpp" with any of the following names:
[2.349s] 
[2.351s]     std_msgs,rclpy,rclcppConfig.cmake
[2.354s]     std_msgs,rclpy,rclcpp-config.cmake
[2.356s] 
[2.358s]   Add the installation prefix of "std_msgs,rclpy,rclcpp" to CMAKE_PREFIX_PATH
[2.360s]   or set "std_msgs,rclpy,rclcpp_DIR" to a directory containing one of the
[2.362s]   above files.  If "std_msgs,rclpy,rclcpp" provides a separate development
[2.365s]   package or SDK, be sure it has been installed.
[2.368s] 
[2.370s] [0m
[2.372s] -- Configuring incomplete, errors occurred!
[2.375s] See also "/mnt/c/Users/game_/Desktop/Work/ROBOTECH/lab2/ex03/build/axenox/CMakeFiles/CMakeOutput.log".
[2.376s] Invoked command in '/mnt/c/Users/game_/Desktop/Work/ROBOTECH/lab2/ex03/build/axenox' returned '1': CMAKE_PREFIX_PATH=${CMAKE_PREFIX_PATH}:/root/ros2_ws/install/examples_rclpy_minimal_subscriber:/root/ros2_ws/install/examples_rclpy_minimal_service:/root/ros2_ws/install/examples_rclpy_minimal_publisher:/root/ros2_ws/install/examples_rclpy_minimal_client:/root/ros2_ws/install/examples_rclpy_minimal_action_server:/root/ros2_ws/install/examples_rclpy_minimal_action_client:/root/ros2_ws/install/examples_rclpy_guard_conditions:/root/ros2_ws/install/examples_rclpy_executors:/opt/ros/humble /usr/bin/cmake /mnt/c/Users/game_/Desktop/Work/ROBOTECH/lab2/ex03/axenox -DCMAKE_INSTALL_PREFIX=/mnt/c/Users/game_/Desktop/Work/ROBOTECH/lab2/ex03/install/axenox
