[0.022s] Invoking command in '/home/axenox/ros2_ws/src/text_to_cmd_vel/build/text_to_cmd_vel': CMAKE_PREFIX_PATH=${CMAKE_PREFIX_PATH}:/opt/ros/humble /usr/bin/cmake --build /home/axenox/ros2_ws/src/text_to_cmd_vel/build/text_to_cmd_vel -- -j16 -l16
[0.092s] [35m[1mConsolidate compiler generated dependencies of target minimal_turtle[0m
[0.122s] [ 50%] [32mBuilding CXX object CMakeFiles/minimal_turtle.dir/src/minimal_turtle.cpp.o[0m
[2.786s] In file included from [01m[K/opt/ros/humble/include/rclcpp/rclcpp/logging.hpp:24[m[K,
[2.786s]                  from [01m[K/opt/ros/humble/include/rclcpp/rclcpp/client.hpp:40[m[K,
[2.786s]                  from [01m[K/opt/ros/humble/include/rclcpp/rclcpp/callback_group.hpp:24[m[K,
[2.786s]                  from [01m[K/opt/ros/humble/include/rclcpp/rclcpp/any_executable.hpp:20[m[K,
[2.786s]                  from [01m[K/opt/ros/humble/include/rclcpp/rclcpp/memory_strategy.hpp:25[m[K,
[2.786s]                  from [01m[K/opt/ros/humble/include/rclcpp/rclcpp/memory_strategies.hpp:18[m[K,
[2.786s]                  from [01m[K/opt/ros/humble/include/rclcpp/rclcpp/executor_options.hpp:20[m[K,
[2.787s]                  from [01m[K/opt/ros/humble/include/rclcpp/rclcpp/executor.hpp:37[m[K,
[2.787s]                  from [01m[K/opt/ros/humble/include/rclcpp/rclcpp/executors/multi_threaded_executor.hpp:25[m[K,
[2.787s]                  from [01m[K/opt/ros/humble/include/rclcpp/rclcpp/executors.hpp:21[m[K,
[2.787s]                  from [01m[K/opt/ros/humble/include/rclcpp/rclcpp/rclcpp.hpp:155[m[K,
[2.787s]                  from [01m[K/home/axenox/ros2_ws/src/text_to_cmd_vel/src/minimal_turtle.cpp:20[m[K:
[2.787s] [01m[K/home/axenox/ros2_ws/src/text_to_cmd_vel/src/minimal_turtle.cpp:[m[K In member function ‘[01m[Kvoid MinimalTurtle::topic_callback(const String&) const[m[K’:
[2.787s] [01m[K/home/axenox/ros2_ws/src/text_to_cmd_vel/src/minimal_turtle.cpp:49:37:[m[K [01;35m[Kwarning: [m[Kformat ‘[01m[K%u[m[K’ expects argument of type ‘[01m[Kunsigned int[m[K’, but argument 5 has type ‘[01m[Kstd::__cxx11::basic_string<char>::size_type[m[K’ {aka ‘[01m[Klong unsigned int[m[K’} [[01;35m[K]8;;https://gcc.gnu.org/onlinedocs/gcc/Warning-Options.html#index-Wformat=-Wformat=]8;;[m[K]
[2.788s]    49 |     RCLCPP_INFO(this->get_logger(), [01;35m[K"I heard: '%u'"[m[K,[32m[Kstr.size()[m[K);
[2.788s]       |                                     [01;35m[K^~~~~~~~~~~~~~~[m[K [32m[K~~~~~~~~~~[m[K
[2.788s]       |                                                             [32m[K|[m[K
[2.788s]       |                                                             [32m[Kstd::__cxx11::basic_string<char>::size_type {aka long unsigned int}[m[K
[2.788s] [01m[K/home/axenox/ros2_ws/src/text_to_cmd_vel/src/minimal_turtle.cpp:49:49:[m[K [01;36m[Knote: [m[Kformat string is defined here
[2.788s]    49 |     RCLCPP_INFO(this->get_logger(), "I heard: '[01;36m[K%u[m[K'",str.size());
[2.788s]       |                                                [01;36m[K~^[m[K
[2.789s]       |                                                 [01;36m[K|[m[K
[2.789s]       |                                                 [01;36m[Kunsigned int[m[K
[2.789s]       |                                                [32m[K%lu[m[K
[8.701s] [100%] [32m[1mLinking CXX executable minimal_turtle[0m
[9.125s] [100%] Built target minimal_turtle
[9.145s] Invoked command in '/home/axenox/ros2_ws/src/text_to_cmd_vel/build/text_to_cmd_vel' returned '0': CMAKE_PREFIX_PATH=${CMAKE_PREFIX_PATH}:/opt/ros/humble /usr/bin/cmake --build /home/axenox/ros2_ws/src/text_to_cmd_vel/build/text_to_cmd_vel -- -j16 -l16
[9.189s] Invoking command in '/home/axenox/ros2_ws/src/text_to_cmd_vel/build/text_to_cmd_vel': CMAKE_PREFIX_PATH=${CMAKE_PREFIX_PATH}:/opt/ros/humble /usr/bin/cmake --install /home/axenox/ros2_ws/src/text_to_cmd_vel/build/text_to_cmd_vel
[9.194s] -- Install configuration: ""
[9.195s] -- Installing: /home/axenox/ros2_ws/src/text_to_cmd_vel/install/text_to_cmd_vel/lib/text_to_cmd_vel/minimal_turtle
[9.198s] -- Set runtime path of "/home/axenox/ros2_ws/src/text_to_cmd_vel/install/text_to_cmd_vel/lib/text_to_cmd_vel/minimal_turtle" to ""
[9.198s] -- Up-to-date: /home/axenox/ros2_ws/src/text_to_cmd_vel/install/text_to_cmd_vel/share/ament_index/resource_index/package_run_dependencies/text_to_cmd_vel
[9.198s] -- Up-to-date: /home/axenox/ros2_ws/src/text_to_cmd_vel/install/text_to_cmd_vel/share/ament_index/resource_index/parent_prefix_path/text_to_cmd_vel
[9.198s] -- Up-to-date: /home/axenox/ros2_ws/src/text_to_cmd_vel/install/text_to_cmd_vel/share/text_to_cmd_vel/environment/ament_prefix_path.sh
[9.199s] -- Up-to-date: /home/axenox/ros2_ws/src/text_to_cmd_vel/install/text_to_cmd_vel/share/text_to_cmd_vel/environment/ament_prefix_path.dsv
[9.199s] -- Up-to-date: /home/axenox/ros2_ws/src/text_to_cmd_vel/install/text_to_cmd_vel/share/text_to_cmd_vel/environment/path.sh
[9.199s] -- Up-to-date: /home/axenox/ros2_ws/src/text_to_cmd_vel/install/text_to_cmd_vel/share/text_to_cmd_vel/environment/path.dsv
[9.199s] -- Up-to-date: /home/axenox/ros2_ws/src/text_to_cmd_vel/install/text_to_cmd_vel/share/text_to_cmd_vel/local_setup.bash
[9.199s] -- Up-to-date: /home/axenox/ros2_ws/src/text_to_cmd_vel/install/text_to_cmd_vel/share/text_to_cmd_vel/local_setup.sh
[9.199s] -- Up-to-date: /home/axenox/ros2_ws/src/text_to_cmd_vel/install/text_to_cmd_vel/share/text_to_cmd_vel/local_setup.zsh
[9.199s] -- Up-to-date: /home/axenox/ros2_ws/src/text_to_cmd_vel/install/text_to_cmd_vel/share/text_to_cmd_vel/local_setup.dsv
[9.200s] -- Installing: /home/axenox/ros2_ws/src/text_to_cmd_vel/install/text_to_cmd_vel/share/text_to_cmd_vel/package.dsv
[9.200s] -- Up-to-date: /home/axenox/ros2_ws/src/text_to_cmd_vel/install/text_to_cmd_vel/share/ament_index/resource_index/packages/text_to_cmd_vel
[9.200s] -- Up-to-date: /home/axenox/ros2_ws/src/text_to_cmd_vel/install/text_to_cmd_vel/share/text_to_cmd_vel/cmake/text_to_cmd_velConfig.cmake
[9.200s] -- Up-to-date: /home/axenox/ros2_ws/src/text_to_cmd_vel/install/text_to_cmd_vel/share/text_to_cmd_vel/cmake/text_to_cmd_velConfig-version.cmake
[9.201s] -- Up-to-date: /home/axenox/ros2_ws/src/text_to_cmd_vel/install/text_to_cmd_vel/share/text_to_cmd_vel/package.xml
[9.202s] Invoked command in '/home/axenox/ros2_ws/src/text_to_cmd_vel/build/text_to_cmd_vel' returned '0': CMAKE_PREFIX_PATH=${CMAKE_PREFIX_PATH}:/opt/ros/humble /usr/bin/cmake --install /home/axenox/ros2_ws/src/text_to_cmd_vel/build/text_to_cmd_vel
