[35m[1mConsolidate compiler generated dependencies of target minimal_turtle[0m
[ 50%] [32mBuilding CXX object CMakeFiles/minimal_turtle.dir/src/minimal_turtle.cpp.o[0m
In file included from [01m[K/opt/ros/humble/include/rclcpp/rclcpp/logging.hpp:24[m[K,
                 from [01m[K/opt/ros/humble/include/rclcpp/rclcpp/client.hpp:40[m[K,
                 from [01m[K/opt/ros/humble/include/rclcpp/rclcpp/callback_group.hpp:24[m[K,
                 from [01m[K/opt/ros/humble/include/rclcpp/rclcpp/any_executable.hpp:20[m[K,
                 from [01m[K/opt/ros/humble/include/rclcpp/rclcpp/memory_strategy.hpp:25[m[K,
                 from [01m[K/opt/ros/humble/include/rclcpp/rclcpp/memory_strategies.hpp:18[m[K,
                 from [01m[K/opt/ros/humble/include/rclcpp/rclcpp/executor_options.hpp:20[m[K,
                 from [01m[K/opt/ros/humble/include/rclcpp/rclcpp/executor.hpp:37[m[K,
                 from [01m[K/opt/ros/humble/include/rclcpp/rclcpp/executors/multi_threaded_executor.hpp:25[m[K,
                 from [01m[K/opt/ros/humble/include/rclcpp/rclcpp/executors.hpp:21[m[K,
                 from [01m[K/opt/ros/humble/include/rclcpp/rclcpp/rclcpp.hpp:155[m[K,
                 from [01m[K/home/axenox/ros2_ws/src/text_to_cmd_vel/src/minimal_turtle.cpp:20[m[K:
[01m[K/home/axenox/ros2_ws/src/text_to_cmd_vel/src/minimal_turtle.cpp:[m[K In member function ‘[01m[Kvoid MinimalTurtle::topic_callback(const String&) const[m[K’:
[01m[K/home/axenox/ros2_ws/src/text_to_cmd_vel/src/minimal_turtle.cpp:49:37:[m[K [01;35m[Kwarning: [m[Kformat ‘[01m[K%d[m[K’ expects argument of type ‘[01m[Kint[m[K’, but argument 5 has type ‘[01m[Kstd::__cxx11::basic_string<char>::size_type[m[K’ {aka ‘[01m[Klong unsigned int[m[K’} [[01;35m[K]8;;https://gcc.gnu.org/onlinedocs/gcc/Warning-Options.html#index-Wformat=-Wformat=]8;;[m[K]
   49 |     RCLCPP_INFO(this->get_logger(), [01;35m[K"I heard: '%d'"[m[K,[32m[Kstr.size()[m[K);
      |                                     [01;35m[K^~~~~~~~~~~~~~~[m[K [32m[K~~~~~~~~~~[m[K
      |                                                             [32m[K|[m[K
      |                                                             [32m[Kstd::__cxx11::basic_string<char>::size_type {aka long unsigned int}[m[K
[01m[K/home/axenox/ros2_ws/src/text_to_cmd_vel/src/minimal_turtle.cpp:49:49:[m[K [01;36m[Knote: [m[Kformat string is defined here
   49 |     RCLCPP_INFO(this->get_logger(), "I heard: '[01;36m[K%d[m[K'",str.size());
      |                                                [01;36m[K~^[m[K
      |                                                 [01;36m[K|[m[K
      |                                                 [01;36m[Kint[m[K
      |                                                [32m[K%ld[m[K
[100%] [32m[1mLinking CXX executable minimal_turtle[0m
[100%] Built target minimal_turtle
-- Install configuration: ""
-- Installing: /home/axenox/ros2_ws/src/text_to_cmd_vel/install/text_to_cmd_vel/lib/text_to_cmd_vel/minimal_turtle
-- Set runtime path of "/home/axenox/ros2_ws/src/text_to_cmd_vel/install/text_to_cmd_vel/lib/text_to_cmd_vel/minimal_turtle" to ""
-- Up-to-date: /home/axenox/ros2_ws/src/text_to_cmd_vel/install/text_to_cmd_vel/share/ament_index/resource_index/package_run_dependencies/text_to_cmd_vel
-- Up-to-date: /home/axenox/ros2_ws/src/text_to_cmd_vel/install/text_to_cmd_vel/share/ament_index/resource_index/parent_prefix_path/text_to_cmd_vel
-- Up-to-date: /home/axenox/ros2_ws/src/text_to_cmd_vel/install/text_to_cmd_vel/share/text_to_cmd_vel/environment/ament_prefix_path.sh
-- Up-to-date: /home/axenox/ros2_ws/src/text_to_cmd_vel/install/text_to_cmd_vel/share/text_to_cmd_vel/environment/ament_prefix_path.dsv
-- Up-to-date: /home/axenox/ros2_ws/src/text_to_cmd_vel/install/text_to_cmd_vel/share/text_to_cmd_vel/environment/path.sh
-- Up-to-date: /home/axenox/ros2_ws/src/text_to_cmd_vel/install/text_to_cmd_vel/share/text_to_cmd_vel/environment/path.dsv
-- Up-to-date: /home/axenox/ros2_ws/src/text_to_cmd_vel/install/text_to_cmd_vel/share/text_to_cmd_vel/local_setup.bash
-- Up-to-date: /home/axenox/ros2_ws/src/text_to_cmd_vel/install/text_to_cmd_vel/share/text_to_cmd_vel/local_setup.sh
-- Up-to-date: /home/axenox/ros2_ws/src/text_to_cmd_vel/install/text_to_cmd_vel/share/text_to_cmd_vel/local_setup.zsh
-- Up-to-date: /home/axenox/ros2_ws/src/text_to_cmd_vel/install/text_to_cmd_vel/share/text_to_cmd_vel/local_setup.dsv
-- Installing: /home/axenox/ros2_ws/src/text_to_cmd_vel/install/text_to_cmd_vel/share/text_to_cmd_vel/package.dsv
-- Up-to-date: /home/axenox/ros2_ws/src/text_to_cmd_vel/install/text_to_cmd_vel/share/ament_index/resource_index/packages/text_to_cmd_vel
-- Up-to-date: /home/axenox/ros2_ws/src/text_to_cmd_vel/install/text_to_cmd_vel/share/text_to_cmd_vel/cmake/text_to_cmd_velConfig.cmake
-- Up-to-date: /home/axenox/ros2_ws/src/text_to_cmd_vel/install/text_to_cmd_vel/share/text_to_cmd_vel/cmake/text_to_cmd_velConfig-version.cmake
-- Up-to-date: /home/axenox/ros2_ws/src/text_to_cmd_vel/install/text_to_cmd_vel/share/text_to_cmd_vel/package.xml
