[0.967s] DEBUG:colcon:Command line arguments: ['/usr/bin/colcon', 'build', '--packages-select', 'text_to_cmd_vel']
[0.968s] DEBUG:colcon:Parsed command line arguments: Namespace(log_base=None, log_level=None, verb_name='build', build_base='build', install_base='install', merge_install=False, symlink_install=False, test_result_base=None, continue_on_error=False, executor='parallel', parallel_workers=16, event_handlers=None, ignore_user_meta=False, metas=['./colcon.meta'], base_paths=['.'], packages_ignore=None, packages_ignore_regex=None, paths=None, packages_up_to=None, packages_up_to_regex=None, packages_above=None, packages_above_and_dependencies=None, packages_above_depth=None, packages_select_by_dep=None, packages_skip_by_dep=None, packages_skip_up_to=None, packages_select_build_failed=False, packages_skip_build_finished=False, packages_select_test_failures=False, packages_skip_test_passed=False, packages_select=['text_to_cmd_vel'], packages_skip=None, packages_select_regex=None, packages_skip_regex=None, packages_start=None, packages_end=None, allow_overriding=[], cmake_args=None, cmake_target=None, cmake_target_skip_unavailable=False, cmake_clean_cache=False, cmake_clean_first=False, cmake_force_configure=False, ament_cmake_args=None, catkin_cmake_args=None, catkin_skip_building_tests=False, verb_parser=<colcon_defaults.argument_parser.defaults.DefaultArgumentsDecorator object at 0x7f28da03a470>, verb_extension=<colcon_core.verb.build.BuildVerb object at 0x7f28daa0bb20>, main=<bound method BuildVerb.main of <colcon_core.verb.build.BuildVerb object at 0x7f28daa0bb20>>)
[1.060s] Level 1:colcon.colcon_core.package_discovery:discover_packages(colcon_meta) check parameters
[1.062s] Level 1:colcon.colcon_core.package_discovery:discover_packages(recursive) check parameters
[1.062s] Level 1:colcon.colcon_core.package_discovery:discover_packages(ignore) check parameters
[1.063s] Level 1:colcon.colcon_core.package_discovery:discover_packages(path) check parameters
[1.064s] Level 1:colcon.colcon_core.package_discovery:discover_packages(colcon_meta) discover
[1.065s] Level 1:colcon.colcon_core.package_discovery:discover_packages(recursive) discover
[1.066s] INFO:colcon.colcon_core.package_discovery:Crawling recursively for packages in '/mnt/c/Users/game_/Desktop/Work/ROBOTECH/lab2/ex10'
[1.072s] Level 1:colcon.colcon_core.package_identification:_identify(.) by extensions ['ignore', 'ignore_ament_install']
[1.072s] Level 1:colcon.colcon_core.package_identification:_identify(.) by extension 'ignore'
[1.074s] Level 1:colcon.colcon_core.package_identification:_identify(.) by extension 'ignore_ament_install'
[1.076s] Level 1:colcon.colcon_core.package_identification:_identify(.) by extensions ['colcon_pkg']
[1.077s] Level 1:colcon.colcon_core.package_identification:_identify(.) by extension 'colcon_pkg'
[1.079s] Level 1:colcon.colcon_core.package_identification:_identify(.) by extensions ['colcon_meta']
[1.080s] Level 1:colcon.colcon_core.package_identification:_identify(.) by extension 'colcon_meta'
[1.081s] Level 1:colcon.colcon_core.package_identification:_identify(.) by extensions ['ros']
[1.082s] Level 1:colcon.colcon_core.package_identification:_identify(.) by extension 'ros'
[1.105s] Level 1:colcon.colcon_core.package_identification:_identify(.) by extensions ['cmake', 'python']
[1.105s] Level 1:colcon.colcon_core.package_identification:_identify(.) by extension 'cmake'
[1.107s] Level 1:colcon.colcon_core.package_identification:_identify(.) by extension 'python'
[1.109s] Level 1:colcon.colcon_core.package_identification:_identify(.) by extensions ['python_setup_py']
[1.110s] Level 1:colcon.colcon_core.package_identification:_identify(.) by extension 'python_setup_py'
[1.121s] Level 1:colcon.colcon_core.package_identification:_identify(build) by extensions ['ignore', 'ignore_ament_install']
[1.123s] Level 1:colcon.colcon_core.package_identification:_identify(build) by extension 'ignore'
[1.128s] Level 1:colcon.colcon_core.package_identification:_identify(build) ignored
[1.138s] Level 1:colcon.colcon_core.package_identification:_identify(install) by extensions ['ignore', 'ignore_ament_install']
[1.139s] Level 1:colcon.colcon_core.package_identification:_identify(install) by extension 'ignore'
[1.145s] Level 1:colcon.colcon_core.package_identification:_identify(install) ignored
[1.162s] Level 1:colcon.colcon_core.package_identification:_identify(log) by extensions ['ignore', 'ignore_ament_install']
[1.163s] Level 1:colcon.colcon_core.package_identification:_identify(log) by extension 'ignore'
[1.168s] Level 1:colcon.colcon_core.package_identification:_identify(log) ignored
[1.174s] Level 1:colcon.colcon_core.package_identification:_identify(text_to_cmd_vel) by extensions ['ignore', 'ignore_ament_install']
[1.175s] Level 1:colcon.colcon_core.package_identification:_identify(text_to_cmd_vel) by extension 'ignore'
[1.177s] Level 1:colcon.colcon_core.package_identification:_identify(text_to_cmd_vel) by extension 'ignore_ament_install'
[1.179s] Level 1:colcon.colcon_core.package_identification:_identify(text_to_cmd_vel) by extensions ['colcon_pkg']
[1.180s] Level 1:colcon.colcon_core.package_identification:_identify(text_to_cmd_vel) by extension 'colcon_pkg'
[1.182s] Level 1:colcon.colcon_core.package_identification:_identify(text_to_cmd_vel) by extensions ['colcon_meta']
[1.183s] Level 1:colcon.colcon_core.package_identification:_identify(text_to_cmd_vel) by extension 'colcon_meta'
[1.185s] Level 1:colcon.colcon_core.package_identification:_identify(text_to_cmd_vel) by extensions ['ros']
[1.186s] Level 1:colcon.colcon_core.package_identification:_identify(text_to_cmd_vel) by extension 'ros'
[1.214s] DEBUG:colcon.colcon_core.package_identification:Package 'text_to_cmd_vel' with type 'ros.ament_cmake' and name 'text_to_cmd_vel'
[1.215s] Level 1:colcon.colcon_core.package_discovery:discover_packages(recursive) using defaults
[1.216s] Level 1:colcon.colcon_core.package_discovery:discover_packages(ignore) discover
[1.216s] Level 1:colcon.colcon_core.package_discovery:discover_packages(ignore) using defaults
[1.217s] Level 1:colcon.colcon_core.package_discovery:discover_packages(path) discover
[1.218s] Level 1:colcon.colcon_core.package_discovery:discover_packages(path) using defaults
[1.262s] Level 1:colcon.colcon_core.package_discovery:discover_packages(prefix_path) check parameters
[1.263s] Level 1:colcon.colcon_core.package_discovery:discover_packages(prefix_path) discover
[1.269s] DEBUG:colcon.colcon_installed_package_information.package_discovery:Found 10 installed packages in /root/ros2_ws/install
[1.272s] DEBUG:colcon.colcon_installed_package_information.package_discovery:Found 283 installed packages in /opt/ros/humble
[1.276s] Level 1:colcon.colcon_core.package_discovery:discover_packages(prefix_path) using defaults
[1.383s] Level 5:colcon.colcon_core.verb:set package 'text_to_cmd_vel' build argument 'cmake_args' from command line to 'None'
[1.384s] Level 5:colcon.colcon_core.verb:set package 'text_to_cmd_vel' build argument 'cmake_target' from command line to 'None'
[1.385s] Level 5:colcon.colcon_core.verb:set package 'text_to_cmd_vel' build argument 'cmake_target_skip_unavailable' from command line to 'False'
[1.386s] Level 5:colcon.colcon_core.verb:set package 'text_to_cmd_vel' build argument 'cmake_clean_cache' from command line to 'False'
[1.387s] Level 5:colcon.colcon_core.verb:set package 'text_to_cmd_vel' build argument 'cmake_clean_first' from command line to 'False'
[1.388s] Level 5:colcon.colcon_core.verb:set package 'text_to_cmd_vel' build argument 'cmake_force_configure' from command line to 'False'
[1.389s] Level 5:colcon.colcon_core.verb:set package 'text_to_cmd_vel' build argument 'ament_cmake_args' from command line to 'None'
[1.390s] Level 5:colcon.colcon_core.verb:set package 'text_to_cmd_vel' build argument 'catkin_cmake_args' from command line to 'None'
[1.390s] Level 5:colcon.colcon_core.verb:set package 'text_to_cmd_vel' build argument 'catkin_skip_building_tests' from command line to 'False'
[1.391s] DEBUG:colcon.colcon_core.verb:Building package 'text_to_cmd_vel' with the following arguments: {'ament_cmake_args': None, 'build_base': '/mnt/c/Users/game_/Desktop/Work/ROBOTECH/lab2/ex10/build/text_to_cmd_vel', 'catkin_cmake_args': None, 'catkin_skip_building_tests': False, 'cmake_args': None, 'cmake_clean_cache': False, 'cmake_clean_first': False, 'cmake_force_configure': False, 'cmake_target': None, 'cmake_target_skip_unavailable': False, 'install_base': '/mnt/c/Users/game_/Desktop/Work/ROBOTECH/lab2/ex10/install/text_to_cmd_vel', 'merge_install': False, 'path': '/mnt/c/Users/game_/Desktop/Work/ROBOTECH/lab2/ex10/text_to_cmd_vel', 'symlink_install': False, 'test_result_base': None}
[1.393s] INFO:colcon.colcon_core.executor:Executing jobs using 'parallel' executor
[1.400s] DEBUG:colcon.colcon_parallel_executor.executor.parallel:run_until_complete
[1.402s] INFO:colcon.colcon_ros.task.ament_cmake.build:Building ROS package in '/mnt/c/Users/game_/Desktop/Work/ROBOTECH/lab2/ex10/text_to_cmd_vel' with build type 'ament_cmake'
[1.403s] INFO:colcon.colcon_cmake.task.cmake.build:Building CMake package in '/mnt/c/Users/game_/Desktop/Work/ROBOTECH/lab2/ex10/text_to_cmd_vel'
[1.417s] INFO:colcon.colcon_core.plugin_system:Skipping extension 'colcon_core.shell.bat': Not used on non-Windows systems
[1.419s] INFO:colcon.colcon_core.shell:Skip shell extension 'powershell' for command environment: Not usable outside of PowerShell
[1.420s] DEBUG:colcon.colcon_core.shell:Skip shell extension 'dsv' for command environment
[1.621s] DEBUG:colcon.colcon_core.event_handler.log_command:Invoking command in '/mnt/c/Users/game_/Desktop/Work/ROBOTECH/lab2/ex10/build/text_to_cmd_vel': CMAKE_PREFIX_PATH=${CMAKE_PREFIX_PATH}:/root/ros2_ws/install/examples_rclpy_minimal_subscriber:/root/ros2_ws/install/examples_rclpy_minimal_service:/root/ros2_ws/install/examples_rclpy_minimal_publisher:/root/ros2_ws/install/examples_rclpy_minimal_client:/root/ros2_ws/install/examples_rclpy_minimal_action_server:/root/ros2_ws/install/examples_rclpy_minimal_action_client:/root/ros2_ws/install/examples_rclpy_guard_conditions:/root/ros2_ws/install/examples_rclpy_executors:/opt/ros/humble /usr/bin/cmake --build /mnt/c/Users/game_/Desktop/Work/ROBOTECH/lab2/ex10/build/text_to_cmd_vel -- -j16 -l16
[133.649s] DEBUG:colcon.colcon_core.event_handler.log_command:Invoked command in '/mnt/c/Users/game_/Desktop/Work/ROBOTECH/lab2/ex10/build/text_to_cmd_vel' returned '2': CMAKE_PREFIX_PATH=${CMAKE_PREFIX_PATH}:/root/ros2_ws/install/examples_rclpy_minimal_subscriber:/root/ros2_ws/install/examples_rclpy_minimal_service:/root/ros2_ws/install/examples_rclpy_minimal_publisher:/root/ros2_ws/install/examples_rclpy_minimal_client:/root/ros2_ws/install/examples_rclpy_minimal_action_server:/root/ros2_ws/install/examples_rclpy_minimal_action_client:/root/ros2_ws/install/examples_rclpy_guard_conditions:/root/ros2_ws/install/examples_rclpy_executors:/opt/ros/humble /usr/bin/cmake --build /mnt/c/Users/game_/Desktop/Work/ROBOTECH/lab2/ex10/build/text_to_cmd_vel -- -j16 -l16
[133.738s] Level 1:colcon.colcon_core.environment:create_environment_scripts_only(text_to_cmd_vel)
[133.744s] Level 1:colcon.colcon_core.environment:checking '/mnt/c/Users/game_/Desktop/Work/ROBOTECH/lab2/ex10/install/text_to_cmd_vel' for CMake module files
[133.880s] Level 1:colcon.colcon_core.environment:checking '/mnt/c/Users/game_/Desktop/Work/ROBOTECH/lab2/ex10/install/text_to_cmd_vel' for CMake config files
[133.963s] Level 1:colcon.colcon_core.environment:checking '/mnt/c/Users/game_/Desktop/Work/ROBOTECH/lab2/ex10/install/text_to_cmd_vel/bin'
[133.968s] Level 1:colcon.colcon_core.environment:checking '/mnt/c/Users/game_/Desktop/Work/ROBOTECH/lab2/ex10/install/text_to_cmd_vel/lib/pkgconfig/text_to_cmd_vel.pc'
[133.973s] Level 1:colcon.colcon_core.environment:checking '/mnt/c/Users/game_/Desktop/Work/ROBOTECH/lab2/ex10/install/text_to_cmd_vel/lib/python3.10/site-packages'
[133.978s] Level 1:colcon.colcon_core.environment:checking '/mnt/c/Users/game_/Desktop/Work/ROBOTECH/lab2/ex10/install/text_to_cmd_vel/bin'
[133.984s] INFO:colcon.colcon_core.shell:Creating package script '/mnt/c/Users/game_/Desktop/Work/ROBOTECH/lab2/ex10/install/text_to_cmd_vel/share/text_to_cmd_vel/package.ps1'
[134.024s] INFO:colcon.colcon_core.shell:Creating package descriptor '/mnt/c/Users/game_/Desktop/Work/ROBOTECH/lab2/ex10/install/text_to_cmd_vel/share/text_to_cmd_vel/package.dsv'
[134.063s] INFO:colcon.colcon_core.shell:Creating package script '/mnt/c/Users/game_/Desktop/Work/ROBOTECH/lab2/ex10/install/text_to_cmd_vel/share/text_to_cmd_vel/package.sh'
[134.107s] INFO:colcon.colcon_core.shell:Creating package script '/mnt/c/Users/game_/Desktop/Work/ROBOTECH/lab2/ex10/install/text_to_cmd_vel/share/text_to_cmd_vel/package.bash'
[134.147s] INFO:colcon.colcon_core.shell:Creating package script '/mnt/c/Users/game_/Desktop/Work/ROBOTECH/lab2/ex10/install/text_to_cmd_vel/share/text_to_cmd_vel/package.zsh'
[134.186s] Level 1:colcon.colcon_core.environment:create_file_with_runtime_dependencies(/mnt/c/Users/game_/Desktop/Work/ROBOTECH/lab2/ex10/install/text_to_cmd_vel/share/colcon-core/packages/text_to_cmd_vel)
[134.212s] DEBUG:colcon.colcon_parallel_executor.executor.parallel:closing loop
[134.213s] DEBUG:colcon.colcon_parallel_executor.executor.parallel:loop closed
[134.214s] DEBUG:colcon.colcon_parallel_executor.executor.parallel:run_until_complete finished with '2'
[134.215s] DEBUG:colcon.colcon_core.event_reactor:joining thread
[134.353s] INFO:colcon.colcon_core.plugin_system:Skipping extension 'colcon_notification.desktop_notification.notify_send': Could not find 'notify-send'
[134.353s] INFO:colcon.colcon_core.plugin_system:Skipping extension 'colcon_notification.desktop_notification.terminal_notifier': Not used on non-Darwin systems
[134.354s] INFO:colcon.colcon_core.plugin_system:Skipping extension 'colcon_notification.desktop_notification.win32': Not used on non-Windows systems
[134.354s] INFO:colcon.colcon_notification.desktop_notification:Sending desktop notification using 'notify2'
[134.355s] DEBUG:colcon.colcon_notification.desktop_notification.notify2:Failed to initialize notify2: org.freedesktop.DBus.Error.FileNotFound: Failed to connect to socket /run/user/0/bus: No such file or directory
[134.356s] DEBUG:colcon.colcon_core.event_reactor:joined thread
[134.358s] INFO:colcon.colcon_core.shell:Creating prefix script '/mnt/c/Users/game_/Desktop/Work/ROBOTECH/lab2/ex10/install/local_setup.ps1'
[134.374s] INFO:colcon.colcon_core.shell:Creating prefix util module '/mnt/c/Users/game_/Desktop/Work/ROBOTECH/lab2/ex10/install/_local_setup_util_ps1.py'
[134.390s] INFO:colcon.colcon_core.shell:Creating prefix chain script '/mnt/c/Users/game_/Desktop/Work/ROBOTECH/lab2/ex10/install/setup.ps1'
[134.408s] INFO:colcon.colcon_core.shell:Creating prefix script '/mnt/c/Users/game_/Desktop/Work/ROBOTECH/lab2/ex10/install/local_setup.sh'
[134.426s] INFO:colcon.colcon_core.shell:Creating prefix util module '/mnt/c/Users/game_/Desktop/Work/ROBOTECH/lab2/ex10/install/_local_setup_util_sh.py'
[134.443s] INFO:colcon.colcon_core.shell:Creating prefix chain script '/mnt/c/Users/game_/Desktop/Work/ROBOTECH/lab2/ex10/install/setup.sh'
[134.462s] INFO:colcon.colcon_core.shell:Creating prefix script '/mnt/c/Users/game_/Desktop/Work/ROBOTECH/lab2/ex10/install/local_setup.bash'
[134.477s] INFO:colcon.colcon_core.shell:Creating prefix chain script '/mnt/c/Users/game_/Desktop/Work/ROBOTECH/lab2/ex10/install/setup.bash'
[134.496s] INFO:colcon.colcon_core.shell:Creating prefix script '/mnt/c/Users/game_/Desktop/Work/ROBOTECH/lab2/ex10/install/local_setup.zsh'
[134.515s] INFO:colcon.colcon_core.shell:Creating prefix chain script '/mnt/c/Users/game_/Desktop/Work/ROBOTECH/lab2/ex10/install/setup.zsh'
