[0.102s] Invoking command in '/mnt/c/Users/game_/Desktop/Work/ROBOTECH/lab2/ex09/full_name_message/build/full_name_message': CMAKE_PREFIX_PATH=${CMAKE_PREFIX_PATH}:/root/ros2_ws/install/examples_rclpy_minimal_subscriber:/root/ros2_ws/install/examples_rclpy_minimal_service:/root/ros2_ws/install/examples_rclpy_minimal_publisher:/root/ros2_ws/install/examples_rclpy_minimal_client:/root/ros2_ws/install/examples_rclpy_minimal_action_server:/root/ros2_ws/install/examples_rclpy_minimal_action_client:/root/ros2_ws/install/examples_rclpy_guard_conditions:/root/ros2_ws/install/examples_rclpy_executors:/opt/ros/humble /usr/bin/cmake --build /mnt/c/Users/game_/Desktop/Work/ROBOTECH/lab2/ex09/full_name_message/build/full_name_message -- -j16 -l16
[0.341s] -- Found ament_cmake: 1.3.5 (/opt/ros/humble/share/ament_cmake/cmake)
[0.564s] -- Found rosidl_default_generators: 1.2.0 (/opt/ros/humble/share/rosidl_default_generators/cmake)
[0.602s] -- Using all available rosidl_typesupport_c: rosidl_typesupport_fastrtps_c;rosidl_typesupport_introspection_c
[0.604s] -- Found rosidl_adapter: 3.1.5 (/opt/ros/humble/share/rosidl_adapter/cmake)
[0.838s] -- Using all available rosidl_typesupport_cpp: rosidl_typesupport_fastrtps_cpp;rosidl_typesupport_introspection_cpp
[1.832s] -- Found ament_cmake_ros: 0.10.0 (/opt/ros/humble/share/ament_cmake_ros/cmake)
[2.572s] -- Using all available rosidl_typesupport_c: rosidl_typesupport_fastrtps_c;rosidl_typesupport_introspection_c
[3.494s] -- Using all available rosidl_typesupport_cpp: rosidl_typesupport_fastrtps_cpp;rosidl_typesupport_introspection_cpp
[3.515s] -- Found python_cmake_module: 0.10.0 (/opt/ros/humble/share/python_cmake_module/cmake)
[3.540s] -- Using PYTHON_EXECUTABLE: /usr/bin/python3
[3.543s] -- Using PYTHON_INCLUDE_DIRS: /usr/include/python3.10
[3.544s] -- Using PYTHON_LIBRARIES: /usr/lib/x86_64-linux-gnu/libpython3.10.so
[3.980s] -- Found ament_lint_auto: 0.12.7 (/opt/ros/humble/share/ament_lint_auto/cmake)
[54.471s] -- Added test 'cppcheck' to perform static code analysis on C / C++ code
[54.472s] -- Configured cppcheck include dirs: $<BUILD_INTERFACE:/mnt/c/Users/game_/Desktop/Work/ROBOTECH/lab2/ex09/full_name_message/build/full_name_message/rosidl_generator_c>;$<BUILD_INTERFACE:/mnt/c/Users/game_/Desktop/Work/ROBOTECH/lab2/ex09/full_name_message/build/full_name_message/rosidl_typesupport_fastrtps_c>;$<BUILD_INTERFACE:/mnt/c/Users/game_/Desktop/Work/ROBOTECH/lab2/ex09/full_name_message/build/full_name_message/rosidl_typesupport_introspection_c>;$<BUILD_INTERFACE:/mnt/c/Users/game_/Desktop/Work/ROBOTECH/lab2/ex09/full_name_message/build/full_name_message/rosidl_generator_cpp>;$<BUILD_INTERFACE:/mnt/c/Users/game_/Desktop/Work/ROBOTECH/lab2/ex09/full_name_message/build/full_name_message/rosidl_typesupport_fastrtps_cpp>;$<BUILD_INTERFACE:/mnt/c/Users/game_/Desktop/Work/ROBOTECH/lab2/ex09/full_name_message/build/full_name_message/rosidl_typesupport_introspection_cpp>;/mnt/c/Users/game_/Desktop/Work/ROBOTECH/lab2/ex09/full_name_message/build/full_name_message/rosidl_generator_c;/mnt/c/Users/game_/Desktop/Work/ROBOTECH/lab2/ex09/full_name_message/build/full_name_message/rosidl_generator_py
[54.474s] -- Configured cppcheck exclude dirs and/or files: 
[60.632s] -- Added test 'flake8' to check Python code syntax and style conventions
[73.099s] -- Added test 'lint_cmake' to check CMake code style
[79.392s] -- Added test 'pep257' to check Python code against some of the docstring style conventions in PEP 257
[129.156s] -- Added test 'uncrustify' to check C / C++ code style
[129.157s] -- Configured uncrustify additional arguments: 
[135.474s] -- Added test 'xmllint' to check XML markup files
[135.966s] -- Configuring done
[139.554s] -- Generating done
[140.022s] -- Build files have been written to: /mnt/c/Users/game_/Desktop/Work/ROBOTECH/lab2/ex09/full_name_message/build/full_name_message
[140.190s] [  2%] [34m[1mGenerating C code for ROS interfaces[0m
[140.256s] [  5%] [34m[1mGenerating C++ code for ROS interfaces[0m
[140.963s] [  5%] Built target full_name_message__cpp
[141.082s] [ 12%] [34m[1mGenerating C++ type support dispatch for ROS interfaces[0m
[141.085s] [ 12%] [34m[1mGenerating C++ introspection for ROS interfaces[0m
[141.088s] [ 12%] [34m[1mGenerating C++ type support for eProsima Fast-RTPS[0m
[141.266s] [ 15%] [32mBuilding C object CMakeFiles/full_name_message__rosidl_generator_c.dir/rosidl_generator_c/full_name_message/msg/detail/name__functions.c.o[0m
[141.287s] [ 17%] [32mBuilding C object CMakeFiles/full_name_message__rosidl_generator_c.dir/rosidl_generator_c/full_name_message/srv/detail/full_name_sum_service__functions.c.o[0m
[141.474s] [ 17%] Built target ament_cmake_python_copy_full_name_message
[141.784s] [ 20%] [32mBuilding CXX object CMakeFiles/full_name_message__rosidl_typesupport_cpp.dir/rosidl_typesupport_cpp/full_name_message/msg/name__type_support.cpp.o[0m
[141.806s] [ 23%] [32mBuilding CXX object CMakeFiles/full_name_message__rosidl_typesupport_cpp.dir/rosidl_typesupport_cpp/full_name_message/srv/full_name_sum_service__type_support.cpp.o[0m
[141.931s] [ 25%] [32m[1mLinking C shared library libfull_name_message__rosidl_generator_c.so[0m
[142.037s] [ 28%] [32mBuilding CXX object CMakeFiles/full_name_message__rosidl_typesupport_introspection_cpp.dir/rosidl_typesupport_introspection_cpp/full_name_message/msg/detail/name__type_support.cpp.o[0m
[142.055s] [ 33%] [32mBuilding CXX object CMakeFiles/full_name_message__rosidl_typesupport_fastrtps_cpp.dir/rosidl_typesupport_fastrtps_cpp/full_name_message/msg/detail/dds_fastrtps/name__type_support.cpp.o[0m
[142.062s] [ 33%] [32mBuilding CXX object CMakeFiles/full_name_message__rosidl_typesupport_introspection_cpp.dir/rosidl_typesupport_introspection_cpp/full_name_message/srv/detail/full_name_sum_service__type_support.cpp.o[0m
[142.100s] [ 35%] [32mBuilding CXX object CMakeFiles/full_name_message__rosidl_typesupport_fastrtps_cpp.dir/rosidl_typesupport_fastrtps_cpp/full_name_message/srv/detail/dds_fastrtps/full_name_sum_service__type_support.cpp.o[0m
[142.283s] running egg_info
[142.296s] writing full_name_message.egg-info/PKG-INFO
[142.315s] writing dependency_links to full_name_message.egg-info/dependency_links.txt
[142.347s] writing top-level names to full_name_message.egg-info/top_level.txt
[142.487s] reading manifest file 'full_name_message.egg-info/SOURCES.txt'
[142.646s] writing manifest file 'full_name_message.egg-info/SOURCES.txt'
[142.799s] [ 35%] Built target ament_cmake_python_build_full_name_message_egg
[142.897s] [ 35%] Built target full_name_message__rosidl_generator_c
[143.109s] [ 43%] [34m[1mGenerating C introspection for ROS interfaces[0m
[143.115s] [ 43%] [34m[1mGenerating C type support dispatch for ROS interfaces[0m
[143.120s] [ 43%] [34m[1mGenerating C type support for eProsima Fast-RTPS[0m
[143.758s] [ 46%] [32m[1mLinking CXX shared library libfull_name_message__rosidl_typesupport_cpp.so[0m
[144.042s] [ 48%] [32mBuilding CXX object CMakeFiles/full_name_message__rosidl_typesupport_c.dir/rosidl_typesupport_c/full_name_message/msg/name__type_support.cpp.o[0m
[144.073s] [ 51%] [32mBuilding CXX object CMakeFiles/full_name_message__rosidl_typesupport_c.dir/rosidl_typesupport_c/full_name_message/srv/full_name_sum_service__type_support.cpp.o[0m
[144.274s] [ 53%] [32m[1mLinking CXX shared library libfull_name_message__rosidl_typesupport_introspection_cpp.so[0m
[144.302s] [ 56%] [32mBuilding C object CMakeFiles/full_name_message__rosidl_typesupport_introspection_c.dir/rosidl_typesupport_introspection_c/full_name_message/msg/detail/name__type_support.c.o[0m
[144.338s] [ 58%] [32mBuilding C object CMakeFiles/full_name_message__rosidl_typesupport_introspection_c.dir/rosidl_typesupport_introspection_c/full_name_message/srv/detail/full_name_sum_service__type_support.c.o[0m
[144.370s] [ 61%] [32mBuilding CXX object CMakeFiles/full_name_message__rosidl_typesupport_fastrtps_c.dir/rosidl_typesupport_fastrtps_c/full_name_message/msg/detail/name__type_support_c.cpp.o[0m
[144.409s] [ 64%] [32mBuilding CXX object CMakeFiles/full_name_message__rosidl_typesupport_fastrtps_c.dir/rosidl_typesupport_fastrtps_c/full_name_message/srv/detail/full_name_sum_service__type_support_c.cpp.o[0m
[144.723s] [ 66%] [32m[1mLinking CXX shared library libfull_name_message__rosidl_typesupport_c.so[0m
[144.822s] [ 66%] Built target full_name_message__rosidl_typesupport_cpp
[144.883s] [ 69%] [32m[1mLinking CXX shared library libfull_name_message__rosidl_typesupport_fastrtps_cpp.so[0m
[145.242s] [ 71%] [32m[1mLinking C shared library libfull_name_message__rosidl_typesupport_introspection_c.so[0m
[145.385s] [ 71%] Built target full_name_message__rosidl_typesupport_introspection_cpp
[145.451s] [ 71%] Built target full_name_message__rosidl_typesupport_c
[145.789s] [ 71%] Built target full_name_message__rosidl_typesupport_fastrtps_cpp
[145.850s] [ 71%] Built target full_name_message__rosidl_typesupport_introspection_c
[146.263s] [ 74%] [32m[1mLinking CXX shared library libfull_name_message__rosidl_typesupport_fastrtps_c.so[0m
[146.745s] [ 74%] Built target full_name_message__rosidl_typesupport_fastrtps_c
[146.846s] [ 74%] Built target full_name_message
[146.997s] [ 76%] [34m[1mGenerating Python code for ROS interfaces[0m
[147.626s] [ 76%] Built target full_name_message__py
[147.789s] [ 79%] [32mBuilding C object CMakeFiles/full_name_message__rosidl_generator_py.dir/rosidl_generator_py/full_name_message/msg/_name_s.c.o[0m
[147.823s] [ 82%] [32mBuilding C object CMakeFiles/full_name_message__rosidl_generator_py.dir/rosidl_generator_py/full_name_message/srv/_full_name_sum_service_s.c.o[0m
[148.483s] [ 84%] [32m[1mLinking C shared library rosidl_generator_py/full_name_message/libfull_name_message__rosidl_generator_py.so[0m
[148.886s] [ 84%] Built target full_name_message__rosidl_generator_py
[148.992s] [35m[1mConsolidate compiler generated dependencies of target full_name_message__rosidl_typesupport_fastrtps_c__pyext[0m
[148.995s] [35m[1mConsolidate compiler generated dependencies of target full_name_message__rosidl_typesupport_introspection_c__pyext[0m
[148.998s] [35m[1mConsolidate compiler generated dependencies of target full_name_message__rosidl_typesupport_c__pyext[0m
[149.530s] [ 89%] [32mBuilding C object CMakeFiles/full_name_message__rosidl_typesupport_fastrtps_c__pyext.dir/rosidl_generator_py/full_name_message/_full_name_message_s.ep.rosidl_typesupport_fastrtps_c.c.o[0m
[149.533s] [ 89%] [32mBuilding C object CMakeFiles/full_name_message__rosidl_typesupport_c__pyext.dir/rosidl_generator_py/full_name_message/_full_name_message_s.ep.rosidl_typesupport_c.c.o[0m
[149.553s] [ 92%] [32mBuilding C object CMakeFiles/full_name_message__rosidl_typesupport_introspection_c__pyext.dir/rosidl_generator_py/full_name_message/_full_name_message_s.ep.rosidl_typesupport_introspection_c.c.o[0m
[150.513s] [ 94%] [32m[1mLinking C shared library rosidl_generator_py/full_name_message/full_name_message_s__rosidl_typesupport_c.cpython-310-x86_64-linux-gnu.so[0m
[150.651s] [ 97%] [32m[1mLinking C shared library rosidl_generator_py/full_name_message/full_name_message_s__rosidl_typesupport_fastrtps_c.cpython-310-x86_64-linux-gnu.so[0m
[150.715s] [100%] [32m[1mLinking C shared library rosidl_generator_py/full_name_message/full_name_message_s__rosidl_typesupport_introspection_c.cpython-310-x86_64-linux-gnu.so[0m
[151.007s] [100%] Built target full_name_message__rosidl_typesupport_c__pyext
[151.047s] [100%] Built target full_name_message__rosidl_typesupport_introspection_c__pyext
[151.049s] [100%] Built target full_name_message__rosidl_typesupport_fastrtps_c__pyext
[151.322s] Invoked command in '/mnt/c/Users/game_/Desktop/Work/ROBOTECH/lab2/ex09/full_name_message/build/full_name_message' returned '0': CMAKE_PREFIX_PATH=${CMAKE_PREFIX_PATH}:/root/ros2_ws/install/examples_rclpy_minimal_subscriber:/root/ros2_ws/install/examples_rclpy_minimal_service:/root/ros2_ws/install/examples_rclpy_minimal_publisher:/root/ros2_ws/install/examples_rclpy_minimal_client:/root/ros2_ws/install/examples_rclpy_minimal_action_server:/root/ros2_ws/install/examples_rclpy_minimal_action_client:/root/ros2_ws/install/examples_rclpy_guard_conditions:/root/ros2_ws/install/examples_rclpy_executors:/opt/ros/humble /usr/bin/cmake --build /mnt/c/Users/game_/Desktop/Work/ROBOTECH/lab2/ex09/full_name_message/build/full_name_message -- -j16 -l16
[151.503s] Invoking command in '/mnt/c/Users/game_/Desktop/Work/ROBOTECH/lab2/ex09/full_name_message/build/full_name_message': CMAKE_PREFIX_PATH=${CMAKE_PREFIX_PATH}:/root/ros2_ws/install/examples_rclpy_minimal_subscriber:/root/ros2_ws/install/examples_rclpy_minimal_service:/root/ros2_ws/install/examples_rclpy_minimal_publisher:/root/ros2_ws/install/examples_rclpy_minimal_client:/root/ros2_ws/install/examples_rclpy_minimal_action_server:/root/ros2_ws/install/examples_rclpy_minimal_action_client:/root/ros2_ws/install/examples_rclpy_guard_conditions:/root/ros2_ws/install/examples_rclpy_executors:/opt/ros/humble /usr/bin/cmake --install /mnt/c/Users/game_/Desktop/Work/ROBOTECH/lab2/ex09/full_name_message/build/full_name_message
[151.515s] -- Install configuration: ""
[151.569s] -- Installing: /mnt/c/Users/game_/Desktop/Work/ROBOTECH/lab2/ex09/full_name_message/install/full_name_message/share/ament_index/resource_index/rosidl_interfaces/full_name_message
[151.730s] -- Up-to-date: /mnt/c/Users/game_/Desktop/Work/ROBOTECH/lab2/ex09/full_name_message/install/full_name_message/include/full_name_message/full_name_message
[151.774s] -- Up-to-date: /mnt/c/Users/game_/Desktop/Work/ROBOTECH/lab2/ex09/full_name_message/install/full_name_message/include/full_name_message/full_name_message/msg
[151.824s] -- Installing: /mnt/c/Users/game_/Desktop/Work/ROBOTECH/lab2/ex09/full_name_message/install/full_name_message/include/full_name_message/full_name_message/msg/detail
[151.910s] -- Installing: /mnt/c/Users/game_/Desktop/Work/ROBOTECH/lab2/ex09/full_name_message/install/full_name_message/include/full_name_message/full_name_message/msg/detail/name__functions.c
[152.102s] -- Installing: /mnt/c/Users/game_/Desktop/Work/ROBOTECH/lab2/ex09/full_name_message/install/full_name_message/include/full_name_message/full_name_message/msg/detail/name__functions.h
[152.288s] -- Installing: /mnt/c/Users/game_/Desktop/Work/ROBOTECH/lab2/ex09/full_name_message/install/full_name_message/include/full_name_message/full_name_message/msg/detail/name__struct.h
[152.493s] -- Installing: /mnt/c/Users/game_/Desktop/Work/ROBOTECH/lab2/ex09/full_name_message/install/full_name_message/include/full_name_message/full_name_message/msg/detail/name__type_support.h
[152.685s] -- Installing: /mnt/c/Users/game_/Desktop/Work/ROBOTECH/lab2/ex09/full_name_message/install/full_name_message/include/full_name_message/full_name_message/msg/name.h
[152.883s] -- Up-to-date: /mnt/c/Users/game_/Desktop/Work/ROBOTECH/lab2/ex09/full_name_message/install/full_name_message/include/full_name_message/full_name_message/msg/rosidl_generator_c__visibility_control.h
[152.916s] -- Up-to-date: /mnt/c/Users/game_/Desktop/Work/ROBOTECH/lab2/ex09/full_name_message/install/full_name_message/include/full_name_message/full_name_message/srv
[152.971s] -- Up-to-date: /mnt/c/Users/game_/Desktop/Work/ROBOTECH/lab2/ex09/full_name_message/install/full_name_message/include/full_name_message/full_name_message/srv/detail
[153.055s] -- Installing: /mnt/c/Users/game_/Desktop/Work/ROBOTECH/lab2/ex09/full_name_message/install/full_name_message/include/full_name_message/full_name_message/srv/detail/full_name_sum_service__functions.c
[153.300s] -- Installing: /mnt/c/Users/game_/Desktop/Work/ROBOTECH/lab2/ex09/full_name_message/install/full_name_message/include/full_name_message/full_name_message/srv/detail/full_name_sum_service__functions.h
[153.602s] -- Installing: /mnt/c/Users/game_/Desktop/Work/ROBOTECH/lab2/ex09/full_name_message/install/full_name_message/include/full_name_message/full_name_message/srv/detail/full_name_sum_service__struct.h
[153.859s] -- Installing: /mnt/c/Users/game_/Desktop/Work/ROBOTECH/lab2/ex09/full_name_message/install/full_name_message/include/full_name_message/full_name_message/srv/detail/full_name_sum_service__type_support.h
[154.074s] -- Up-to-date: /mnt/c/Users/game_/Desktop/Work/ROBOTECH/lab2/ex09/full_name_message/install/full_name_message/include/full_name_message/full_name_message/srv/detail/get_full_name__functions.c
[154.134s] -- Up-to-date: /mnt/c/Users/game_/Desktop/Work/ROBOTECH/lab2/ex09/full_name_message/install/full_name_message/include/full_name_message/full_name_message/srv/detail/get_full_name__functions.h
[154.198s] -- Up-to-date: /mnt/c/Users/game_/Desktop/Work/ROBOTECH/lab2/ex09/full_name_message/install/full_name_message/include/full_name_message/full_name_message/srv/detail/get_full_name__struct.h
[154.260s] -- Up-to-date: /mnt/c/Users/game_/Desktop/Work/ROBOTECH/lab2/ex09/full_name_message/install/full_name_message/include/full_name_message/full_name_message/srv/detail/get_full_name__type_support.h
[154.305s] -- Installing: /mnt/c/Users/game_/Desktop/Work/ROBOTECH/lab2/ex09/full_name_message/install/full_name_message/include/full_name_message/full_name_message/srv/full_name_sum_service.h
[154.488s] -- Up-to-date: /mnt/c/Users/game_/Desktop/Work/ROBOTECH/lab2/ex09/full_name_message/install/full_name_message/include/full_name_message/full_name_message/srv/get_full_name.h
[154.529s] -- Up-to-date: /mnt/c/Users/game_/Desktop/Work/ROBOTECH/lab2/ex09/full_name_message/install/full_name_message/share/full_name_message/environment/library_path.sh
[154.583s] -- Installing: /mnt/c/Users/game_/Desktop/Work/ROBOTECH/lab2/ex09/full_name_message/install/full_name_message/share/full_name_message/environment/library_path.dsv
[154.764s] -- Installing: /mnt/c/Users/game_/Desktop/Work/ROBOTECH/lab2/ex09/full_name_message/install/full_name_message/lib/libfull_name_message__rosidl_generator_c.so
[154.937s] -- Set runtime path of "/mnt/c/Users/game_/Desktop/Work/ROBOTECH/lab2/ex09/full_name_message/install/full_name_message/lib/libfull_name_message__rosidl_generator_c.so" to ""
[154.961s] -- Up-to-date: /mnt/c/Users/game_/Desktop/Work/ROBOTECH/lab2/ex09/full_name_message/install/full_name_message/include/full_name_message/full_name_message
[155.009s] -- Up-to-date: /mnt/c/Users/game_/Desktop/Work/ROBOTECH/lab2/ex09/full_name_message/install/full_name_message/include/full_name_message/full_name_message/msg
[155.068s] -- Up-to-date: /mnt/c/Users/game_/Desktop/Work/ROBOTECH/lab2/ex09/full_name_message/install/full_name_message/include/full_name_message/full_name_message/msg/detail
[155.153s] -- Installing: /mnt/c/Users/game_/Desktop/Work/ROBOTECH/lab2/ex09/full_name_message/install/full_name_message/include/full_name_message/full_name_message/msg/detail/name__rosidl_typesupport_fastrtps_c.h
[155.391s] -- Up-to-date: /mnt/c/Users/game_/Desktop/Work/ROBOTECH/lab2/ex09/full_name_message/install/full_name_message/include/full_name_message/full_name_message/msg/rosidl_typesupport_fastrtps_c__visibility_control.h
[155.430s] -- Up-to-date: /mnt/c/Users/game_/Desktop/Work/ROBOTECH/lab2/ex09/full_name_message/install/full_name_message/include/full_name_message/full_name_message/srv
[155.503s] -- Up-to-date: /mnt/c/Users/game_/Desktop/Work/ROBOTECH/lab2/ex09/full_name_message/install/full_name_message/include/full_name_message/full_name_message/srv/detail
[155.596s] -- Installing: /mnt/c/Users/game_/Desktop/Work/ROBOTECH/lab2/ex09/full_name_message/install/full_name_message/include/full_name_message/full_name_message/srv/detail/full_name_sum_service__rosidl_typesupport_fastrtps_c.h
[155.853s] -- Up-to-date: /mnt/c/Users/game_/Desktop/Work/ROBOTECH/lab2/ex09/full_name_message/install/full_name_message/include/full_name_message/full_name_message/srv/detail/get_full_name__rosidl_typesupport_fastrtps_c.h
[155.941s] -- Installing: /mnt/c/Users/game_/Desktop/Work/ROBOTECH/lab2/ex09/full_name_message/install/full_name_message/lib/libfull_name_message__rosidl_typesupport_fastrtps_c.so
[156.095s] -- Set runtime path of "/mnt/c/Users/game_/Desktop/Work/ROBOTECH/lab2/ex09/full_name_message/install/full_name_message/lib/libfull_name_message__rosidl_typesupport_fastrtps_c.so" to ""
[156.116s] -- Up-to-date: /mnt/c/Users/game_/Desktop/Work/ROBOTECH/lab2/ex09/full_name_message/install/full_name_message/include/full_name_message/full_name_message
[156.168s] -- Up-to-date: /mnt/c/Users/game_/Desktop/Work/ROBOTECH/lab2/ex09/full_name_message/install/full_name_message/include/full_name_message/full_name_message/msg
[156.227s] -- Up-to-date: /mnt/c/Users/game_/Desktop/Work/ROBOTECH/lab2/ex09/full_name_message/install/full_name_message/include/full_name_message/full_name_message/msg/detail
[156.307s] -- Installing: /mnt/c/Users/game_/Desktop/Work/ROBOTECH/lab2/ex09/full_name_message/install/full_name_message/include/full_name_message/full_name_message/msg/detail/name__rosidl_typesupport_introspection_c.h
[156.514s] -- Installing: /mnt/c/Users/game_/Desktop/Work/ROBOTECH/lab2/ex09/full_name_message/install/full_name_message/include/full_name_message/full_name_message/msg/detail/name__type_support.c
[156.698s] -- Up-to-date: /mnt/c/Users/game_/Desktop/Work/ROBOTECH/lab2/ex09/full_name_message/install/full_name_message/include/full_name_message/full_name_message/msg/rosidl_typesupport_introspection_c__visibility_control.h
[156.747s] -- Up-to-date: /mnt/c/Users/game_/Desktop/Work/ROBOTECH/lab2/ex09/full_name_message/install/full_name_message/include/full_name_message/full_name_message/srv
[156.802s] -- Up-to-date: /mnt/c/Users/game_/Desktop/Work/ROBOTECH/lab2/ex09/full_name_message/install/full_name_message/include/full_name_message/full_name_message/srv/detail
[156.902s] -- Installing: /mnt/c/Users/game_/Desktop/Work/ROBOTECH/lab2/ex09/full_name_message/install/full_name_message/include/full_name_message/full_name_message/srv/detail/full_name_sum_service__rosidl_typesupport_introspection_c.h
[157.118s] -- Installing: /mnt/c/Users/game_/Desktop/Work/ROBOTECH/lab2/ex09/full_name_message/install/full_name_message/include/full_name_message/full_name_message/srv/detail/full_name_sum_service__type_support.c
[157.359s] -- Up-to-date: /mnt/c/Users/game_/Desktop/Work/ROBOTECH/lab2/ex09/full_name_message/install/full_name_message/include/full_name_message/full_name_message/srv/detail/get_full_name__rosidl_typesupport_introspection_c.h
[157.421s] -- Up-to-date: /mnt/c/Users/game_/Desktop/Work/ROBOTECH/lab2/ex09/full_name_message/install/full_name_message/include/full_name_message/full_name_message/srv/detail/get_full_name__type_support.c
[157.497s] -- Installing: /mnt/c/Users/game_/Desktop/Work/ROBOTECH/lab2/ex09/full_name_message/install/full_name_message/lib/libfull_name_message__rosidl_typesupport_introspection_c.so
[157.644s] -- Set runtime path of "/mnt/c/Users/game_/Desktop/Work/ROBOTECH/lab2/ex09/full_name_message/install/full_name_message/lib/libfull_name_message__rosidl_typesupport_introspection_c.so" to ""
[157.715s] -- Installing: /mnt/c/Users/game_/Desktop/Work/ROBOTECH/lab2/ex09/full_name_message/install/full_name_message/lib/libfull_name_message__rosidl_typesupport_c.so
[157.866s] -- Set runtime path of "/mnt/c/Users/game_/Desktop/Work/ROBOTECH/lab2/ex09/full_name_message/install/full_name_message/lib/libfull_name_message__rosidl_typesupport_c.so" to ""
[157.890s] -- Up-to-date: /mnt/c/Users/game_/Desktop/Work/ROBOTECH/lab2/ex09/full_name_message/install/full_name_message/include/full_name_message/full_name_message
[157.951s] -- Up-to-date: /mnt/c/Users/game_/Desktop/Work/ROBOTECH/lab2/ex09/full_name_message/install/full_name_message/include/full_name_message/full_name_message/msg
[158.007s] -- Up-to-date: /mnt/c/Users/game_/Desktop/Work/ROBOTECH/lab2/ex09/full_name_message/install/full_name_message/include/full_name_message/full_name_message/msg/detail
[158.082s] -- Installing: /mnt/c/Users/game_/Desktop/Work/ROBOTECH/lab2/ex09/full_name_message/install/full_name_message/include/full_name_message/full_name_message/msg/detail/name__builder.hpp
[158.278s] -- Installing: /mnt/c/Users/game_/Desktop/Work/ROBOTECH/lab2/ex09/full_name_message/install/full_name_message/include/full_name_message/full_name_message/msg/detail/name__struct.hpp
[158.518s] -- Installing: /mnt/c/Users/game_/Desktop/Work/ROBOTECH/lab2/ex09/full_name_message/install/full_name_message/include/full_name_message/full_name_message/msg/detail/name__traits.hpp
[158.728s] -- Installing: /mnt/c/Users/game_/Desktop/Work/ROBOTECH/lab2/ex09/full_name_message/install/full_name_message/include/full_name_message/full_name_message/msg/name.hpp
[158.881s] -- Up-to-date: /mnt/c/Users/game_/Desktop/Work/ROBOTECH/lab2/ex09/full_name_message/install/full_name_message/include/full_name_message/full_name_message/srv
[158.939s] -- Up-to-date: /mnt/c/Users/game_/Desktop/Work/ROBOTECH/lab2/ex09/full_name_message/install/full_name_message/include/full_name_message/full_name_message/srv/detail
[159.012s] -- Installing: /mnt/c/Users/game_/Desktop/Work/ROBOTECH/lab2/ex09/full_name_message/install/full_name_message/include/full_name_message/full_name_message/srv/detail/full_name_sum_service__builder.hpp
[159.221s] -- Installing: /mnt/c/Users/game_/Desktop/Work/ROBOTECH/lab2/ex09/full_name_message/install/full_name_message/include/full_name_message/full_name_message/srv/detail/full_name_sum_service__struct.hpp
[159.412s] -- Installing: /mnt/c/Users/game_/Desktop/Work/ROBOTECH/lab2/ex09/full_name_message/install/full_name_message/include/full_name_message/full_name_message/srv/detail/full_name_sum_service__traits.hpp
[159.608s] -- Up-to-date: /mnt/c/Users/game_/Desktop/Work/ROBOTECH/lab2/ex09/full_name_message/install/full_name_message/include/full_name_message/full_name_message/srv/detail/get_full_name__builder.hpp
[159.666s] -- Up-to-date: /mnt/c/Users/game_/Desktop/Work/ROBOTECH/lab2/ex09/full_name_message/install/full_name_message/include/full_name_message/full_name_message/srv/detail/get_full_name__struct.hpp
[159.725s] -- Up-to-date: /mnt/c/Users/game_/Desktop/Work/ROBOTECH/lab2/ex09/full_name_message/install/full_name_message/include/full_name_message/full_name_message/srv/detail/get_full_name__traits.hpp
[159.771s] -- Installing: /mnt/c/Users/game_/Desktop/Work/ROBOTECH/lab2/ex09/full_name_message/install/full_name_message/include/full_name_message/full_name_message/srv/full_name_sum_service.hpp
[159.942s] -- Up-to-date: /mnt/c/Users/game_/Desktop/Work/ROBOTECH/lab2/ex09/full_name_message/install/full_name_message/include/full_name_message/full_name_message/srv/get_full_name.hpp
[159.971s] -- Up-to-date: /mnt/c/Users/game_/Desktop/Work/ROBOTECH/lab2/ex09/full_name_message/install/full_name_message/include/full_name_message/full_name_message
[160.016s] -- Up-to-date: /mnt/c/Users/game_/Desktop/Work/ROBOTECH/lab2/ex09/full_name_message/install/full_name_message/include/full_name_message/full_name_message/msg
[160.070s] -- Up-to-date: /mnt/c/Users/game_/Desktop/Work/ROBOTECH/lab2/ex09/full_name_message/install/full_name_message/include/full_name_message/full_name_message/msg/detail
[160.133s] -- Installing: /mnt/c/Users/game_/Desktop/Work/ROBOTECH/lab2/ex09/full_name_message/install/full_name_message/include/full_name_message/full_name_message/msg/detail/dds_fastrtps
[160.257s] -- Installing: /mnt/c/Users/game_/Desktop/Work/ROBOTECH/lab2/ex09/full_name_message/install/full_name_message/include/full_name_message/full_name_message/msg/detail/name__rosidl_typesupport_fastrtps_cpp.hpp
[160.464s] -- Up-to-date: /mnt/c/Users/game_/Desktop/Work/ROBOTECH/lab2/ex09/full_name_message/install/full_name_message/include/full_name_message/full_name_message/msg/rosidl_typesupport_fastrtps_cpp__visibility_control.h
[160.498s] -- Up-to-date: /mnt/c/Users/game_/Desktop/Work/ROBOTECH/lab2/ex09/full_name_message/install/full_name_message/include/full_name_message/full_name_message/srv
[160.553s] -- Up-to-date: /mnt/c/Users/game_/Desktop/Work/ROBOTECH/lab2/ex09/full_name_message/install/full_name_message/include/full_name_message/full_name_message/srv/detail
[160.618s] -- Up-to-date: /mnt/c/Users/game_/Desktop/Work/ROBOTECH/lab2/ex09/full_name_message/install/full_name_message/include/full_name_message/full_name_message/srv/detail/dds_fastrtps
[160.705s] -- Installing: /mnt/c/Users/game_/Desktop/Work/ROBOTECH/lab2/ex09/full_name_message/install/full_name_message/include/full_name_message/full_name_message/srv/detail/full_name_sum_service__rosidl_typesupport_fastrtps_cpp.hpp
[160.971s] -- Up-to-date: /mnt/c/Users/game_/Desktop/Work/ROBOTECH/lab2/ex09/full_name_message/install/full_name_message/include/full_name_message/full_name_message/srv/detail/get_full_name__rosidl_typesupport_fastrtps_cpp.hpp
[161.039s] -- Installing: /mnt/c/Users/game_/Desktop/Work/ROBOTECH/lab2/ex09/full_name_message/install/full_name_message/lib/libfull_name_message__rosidl_typesupport_fastrtps_cpp.so
[161.160s] -- Set runtime path of "/mnt/c/Users/game_/Desktop/Work/ROBOTECH/lab2/ex09/full_name_message/install/full_name_message/lib/libfull_name_message__rosidl_typesupport_fastrtps_cpp.so" to ""
[161.182s] -- Up-to-date: /mnt/c/Users/game_/Desktop/Work/ROBOTECH/lab2/ex09/full_name_message/install/full_name_message/include/full_name_message/full_name_message
[161.230s] -- Up-to-date: /mnt/c/Users/game_/Desktop/Work/ROBOTECH/lab2/ex09/full_name_message/install/full_name_message/include/full_name_message/full_name_message/msg
[161.284s] -- Up-to-date: /mnt/c/Users/game_/Desktop/Work/ROBOTECH/lab2/ex09/full_name_message/install/full_name_message/include/full_name_message/full_name_message/msg/detail
[161.347s] -- Installing: /mnt/c/Users/game_/Desktop/Work/ROBOTECH/lab2/ex09/full_name_message/install/full_name_message/include/full_name_message/full_name_message/msg/detail/name__rosidl_typesupport_introspection_cpp.hpp
[161.523s] -- Installing: /mnt/c/Users/game_/Desktop/Work/ROBOTECH/lab2/ex09/full_name_message/install/full_name_message/include/full_name_message/full_name_message/msg/detail/name__type_support.cpp
[161.681s] -- Up-to-date: /mnt/c/Users/game_/Desktop/Work/ROBOTECH/lab2/ex09/full_name_message/install/full_name_message/include/full_name_message/full_name_message/srv
[161.744s] -- Up-to-date: /mnt/c/Users/game_/Desktop/Work/ROBOTECH/lab2/ex09/full_name_message/install/full_name_message/include/full_name_message/full_name_message/srv/detail
[161.821s] -- Installing: /mnt/c/Users/game_/Desktop/Work/ROBOTECH/lab2/ex09/full_name_message/install/full_name_message/include/full_name_message/full_name_message/srv/detail/full_name_sum_service__rosidl_typesupport_introspection_cpp.hpp
[162.004s] -- Installing: /mnt/c/Users/game_/Desktop/Work/ROBOTECH/lab2/ex09/full_name_message/install/full_name_message/include/full_name_message/full_name_message/srv/detail/full_name_sum_service__type_support.cpp
[162.180s] -- Up-to-date: /mnt/c/Users/game_/Desktop/Work/ROBOTECH/lab2/ex09/full_name_message/install/full_name_message/include/full_name_message/full_name_message/srv/detail/get_full_name__rosidl_typesupport_introspection_cpp.hpp
[162.229s] -- Up-to-date: /mnt/c/Users/game_/Desktop/Work/ROBOTECH/lab2/ex09/full_name_message/install/full_name_message/include/full_name_message/full_name_message/srv/detail/get_full_name__type_support.cpp
[162.305s] -- Installing: /mnt/c/Users/game_/Desktop/Work/ROBOTECH/lab2/ex09/full_name_message/install/full_name_message/lib/libfull_name_message__rosidl_typesupport_introspection_cpp.so
[162.438s] -- Set runtime path of "/mnt/c/Users/game_/Desktop/Work/ROBOTECH/lab2/ex09/full_name_message/install/full_name_message/lib/libfull_name_message__rosidl_typesupport_introspection_cpp.so" to ""
[162.504s] -- Installing: /mnt/c/Users/game_/Desktop/Work/ROBOTECH/lab2/ex09/full_name_message/install/full_name_message/lib/libfull_name_message__rosidl_typesupport_cpp.so
[162.662s] -- Set runtime path of "/mnt/c/Users/game_/Desktop/Work/ROBOTECH/lab2/ex09/full_name_message/install/full_name_message/lib/libfull_name_message__rosidl_typesupport_cpp.so" to ""
[162.700s] -- Up-to-date: /mnt/c/Users/game_/Desktop/Work/ROBOTECH/lab2/ex09/full_name_message/install/full_name_message/share/full_name_message/environment/pythonpath.sh
[162.744s] -- Installing: /mnt/c/Users/game_/Desktop/Work/ROBOTECH/lab2/ex09/full_name_message/install/full_name_message/share/full_name_message/environment/pythonpath.dsv
[162.898s] -- Up-to-date: /mnt/c/Users/game_/Desktop/Work/ROBOTECH/lab2/ex09/full_name_message/install/full_name_message/local/lib/python3.10/dist-packages/full_name_message-0.0.0-py3.10.egg-info
[162.971s] -- Installing: /mnt/c/Users/game_/Desktop/Work/ROBOTECH/lab2/ex09/full_name_message/install/full_name_message/local/lib/python3.10/dist-packages/full_name_message-0.0.0-py3.10.egg-info/dependency_links.txt
[163.178s] -- Installing: /mnt/c/Users/game_/Desktop/Work/ROBOTECH/lab2/ex09/full_name_message/install/full_name_message/local/lib/python3.10/dist-packages/full_name_message-0.0.0-py3.10.egg-info/PKG-INFO
[163.376s] -- Installing: /mnt/c/Users/game_/Desktop/Work/ROBOTECH/lab2/ex09/full_name_message/install/full_name_message/local/lib/python3.10/dist-packages/full_name_message-0.0.0-py3.10.egg-info/SOURCES.txt
[163.545s] -- Installing: /mnt/c/Users/game_/Desktop/Work/ROBOTECH/lab2/ex09/full_name_message/install/full_name_message/local/lib/python3.10/dist-packages/full_name_message-0.0.0-py3.10.egg-info/top_level.txt
[163.722s] -- Up-to-date: /mnt/c/Users/game_/Desktop/Work/ROBOTECH/lab2/ex09/full_name_message/install/full_name_message/local/lib/python3.10/dist-packages/full_name_message
[163.778s] -- Installing: /mnt/c/Users/game_/Desktop/Work/ROBOTECH/lab2/ex09/full_name_message/install/full_name_message/local/lib/python3.10/dist-packages/full_name_message/full_name_message_s__rosidl_typesupport_c.cpython-310-x86_64-linux-gnu.so
[163.955s] -- Installing: /mnt/c/Users/game_/Desktop/Work/ROBOTECH/lab2/ex09/full_name_message/install/full_name_message/local/lib/python3.10/dist-packages/full_name_message/full_name_message_s__rosidl_typesupport_fastrtps_c.cpython-310-x86_64-linux-gnu.so
[164.137s] -- Installing: /mnt/c/Users/game_/Desktop/Work/ROBOTECH/lab2/ex09/full_name_message/install/full_name_message/local/lib/python3.10/dist-packages/full_name_message/full_name_message_s__rosidl_typesupport_introspection_c.cpython-310-x86_64-linux-gnu.so
[164.330s] -- Installing: /mnt/c/Users/game_/Desktop/Work/ROBOTECH/lab2/ex09/full_name_message/install/full_name_message/local/lib/python3.10/dist-packages/full_name_message/libfull_name_message__rosidl_generator_py.so
[164.517s] -- Installing: /mnt/c/Users/game_/Desktop/Work/ROBOTECH/lab2/ex09/full_name_message/install/full_name_message/local/lib/python3.10/dist-packages/full_name_message/msg
[164.634s] -- Installing: /mnt/c/Users/game_/Desktop/Work/ROBOTECH/lab2/ex09/full_name_message/install/full_name_message/local/lib/python3.10/dist-packages/full_name_message/msg/_name.py
[164.839s] -- Installing: /mnt/c/Users/game_/Desktop/Work/ROBOTECH/lab2/ex09/full_name_message/install/full_name_message/local/lib/python3.10/dist-packages/full_name_message/msg/_name_s.c
[165.054s] -- Installing: /mnt/c/Users/game_/Desktop/Work/ROBOTECH/lab2/ex09/full_name_message/install/full_name_message/local/lib/python3.10/dist-packages/full_name_message/msg/__init__.py
[165.248s] -- Up-to-date: /mnt/c/Users/game_/Desktop/Work/ROBOTECH/lab2/ex09/full_name_message/install/full_name_message/local/lib/python3.10/dist-packages/full_name_message/srv
[165.319s] -- Installing: /mnt/c/Users/game_/Desktop/Work/ROBOTECH/lab2/ex09/full_name_message/install/full_name_message/local/lib/python3.10/dist-packages/full_name_message/srv/_full_name_sum_service.py
[165.531s] -- Installing: /mnt/c/Users/game_/Desktop/Work/ROBOTECH/lab2/ex09/full_name_message/install/full_name_message/local/lib/python3.10/dist-packages/full_name_message/srv/_full_name_sum_service_s.c
[165.748s] -- Up-to-date: /mnt/c/Users/game_/Desktop/Work/ROBOTECH/lab2/ex09/full_name_message/install/full_name_message/local/lib/python3.10/dist-packages/full_name_message/srv/_get_full_name.py
[165.803s] -- Up-to-date: /mnt/c/Users/game_/Desktop/Work/ROBOTECH/lab2/ex09/full_name_message/install/full_name_message/local/lib/python3.10/dist-packages/full_name_message/srv/_get_full_name_s.c
[165.861s] -- Installing: /mnt/c/Users/game_/Desktop/Work/ROBOTECH/lab2/ex09/full_name_message/install/full_name_message/local/lib/python3.10/dist-packages/full_name_message/srv/__init__.py
[166.074s] -- Installing: /mnt/c/Users/game_/Desktop/Work/ROBOTECH/lab2/ex09/full_name_message/install/full_name_message/local/lib/python3.10/dist-packages/full_name_message/_full_name_message_s.ep.rosidl_typesupport_c.c
[166.266s] -- Installing: /mnt/c/Users/game_/Desktop/Work/ROBOTECH/lab2/ex09/full_name_message/install/full_name_message/local/lib/python3.10/dist-packages/full_name_message/_full_name_message_s.ep.rosidl_typesupport_fastrtps_c.c
[166.456s] -- Installing: /mnt/c/Users/game_/Desktop/Work/ROBOTECH/lab2/ex09/full_name_message/install/full_name_message/local/lib/python3.10/dist-packages/full_name_message/_full_name_message_s.ep.rosidl_typesupport_introspection_c.c
[166.644s] -- Installing: /mnt/c/Users/game_/Desktop/Work/ROBOTECH/lab2/ex09/full_name_message/install/full_name_message/local/lib/python3.10/dist-packages/full_name_message/__init__.py
[167.732s] Listing '/mnt/c/Users/game_/Desktop/Work/ROBOTECH/lab2/ex09/full_name_message/install/full_name_message/local/lib/python3.10/dist-packages/full_name_message'...
[167.734s] Compiling '/mnt/c/Users/game_/Desktop/Work/ROBOTECH/lab2/ex09/full_name_message/install/full_name_message/local/lib/python3.10/dist-packages/full_name_message/__init__.py'...
[167.736s] Listing '/mnt/c/Users/game_/Desktop/Work/ROBOTECH/lab2/ex09/full_name_message/install/full_name_message/local/lib/python3.10/dist-packages/full_name_message/msg'...
[167.738s] Compiling '/mnt/c/Users/game_/Desktop/Work/ROBOTECH/lab2/ex09/full_name_message/install/full_name_message/local/lib/python3.10/dist-packages/full_name_message/msg/__init__.py'...
[167.740s] Compiling '/mnt/c/Users/game_/Desktop/Work/ROBOTECH/lab2/ex09/full_name_message/install/full_name_message/local/lib/python3.10/dist-packages/full_name_message/msg/_name.py'...
[167.742s] Listing '/mnt/c/Users/game_/Desktop/Work/ROBOTECH/lab2/ex09/full_name_message/install/full_name_message/local/lib/python3.10/dist-packages/full_name_message/srv'...
[167.744s] Compiling '/mnt/c/Users/game_/Desktop/Work/ROBOTECH/lab2/ex09/full_name_message/install/full_name_message/local/lib/python3.10/dist-packages/full_name_message/srv/__init__.py'...
[167.747s] Compiling '/mnt/c/Users/game_/Desktop/Work/ROBOTECH/lab2/ex09/full_name_message/install/full_name_message/local/lib/python3.10/dist-packages/full_name_message/srv/_full_name_sum_service.py'...
[167.890s] -- Installing: /mnt/c/Users/game_/Desktop/Work/ROBOTECH/lab2/ex09/full_name_message/install/full_name_message/local/lib/python3.10/dist-packages/full_name_message/full_name_message_s__rosidl_typesupport_fastrtps_c.cpython-310-x86_64-linux-gnu.so
[168.146s] -- Set runtime path of "/mnt/c/Users/game_/Desktop/Work/ROBOTECH/lab2/ex09/full_name_message/install/full_name_message/local/lib/python3.10/dist-packages/full_name_message/full_name_message_s__rosidl_typesupport_fastrtps_c.cpython-310-x86_64-linux-gnu.so" to ""
[168.255s] -- Installing: /mnt/c/Users/game_/Desktop/Work/ROBOTECH/lab2/ex09/full_name_message/install/full_name_message/local/lib/python3.10/dist-packages/full_name_message/full_name_message_s__rosidl_typesupport_introspection_c.cpython-310-x86_64-linux-gnu.so
[168.496s] -- Set runtime path of "/mnt/c/Users/game_/Desktop/Work/ROBOTECH/lab2/ex09/full_name_message/install/full_name_message/local/lib/python3.10/dist-packages/full_name_message/full_name_message_s__rosidl_typesupport_introspection_c.cpython-310-x86_64-linux-gnu.so" to ""
[168.608s] -- Installing: /mnt/c/Users/game_/Desktop/Work/ROBOTECH/lab2/ex09/full_name_message/install/full_name_message/local/lib/python3.10/dist-packages/full_name_message/full_name_message_s__rosidl_typesupport_c.cpython-310-x86_64-linux-gnu.so
[168.868s] -- Set runtime path of "/mnt/c/Users/game_/Desktop/Work/ROBOTECH/lab2/ex09/full_name_message/install/full_name_message/local/lib/python3.10/dist-packages/full_name_message/full_name_message_s__rosidl_typesupport_c.cpython-310-x86_64-linux-gnu.so" to ""
[168.950s] -- Installing: /mnt/c/Users/game_/Desktop/Work/ROBOTECH/lab2/ex09/full_name_message/install/full_name_message/lib/libfull_name_message__rosidl_generator_py.so
[169.098s] -- Set runtime path of "/mnt/c/Users/game_/Desktop/Work/ROBOTECH/lab2/ex09/full_name_message/install/full_name_message/lib/libfull_name_message__rosidl_generator_py.so" to ""
[169.161s] -- Installing: /mnt/c/Users/game_/Desktop/Work/ROBOTECH/lab2/ex09/full_name_message/install/full_name_message/share/full_name_message/msg/Name.idl
[169.318s] -- Installing: /mnt/c/Users/game_/Desktop/Work/ROBOTECH/lab2/ex09/full_name_message/install/full_name_message/share/full_name_message/srv/FullNameSumService.idl
[169.480s] -- Installing: /mnt/c/Users/game_/Desktop/Work/ROBOTECH/lab2/ex09/full_name_message/install/full_name_message/share/full_name_message/msg/Name.msg
[169.609s] -- Installing: /mnt/c/Users/game_/Desktop/Work/ROBOTECH/lab2/ex09/full_name_message/install/full_name_message/share/full_name_message/srv/FullNameSumService.srv
[169.755s] -- Installing: /mnt/c/Users/game_/Desktop/Work/ROBOTECH/lab2/ex09/full_name_message/install/full_name_message/share/full_name_message/srv/FullNameSumService_Request.msg
[169.897s] -- Installing: /mnt/c/Users/game_/Desktop/Work/ROBOTECH/lab2/ex09/full_name_message/install/full_name_message/share/full_name_message/srv/FullNameSumService_Response.msg
[170.078s] -- Up-to-date: /mnt/c/Users/game_/Desktop/Work/ROBOTECH/lab2/ex09/full_name_message/install/full_name_message/share/ament_index/resource_index/package_run_dependencies/full_name_message
[170.148s] -- Up-to-date: /mnt/c/Users/game_/Desktop/Work/ROBOTECH/lab2/ex09/full_name_message/install/full_name_message/share/ament_index/resource_index/parent_prefix_path/full_name_message
[170.184s] -- Up-to-date: /mnt/c/Users/game_/Desktop/Work/ROBOTECH/lab2/ex09/full_name_message/install/full_name_message/share/full_name_message/environment/ament_prefix_path.sh
[170.233s] -- Installing: /mnt/c/Users/game_/Desktop/Work/ROBOTECH/lab2/ex09/full_name_message/install/full_name_message/share/full_name_message/environment/ament_prefix_path.dsv
[170.379s] -- Up-to-date: /mnt/c/Users/game_/Desktop/Work/ROBOTECH/lab2/ex09/full_name_message/install/full_name_message/share/full_name_message/environment/path.sh
[170.421s] -- Installing: /mnt/c/Users/game_/Desktop/Work/ROBOTECH/lab2/ex09/full_name_message/install/full_name_message/share/full_name_message/environment/path.dsv
[170.575s] -- Up-to-date: /mnt/c/Users/game_/Desktop/Work/ROBOTECH/lab2/ex09/full_name_message/install/full_name_message/share/full_name_message/local_setup.bash
[170.612s] -- Up-to-date: /mnt/c/Users/game_/Desktop/Work/ROBOTECH/lab2/ex09/full_name_message/install/full_name_message/share/full_name_message/local_setup.sh
[170.649s] -- Up-to-date: /mnt/c/Users/game_/Desktop/Work/ROBOTECH/lab2/ex09/full_name_message/install/full_name_message/share/full_name_message/local_setup.zsh
[170.691s] -- Installing: /mnt/c/Users/game_/Desktop/Work/ROBOTECH/lab2/ex09/full_name_message/install/full_name_message/share/full_name_message/local_setup.dsv
[170.817s] -- Installing: /mnt/c/Users/game_/Desktop/Work/ROBOTECH/lab2/ex09/full_name_message/install/full_name_message/share/full_name_message/package.dsv
[170.961s] -- Up-to-date: /mnt/c/Users/game_/Desktop/Work/ROBOTECH/lab2/ex09/full_name_message/install/full_name_message/share/ament_index/resource_index/packages/full_name_message
[171.074s] -- Up-to-date: /mnt/c/Users/game_/Desktop/Work/ROBOTECH/lab2/ex09/full_name_message/install/full_name_message/share/full_name_message/cmake/export_full_name_message__rosidl_generator_cExport.cmake
[171.137s] -- Up-to-date: /mnt/c/Users/game_/Desktop/Work/ROBOTECH/lab2/ex09/full_name_message/install/full_name_message/share/full_name_message/cmake/export_full_name_message__rosidl_generator_cExport-noconfig.cmake
[171.245s] -- Up-to-date: /mnt/c/Users/game_/Desktop/Work/ROBOTECH/lab2/ex09/full_name_message/install/full_name_message/share/full_name_message/cmake/export_full_name_message__rosidl_typesupport_fastrtps_cExport.cmake
[171.310s] -- Up-to-date: /mnt/c/Users/game_/Desktop/Work/ROBOTECH/lab2/ex09/full_name_message/install/full_name_message/share/full_name_message/cmake/export_full_name_message__rosidl_typesupport_fastrtps_cExport-noconfig.cmake
[171.397s] -- Up-to-date: /mnt/c/Users/game_/Desktop/Work/ROBOTECH/lab2/ex09/full_name_message/install/full_name_message/share/full_name_message/cmake/full_name_message__rosidl_typesupport_introspection_cExport.cmake
[171.455s] -- Up-to-date: /mnt/c/Users/game_/Desktop/Work/ROBOTECH/lab2/ex09/full_name_message/install/full_name_message/share/full_name_message/cmake/full_name_message__rosidl_typesupport_introspection_cExport-noconfig.cmake
[171.545s] -- Up-to-date: /mnt/c/Users/game_/Desktop/Work/ROBOTECH/lab2/ex09/full_name_message/install/full_name_message/share/full_name_message/cmake/full_name_message__rosidl_typesupport_cExport.cmake
[171.602s] -- Up-to-date: /mnt/c/Users/game_/Desktop/Work/ROBOTECH/lab2/ex09/full_name_message/install/full_name_message/share/full_name_message/cmake/full_name_message__rosidl_typesupport_cExport-noconfig.cmake
[171.707s] -- Up-to-date: /mnt/c/Users/game_/Desktop/Work/ROBOTECH/lab2/ex09/full_name_message/install/full_name_message/share/full_name_message/cmake/export_full_name_message__rosidl_generator_cppExport.cmake
[171.808s] -- Up-to-date: /mnt/c/Users/game_/Desktop/Work/ROBOTECH/lab2/ex09/full_name_message/install/full_name_message/share/full_name_message/cmake/export_full_name_message__rosidl_typesupport_fastrtps_cppExport.cmake
[171.880s] -- Up-to-date: /mnt/c/Users/game_/Desktop/Work/ROBOTECH/lab2/ex09/full_name_message/install/full_name_message/share/full_name_message/cmake/export_full_name_message__rosidl_typesupport_fastrtps_cppExport-noconfig.cmake
[171.982s] -- Up-to-date: /mnt/c/Users/game_/Desktop/Work/ROBOTECH/lab2/ex09/full_name_message/install/full_name_message/share/full_name_message/cmake/full_name_message__rosidl_typesupport_introspection_cppExport.cmake
[172.063s] -- Up-to-date: /mnt/c/Users/game_/Desktop/Work/ROBOTECH/lab2/ex09/full_name_message/install/full_name_message/share/full_name_message/cmake/full_name_message__rosidl_typesupport_introspection_cppExport-noconfig.cmake
[172.159s] -- Up-to-date: /mnt/c/Users/game_/Desktop/Work/ROBOTECH/lab2/ex09/full_name_message/install/full_name_message/share/full_name_message/cmake/full_name_message__rosidl_typesupport_cppExport.cmake
[172.218s] -- Up-to-date: /mnt/c/Users/game_/Desktop/Work/ROBOTECH/lab2/ex09/full_name_message/install/full_name_message/share/full_name_message/cmake/full_name_message__rosidl_typesupport_cppExport-noconfig.cmake
[172.323s] -- Up-to-date: /mnt/c/Users/game_/Desktop/Work/ROBOTECH/lab2/ex09/full_name_message/install/full_name_message/share/full_name_message/cmake/export_full_name_message__rosidl_generator_pyExport.cmake
[172.381s] -- Up-to-date: /mnt/c/Users/game_/Desktop/Work/ROBOTECH/lab2/ex09/full_name_message/install/full_name_message/share/full_name_message/cmake/export_full_name_message__rosidl_generator_pyExport-noconfig.cmake
[172.420s] -- Installing: /mnt/c/Users/game_/Desktop/Work/ROBOTECH/lab2/ex09/full_name_message/install/full_name_message/share/full_name_message/cmake/rosidl_cmake-extras.cmake
[172.555s] -- Up-to-date: /mnt/c/Users/game_/Desktop/Work/ROBOTECH/lab2/ex09/full_name_message/install/full_name_message/share/full_name_message/cmake/ament_cmake_export_include_directories-extras.cmake
[172.610s] -- Up-to-date: /mnt/c/Users/game_/Desktop/Work/ROBOTECH/lab2/ex09/full_name_message/install/full_name_message/share/full_name_message/cmake/ament_cmake_export_libraries-extras.cmake
[172.650s] -- Up-to-date: /mnt/c/Users/game_/Desktop/Work/ROBOTECH/lab2/ex09/full_name_message/install/full_name_message/share/full_name_message/cmake/ament_cmake_export_targets-extras.cmake
[172.707s] -- Up-to-date: /mnt/c/Users/game_/Desktop/Work/ROBOTECH/lab2/ex09/full_name_message/install/full_name_message/share/full_name_message/cmake/rosidl_cmake_export_typesupport_targets-extras.cmake
[172.748s] -- Up-to-date: /mnt/c/Users/game_/Desktop/Work/ROBOTECH/lab2/ex09/full_name_message/install/full_name_message/share/full_name_message/cmake/ament_cmake_export_dependencies-extras.cmake
[172.793s] -- Up-to-date: /mnt/c/Users/game_/Desktop/Work/ROBOTECH/lab2/ex09/full_name_message/install/full_name_message/share/full_name_message/cmake/rosidl_cmake_export_typesupport_libraries-extras.cmake
[172.835s] -- Up-to-date: /mnt/c/Users/game_/Desktop/Work/ROBOTECH/lab2/ex09/full_name_message/install/full_name_message/share/full_name_message/cmake/full_name_messageConfig.cmake
[172.868s] -- Up-to-date: /mnt/c/Users/game_/Desktop/Work/ROBOTECH/lab2/ex09/full_name_message/install/full_name_message/share/full_name_message/cmake/full_name_messageConfig-version.cmake
[172.904s] -- Up-to-date: /mnt/c/Users/game_/Desktop/Work/ROBOTECH/lab2/ex09/full_name_message/install/full_name_message/share/full_name_message/package.xml
[172.937s] Invoked command in '/mnt/c/Users/game_/Desktop/Work/ROBOTECH/lab2/ex09/full_name_message/build/full_name_message' returned '0': CMAKE_PREFIX_PATH=${CMAKE_PREFIX_PATH}:/root/ros2_ws/install/examples_rclpy_minimal_subscriber:/root/ros2_ws/install/examples_rclpy_minimal_service:/root/ros2_ws/install/examples_rclpy_minimal_publisher:/root/ros2_ws/install/examples_rclpy_minimal_client:/root/ros2_ws/install/examples_rclpy_minimal_action_server:/root/ros2_ws/install/examples_rclpy_minimal_action_client:/root/ros2_ws/install/examples_rclpy_guard_conditions:/root/ros2_ws/install/examples_rclpy_executors:/opt/ros/humble /usr/bin/cmake --install /mnt/c/Users/game_/Desktop/Work/ROBOTECH/lab2/ex09/full_name_message/build/full_name_message
