[0.392s] DEBUG:colcon:Command line arguments: ['/usr/bin/colcon', 'build', '--packages-select', 'text_to_cmd_vel']
[0.392s] DEBUG:colcon:Parsed command line arguments: Namespace(log_base=None, log_level=None, verb_name='build', build_base='build', install_base='install', merge_install=False, symlink_install=False, test_result_base=None, continue_on_error=False, executor='parallel', parallel_workers=16, event_handlers=None, ignore_user_meta=False, metas=['./colcon.meta'], base_paths=['.'], packages_ignore=None, packages_ignore_regex=None, paths=None, packages_up_to=None, packages_up_to_regex=None, packages_above=None, packages_above_and_dependencies=None, packages_above_depth=None, packages_select_by_dep=None, packages_skip_by_dep=None, packages_skip_up_to=None, packages_select_build_failed=False, packages_skip_build_finished=False, packages_select_test_failures=False, packages_skip_test_passed=False, packages_select=['text_to_cmd_vel'], packages_skip=None, packages_select_regex=None, packages_skip_regex=None, packages_start=None, packages_end=None, allow_overriding=[], cmake_args=None, cmake_target=None, cmake_target_skip_unavailable=False, cmake_clean_cache=False, cmake_clean_first=False, cmake_force_configure=False, ament_cmake_args=None, catkin_cmake_args=None, catkin_skip_building_tests=False, verb_parser=<colcon_defaults.argument_parser.defaults.DefaultArgumentsDecorator object at 0x7fef2d532fe0>, verb_extension=<colcon_core.verb.build.BuildVerb object at 0x7fef2dd30b50>, main=<bound method BuildVerb.main of <colcon_core.verb.build.BuildVerb object at 0x7fef2dd30b50>>)
[0.447s] Level 1:colcon.colcon_core.package_discovery:discover_packages(colcon_meta) check parameters
[0.448s] Level 1:colcon.colcon_core.package_discovery:discover_packages(recursive) check parameters
[0.448s] Level 1:colcon.colcon_core.package_discovery:discover_packages(ignore) check parameters
[0.448s] Level 1:colcon.colcon_core.package_discovery:discover_packages(path) check parameters
[0.448s] Level 1:colcon.colcon_core.package_discovery:discover_packages(colcon_meta) discover
[0.448s] Level 1:colcon.colcon_core.package_discovery:discover_packages(recursive) discover
[0.448s] INFO:colcon.colcon_core.package_discovery:Crawling recursively for packages in '/home/axenox/ros2_ws/src/text_to_cmd_vel'
[0.448s] Level 1:colcon.colcon_core.package_identification:_identify(.) by extensions ['ignore', 'ignore_ament_install']
[0.448s] Level 1:colcon.colcon_core.package_identification:_identify(.) by extension 'ignore'
[0.448s] Level 1:colcon.colcon_core.package_identification:_identify(.) by extension 'ignore_ament_install'
[0.448s] Level 1:colcon.colcon_core.package_identification:_identify(.) by extensions ['colcon_pkg']
[0.448s] Level 1:colcon.colcon_core.package_identification:_identify(.) by extension 'colcon_pkg'
[0.449s] Level 1:colcon.colcon_core.package_identification:_identify(.) by extensions ['colcon_meta']
[0.449s] Level 1:colcon.colcon_core.package_identification:_identify(.) by extension 'colcon_meta'
[0.449s] Level 1:colcon.colcon_core.package_identification:_identify(.) by extensions ['ros']
[0.449s] Level 1:colcon.colcon_core.package_identification:_identify(.) by extension 'ros'
[0.466s] DEBUG:colcon.colcon_core.package_identification:Package '.' with type 'ros.ament_cmake' and name 'text_to_cmd_vel'
[0.467s] Level 1:colcon.colcon_core.package_discovery:discover_packages(recursive) using defaults
[0.467s] Level 1:colcon.colcon_core.package_discovery:discover_packages(ignore) discover
[0.467s] Level 1:colcon.colcon_core.package_discovery:discover_packages(ignore) using defaults
[0.467s] Level 1:colcon.colcon_core.package_discovery:discover_packages(path) discover
[0.467s] Level 1:colcon.colcon_core.package_discovery:discover_packages(path) using defaults
[0.502s] Level 1:colcon.colcon_core.package_discovery:discover_packages(prefix_path) check parameters
[0.502s] Level 1:colcon.colcon_core.package_discovery:discover_packages(prefix_path) discover
[0.505s] DEBUG:colcon.colcon_installed_package_information.package_discovery:Found 1 installed packages in /home/axenox/ros2_ws/src/text_to_cmd_vel/install
[0.507s] DEBUG:colcon.colcon_installed_package_information.package_discovery:Found 1 installed packages in /home/axenox/ros2_ws/install
[0.509s] DEBUG:colcon.colcon_installed_package_information.package_discovery:Found 270 installed packages in /opt/ros/humble
[0.511s] Level 1:colcon.colcon_core.package_discovery:discover_packages(prefix_path) using defaults
[0.584s] Level 5:colcon.colcon_core.verb:set package 'text_to_cmd_vel' build argument 'cmake_args' from command line to 'None'
[0.585s] Level 5:colcon.colcon_core.verb:set package 'text_to_cmd_vel' build argument 'cmake_target' from command line to 'None'
[0.585s] Level 5:colcon.colcon_core.verb:set package 'text_to_cmd_vel' build argument 'cmake_target_skip_unavailable' from command line to 'False'
[0.585s] Level 5:colcon.colcon_core.verb:set package 'text_to_cmd_vel' build argument 'cmake_clean_cache' from command line to 'False'
[0.585s] Level 5:colcon.colcon_core.verb:set package 'text_to_cmd_vel' build argument 'cmake_clean_first' from command line to 'False'
[0.585s] Level 5:colcon.colcon_core.verb:set package 'text_to_cmd_vel' build argument 'cmake_force_configure' from command line to 'False'
[0.585s] Level 5:colcon.colcon_core.verb:set package 'text_to_cmd_vel' build argument 'ament_cmake_args' from command line to 'None'
[0.585s] Level 5:colcon.colcon_core.verb:set package 'text_to_cmd_vel' build argument 'catkin_cmake_args' from command line to 'None'
[0.585s] Level 5:colcon.colcon_core.verb:set package 'text_to_cmd_vel' build argument 'catkin_skip_building_tests' from command line to 'False'
[0.585s] DEBUG:colcon.colcon_core.verb:Building package 'text_to_cmd_vel' with the following arguments: {'ament_cmake_args': None, 'build_base': '/home/axenox/ros2_ws/src/text_to_cmd_vel/build/text_to_cmd_vel', 'catkin_cmake_args': None, 'catkin_skip_building_tests': False, 'cmake_args': None, 'cmake_clean_cache': False, 'cmake_clean_first': False, 'cmake_force_configure': False, 'cmake_target': None, 'cmake_target_skip_unavailable': False, 'install_base': '/home/axenox/ros2_ws/src/text_to_cmd_vel/install/text_to_cmd_vel', 'merge_install': False, 'path': '/home/axenox/ros2_ws/src/text_to_cmd_vel', 'symlink_install': False, 'test_result_base': None}
[0.586s] INFO:colcon.colcon_core.executor:Executing jobs using 'parallel' executor
[0.590s] DEBUG:colcon.colcon_parallel_executor.executor.parallel:run_until_complete
[0.591s] INFO:colcon.colcon_ros.task.ament_cmake.build:Building ROS package in '/home/axenox/ros2_ws/src/text_to_cmd_vel' with build type 'ament_cmake'
[0.591s] INFO:colcon.colcon_cmake.task.cmake.build:Building CMake package in '/home/axenox/ros2_ws/src/text_to_cmd_vel'
[0.596s] INFO:colcon.colcon_core.plugin_system:Skipping extension 'colcon_core.shell.bat': Not used on non-Windows systems
[0.597s] INFO:colcon.colcon_core.shell:Skip shell extension 'powershell' for command environment: Not usable outside of PowerShell
[0.597s] DEBUG:colcon.colcon_core.shell:Skip shell extension 'dsv' for command environment
[0.616s] DEBUG:colcon.colcon_core.event_handler.log_command:Invoking command in '/home/axenox/ros2_ws/src/text_to_cmd_vel/build/text_to_cmd_vel': CMAKE_PREFIX_PATH=${CMAKE_PREFIX_PATH}:/opt/ros/humble /usr/bin/cmake --build /home/axenox/ros2_ws/src/text_to_cmd_vel/build/text_to_cmd_vel -- -j16 -l16
[10.578s] DEBUG:colcon.colcon_core.event_handler.log_command:Invoked command in '/home/axenox/ros2_ws/src/text_to_cmd_vel/build/text_to_cmd_vel' returned '0': CMAKE_PREFIX_PATH=${CMAKE_PREFIX_PATH}:/opt/ros/humble /usr/bin/cmake --build /home/axenox/ros2_ws/src/text_to_cmd_vel/build/text_to_cmd_vel -- -j16 -l16
[10.607s] DEBUG:colcon.colcon_core.event_handler.log_command:Invoking command in '/home/axenox/ros2_ws/src/text_to_cmd_vel/build/text_to_cmd_vel': CMAKE_PREFIX_PATH=${CMAKE_PREFIX_PATH}:/opt/ros/humble /usr/bin/cmake --install /home/axenox/ros2_ws/src/text_to_cmd_vel/build/text_to_cmd_vel
[10.619s] Level 1:colcon.colcon_core.environment:create_environment_scripts_only(text_to_cmd_vel)
[10.619s] DEBUG:colcon.colcon_core.event_handler.log_command:Invoked command in '/home/axenox/ros2_ws/src/text_to_cmd_vel/build/text_to_cmd_vel' returned '0': CMAKE_PREFIX_PATH=${CMAKE_PREFIX_PATH}:/opt/ros/humble /usr/bin/cmake --install /home/axenox/ros2_ws/src/text_to_cmd_vel/build/text_to_cmd_vel
[10.631s] Level 1:colcon.colcon_core.environment:checking '/home/axenox/ros2_ws/src/text_to_cmd_vel/install/text_to_cmd_vel' for CMake module files
[10.632s] Level 1:colcon.colcon_core.environment:checking '/home/axenox/ros2_ws/src/text_to_cmd_vel/install/text_to_cmd_vel' for CMake config files
[10.632s] Level 1:colcon.colcon_core.shell:create_environment_hook('text_to_cmd_vel', 'cmake_prefix_path')
[10.635s] INFO:colcon.colcon_core.shell:Creating environment hook '/home/axenox/ros2_ws/src/text_to_cmd_vel/install/text_to_cmd_vel/share/text_to_cmd_vel/hook/cmake_prefix_path.ps1'
[10.637s] INFO:colcon.colcon_core.shell:Creating environment descriptor '/home/axenox/ros2_ws/src/text_to_cmd_vel/install/text_to_cmd_vel/share/text_to_cmd_vel/hook/cmake_prefix_path.dsv'
[10.638s] INFO:colcon.colcon_core.shell:Creating environment hook '/home/axenox/ros2_ws/src/text_to_cmd_vel/install/text_to_cmd_vel/share/text_to_cmd_vel/hook/cmake_prefix_path.sh'
[10.639s] Level 1:colcon.colcon_core.environment:checking '/home/axenox/ros2_ws/src/text_to_cmd_vel/install/text_to_cmd_vel/lib'
[10.640s] Level 1:colcon.colcon_core.environment:checking '/home/axenox/ros2_ws/src/text_to_cmd_vel/install/text_to_cmd_vel/bin'
[10.640s] Level 1:colcon.colcon_core.environment:checking '/home/axenox/ros2_ws/src/text_to_cmd_vel/install/text_to_cmd_vel/lib/pkgconfig/text_to_cmd_vel.pc'
[10.640s] Level 1:colcon.colcon_core.environment:checking '/home/axenox/ros2_ws/src/text_to_cmd_vel/install/text_to_cmd_vel/lib/python3.10/site-packages'
[10.641s] Level 1:colcon.colcon_core.environment:checking '/home/axenox/ros2_ws/src/text_to_cmd_vel/install/text_to_cmd_vel/bin'
[10.643s] INFO:colcon.colcon_core.shell:Creating package script '/home/axenox/ros2_ws/src/text_to_cmd_vel/install/text_to_cmd_vel/share/text_to_cmd_vel/package.ps1'
[10.645s] INFO:colcon.colcon_core.shell:Creating package descriptor '/home/axenox/ros2_ws/src/text_to_cmd_vel/install/text_to_cmd_vel/share/text_to_cmd_vel/package.dsv'
[10.645s] INFO:colcon.colcon_core.shell:Creating package script '/home/axenox/ros2_ws/src/text_to_cmd_vel/install/text_to_cmd_vel/share/text_to_cmd_vel/package.sh'
[10.647s] INFO:colcon.colcon_core.shell:Creating package script '/home/axenox/ros2_ws/src/text_to_cmd_vel/install/text_to_cmd_vel/share/text_to_cmd_vel/package.bash'
[10.648s] INFO:colcon.colcon_core.shell:Creating package script '/home/axenox/ros2_ws/src/text_to_cmd_vel/install/text_to_cmd_vel/share/text_to_cmd_vel/package.zsh'
[10.649s] Level 1:colcon.colcon_core.environment:create_file_with_runtime_dependencies(/home/axenox/ros2_ws/src/text_to_cmd_vel/install/text_to_cmd_vel/share/colcon-core/packages/text_to_cmd_vel)
[10.677s] Level 1:colcon.colcon_core.environment:create_environment_scripts_only(text_to_cmd_vel)
[10.681s] Level 1:colcon.colcon_core.environment:checking '/home/axenox/ros2_ws/src/text_to_cmd_vel/install/text_to_cmd_vel' for CMake module files
[10.682s] Level 1:colcon.colcon_core.environment:checking '/home/axenox/ros2_ws/src/text_to_cmd_vel/install/text_to_cmd_vel' for CMake config files
[10.682s] Level 1:colcon.colcon_core.shell:create_environment_hook('text_to_cmd_vel', 'cmake_prefix_path')
[10.685s] INFO:colcon.colcon_core.shell:Creating environment hook '/home/axenox/ros2_ws/src/text_to_cmd_vel/install/text_to_cmd_vel/share/text_to_cmd_vel/hook/cmake_prefix_path.ps1'
[10.686s] INFO:colcon.colcon_core.shell:Creating environment descriptor '/home/axenox/ros2_ws/src/text_to_cmd_vel/install/text_to_cmd_vel/share/text_to_cmd_vel/hook/cmake_prefix_path.dsv'
[10.687s] INFO:colcon.colcon_core.shell:Creating environment hook '/home/axenox/ros2_ws/src/text_to_cmd_vel/install/text_to_cmd_vel/share/text_to_cmd_vel/hook/cmake_prefix_path.sh'
[10.688s] Level 1:colcon.colcon_core.environment:checking '/home/axenox/ros2_ws/src/text_to_cmd_vel/install/text_to_cmd_vel/lib'
[10.688s] Level 1:colcon.colcon_core.environment:checking '/home/axenox/ros2_ws/src/text_to_cmd_vel/install/text_to_cmd_vel/bin'
[10.688s] Level 1:colcon.colcon_core.environment:checking '/home/axenox/ros2_ws/src/text_to_cmd_vel/install/text_to_cmd_vel/lib/pkgconfig/text_to_cmd_vel.pc'
[10.689s] Level 1:colcon.colcon_core.environment:checking '/home/axenox/ros2_ws/src/text_to_cmd_vel/install/text_to_cmd_vel/lib/python3.10/site-packages'
[10.689s] Level 1:colcon.colcon_core.environment:checking '/home/axenox/ros2_ws/src/text_to_cmd_vel/install/text_to_cmd_vel/bin'
[10.691s] INFO:colcon.colcon_core.shell:Creating package script '/home/axenox/ros2_ws/src/text_to_cmd_vel/install/text_to_cmd_vel/share/text_to_cmd_vel/package.ps1'
[10.692s] INFO:colcon.colcon_core.shell:Creating package descriptor '/home/axenox/ros2_ws/src/text_to_cmd_vel/install/text_to_cmd_vel/share/text_to_cmd_vel/package.dsv'
[10.693s] INFO:colcon.colcon_core.shell:Creating package script '/home/axenox/ros2_ws/src/text_to_cmd_vel/install/text_to_cmd_vel/share/text_to_cmd_vel/package.sh'
[10.694s] INFO:colcon.colcon_core.shell:Creating package script '/home/axenox/ros2_ws/src/text_to_cmd_vel/install/text_to_cmd_vel/share/text_to_cmd_vel/package.bash'
[10.695s] INFO:colcon.colcon_core.shell:Creating package script '/home/axenox/ros2_ws/src/text_to_cmd_vel/install/text_to_cmd_vel/share/text_to_cmd_vel/package.zsh'
[10.696s] Level 1:colcon.colcon_core.environment:create_file_with_runtime_dependencies(/home/axenox/ros2_ws/src/text_to_cmd_vel/install/text_to_cmd_vel/share/colcon-core/packages/text_to_cmd_vel)
[10.696s] DEBUG:colcon.colcon_parallel_executor.executor.parallel:closing loop
[10.697s] DEBUG:colcon.colcon_parallel_executor.executor.parallel:loop closed
[10.697s] DEBUG:colcon.colcon_parallel_executor.executor.parallel:run_until_complete finished with '0'
[10.697s] DEBUG:colcon.colcon_core.event_reactor:joining thread
[10.702s] INFO:colcon.colcon_core.plugin_system:Skipping extension 'colcon_notification.desktop_notification.terminal_notifier': Not used on non-Darwin systems
[10.702s] INFO:colcon.colcon_core.plugin_system:Skipping extension 'colcon_notification.desktop_notification.win32': Not used on non-Windows systems
[10.702s] INFO:colcon.colcon_notification.desktop_notification:Sending desktop notification using 'notify2'
[10.722s] DEBUG:colcon.colcon_core.event_reactor:joined thread
[10.727s] INFO:colcon.colcon_core.shell:Creating prefix script '/home/axenox/ros2_ws/src/text_to_cmd_vel/install/local_setup.ps1'
[10.730s] INFO:colcon.colcon_core.shell:Creating prefix util module '/home/axenox/ros2_ws/src/text_to_cmd_vel/install/_local_setup_util_ps1.py'
[10.734s] INFO:colcon.colcon_core.shell:Creating prefix chain script '/home/axenox/ros2_ws/src/text_to_cmd_vel/install/setup.ps1'
[10.739s] INFO:colcon.colcon_core.shell:Creating prefix script '/home/axenox/ros2_ws/src/text_to_cmd_vel/install/local_setup.sh'
[10.741s] INFO:colcon.colcon_core.shell:Creating prefix util module '/home/axenox/ros2_ws/src/text_to_cmd_vel/install/_local_setup_util_sh.py'
[10.742s] INFO:colcon.colcon_core.shell:Creating prefix chain script '/home/axenox/ros2_ws/src/text_to_cmd_vel/install/setup.sh'
[10.745s] INFO:colcon.colcon_core.shell:Creating prefix script '/home/axenox/ros2_ws/src/text_to_cmd_vel/install/local_setup.bash'
[10.746s] INFO:colcon.colcon_core.shell:Creating prefix chain script '/home/axenox/ros2_ws/src/text_to_cmd_vel/install/setup.bash'
[10.749s] INFO:colcon.colcon_core.shell:Creating prefix script '/home/axenox/ros2_ws/src/text_to_cmd_vel/install/local_setup.zsh'
[10.750s] INFO:colcon.colcon_core.shell:Creating prefix chain script '/home/axenox/ros2_ws/src/text_to_cmd_vel/install/setup.zsh'
