[0.188s] Invoking command in '/mnt/c/Users/game_/Desktop/Work/ROBOTECH/lab2/ex09/full_name_message/build/full_name_message': CMAKE_PREFIX_PATH=${CMAKE_PREFIX_PATH}:/root/ros2_ws/install/examples_rclpy_minimal_subscriber:/root/ros2_ws/install/examples_rclpy_minimal_service:/root/ros2_ws/install/examples_rclpy_minimal_publisher:/root/ros2_ws/install/examples_rclpy_minimal_client:/root/ros2_ws/install/examples_rclpy_minimal_action_server:/root/ros2_ws/install/examples_rclpy_minimal_action_client:/root/ros2_ws/install/examples_rclpy_guard_conditions:/root/ros2_ws/install/examples_rclpy_executors:/opt/ros/humble /usr/bin/cmake /mnt/c/Users/game_/Desktop/Work/ROBOTECH/lab2/ex09/full_name_message -DCMAKE_INSTALL_PREFIX=/mnt/c/Users/game_/Desktop/Work/ROBOTECH/lab2/ex09/full_name_message/install/full_name_message
[0.297s] -- Found ament_cmake: 1.3.5 (/opt/ros/humble/share/ament_cmake/cmake)
[0.698s] -- Found rosidl_default_generators: 1.2.0 (/opt/ros/humble/share/rosidl_default_generators/cmake)
[0.726s] -- Using all available rosidl_typesupport_c: rosidl_typesupport_fastrtps_c;rosidl_typesupport_introspection_c
[0.731s] -- Found rosidl_adapter: 3.1.5 (/opt/ros/humble/share/rosidl_adapter/cmake)
[1.132s] -- Using all available rosidl_typesupport_cpp: rosidl_typesupport_fastrtps_cpp;rosidl_typesupport_introspection_cpp
[1.831s] [31mCMake Error at /opt/ros/humble/share/rosidl_adapter/cmake/rosidl_adapt_interfaces.cmake:59 (message):
[1.834s]   execute_process(/usr/bin/python3.10 -m rosidl_adapter --package-name
[1.837s]   full_name_message --arguments-file
[1.841s]   /mnt/c/Users/game_/Desktop/Work/ROBOTECH/lab2/ex09/full_name_message/build/full_name_message/rosidl_adapter__arguments__full_name_message.json
[1.844s]   --output-dir
[1.847s]   /mnt/c/Users/game_/Desktop/Work/ROBOTECH/lab2/ex09/full_name_message/build/full_name_message/rosidl_adapter/full_name_message
[1.850s]   --output-file
[1.853s]   /mnt/c/Users/game_/Desktop/Work/ROBOTECH/lab2/ex09/full_name_message/build/full_name_message/rosidl_adapter/full_name_message.idls)
[1.858s]   returned error code 1:
[1.861s] 
[1.864s]   Traceback (most recent call last):
[1.867s] 
[1.871s]     File "/usr/lib/python3.10/runpy.py", line 196, in _run_module_as_main
[1.874s]       return _run_code(code, main_globals, None,
[1.877s]     File "/usr/lib/python3.10/runpy.py", line 86, in _run_code
[1.880s]       exec(code, run_globals)
[1.883s]     File "/opt/ros/humble/local/lib/python3.10/dist-packages/rosidl_adapter/__main__.py", line 19, in <module>
[1.886s]       sys.exit(main())
[1.889s]     File "/opt/ros/humble/local/lib/python3.10/dist-packages/rosidl_adapter/main.py", line 53, in main
[1.893s]       abs_idl_file = convert_to_idl(
[1.895s]     File "/opt/ros/humble/local/lib/python3.10/dist-packages/rosidl_adapter/__init__.py", line 24, in convert_to_idl
[1.898s]       return convert_srv_to_idl(
[1.901s]     File "/opt/ros/humble/local/lib/python3.10/dist-packages/rosidl_adapter/srv/__init__.py", line 28, in convert_srv_to_idl
[1.904s]       srv = parse_service_string(package_name, input_file.stem, content)
[1.907s]     File "/opt/ros/humble/local/lib/python3.10/dist-packages/rosidl_adapter/parser.py", line 859, in parse_service_string
[1.909s]       request_message = parse_message_string(
[1.912s]     File "/opt/ros/humble/local/lib/python3.10/dist-packages/rosidl_adapter/parser.py", line 544, in parse_message_string
[1.917s]       msg = MessageSpecification(pkg_name, msg_name, fields, constants)
[1.919s]     File "/opt/ros/humble/local/lib/python3.10/dist-packages/rosidl_adapter/parser.py", line 388, in __init__
[1.922s]       self.base_type = BaseType(
[1.925s]     File "/opt/ros/humble/local/lib/python3.10/dist-packages/rosidl_adapter/parser.py", line 205, in __init__
[1.929s]       raise InvalidResourceName(
[1.935s] 
[1.937s]   rosidl_adapter.parser.InvalidResourceName: 'getFullName_Request' is an
[1.940s]   invalid message name.  It should have the pattern '^[A-Z][A-Za-z0-9]*$'
[1.943s] 
[1.946s] Call Stack (most recent call first):
[1.949s]   /opt/ros/humble/share/rosidl_cmake/cmake/rosidl_generate_interfaces.cmake:130 (rosidl_adapt_interfaces)
[1.952s]   CMakeLists.txt:16 (rosidl_generate_interfaces)
[1.955s] 
[1.957s] [0m
[1.960s] -- Configuring incomplete, errors occurred!
[1.964s] See also "/mnt/c/Users/game_/Desktop/Work/ROBOTECH/lab2/ex09/full_name_message/build/full_name_message/CMakeFiles/CMakeOutput.log".
[1.967s] Invoked command in '/mnt/c/Users/game_/Desktop/Work/ROBOTECH/lab2/ex09/full_name_message/build/full_name_message' returned '1': CMAKE_PREFIX_PATH=${CMAKE_PREFIX_PATH}:/root/ros2_ws/install/examples_rclpy_minimal_subscriber:/root/ros2_ws/install/examples_rclpy_minimal_service:/root/ros2_ws/install/examples_rclpy_minimal_publisher:/root/ros2_ws/install/examples_rclpy_minimal_client:/root/ros2_ws/install/examples_rclpy_minimal_action_server:/root/ros2_ws/install/examples_rclpy_minimal_action_client:/root/ros2_ws/install/examples_rclpy_guard_conditions:/root/ros2_ws/install/examples_rclpy_executors:/opt/ros/humble /usr/bin/cmake /mnt/c/Users/game_/Desktop/Work/ROBOTECH/lab2/ex09/full_name_message -DCMAKE_INSTALL_PREFIX=/mnt/c/Users/game_/Desktop/Work/ROBOTECH/lab2/ex09/full_name_message/install/full_name_message
