[0.388s] DEBUG:colcon:Command line arguments: ['/usr/bin/colcon', 'build', '--packages-select', 'text_to_cmd_vel']
[0.388s] DEBUG:colcon:Parsed command line arguments: Namespace(log_base=None, log_level=None, verb_name='build', build_base='build', install_base='install', merge_install=False, symlink_install=False, test_result_base=None, continue_on_error=False, executor='parallel', parallel_workers=16, event_handlers=None, ignore_user_meta=False, metas=['./colcon.meta'], base_paths=['.'], packages_ignore=None, packages_ignore_regex=None, paths=None, packages_up_to=None, packages_up_to_regex=None, packages_above=None, packages_above_and_dependencies=None, packages_above_depth=None, packages_select_by_dep=None, packages_skip_by_dep=None, packages_skip_up_to=None, packages_select_build_failed=False, packages_skip_build_finished=False, packages_select_test_failures=False, packages_skip_test_passed=False, packages_select=['text_to_cmd_vel'], packages_skip=None, packages_select_regex=None, packages_skip_regex=None, packages_start=None, packages_end=None, allow_overriding=[], cmake_args=None, cmake_target=None, cmake_target_skip_unavailable=False, cmake_clean_cache=False, cmake_clean_first=False, cmake_force_configure=False, ament_cmake_args=None, catkin_cmake_args=None, catkin_skip_building_tests=False, verb_parser=<colcon_defaults.argument_parser.defaults.DefaultArgumentsDecorator object at 0x7fd8187c2fe0>, verb_extension=<colcon_core.verb.build.BuildVerb object at 0x7fd819028a00>, main=<bound method BuildVerb.main of <colcon_core.verb.build.BuildVerb object at 0x7fd819028a00>>)
[0.441s] Level 1:colcon.colcon_core.package_discovery:discover_packages(colcon_meta) check parameters
[0.441s] Level 1:colcon.colcon_core.package_discovery:discover_packages(recursive) check parameters
[0.441s] Level 1:colcon.colcon_core.package_discovery:discover_packages(ignore) check parameters
[0.441s] Level 1:colcon.colcon_core.package_discovery:discover_packages(path) check parameters
[0.441s] Level 1:colcon.colcon_core.package_discovery:discover_packages(colcon_meta) discover
[0.441s] Level 1:colcon.colcon_core.package_discovery:discover_packages(recursive) discover
[0.441s] INFO:colcon.colcon_core.package_discovery:Crawling recursively for packages in '/home/axenox/ros2_ws/src/text_to_cmd_vel'
[0.441s] Level 1:colcon.colcon_core.package_identification:_identify(.) by extensions ['ignore', 'ignore_ament_install']
[0.442s] Level 1:colcon.colcon_core.package_identification:_identify(.) by extension 'ignore'
[0.442s] Level 1:colcon.colcon_core.package_identification:_identify(.) by extension 'ignore_ament_install'
[0.442s] Level 1:colcon.colcon_core.package_identification:_identify(.) by extensions ['colcon_pkg']
[0.442s] Level 1:colcon.colcon_core.package_identification:_identify(.) by extension 'colcon_pkg'
[0.442s] Level 1:colcon.colcon_core.package_identification:_identify(.) by extensions ['colcon_meta']
[0.442s] Level 1:colcon.colcon_core.package_identification:_identify(.) by extension 'colcon_meta'
[0.442s] Level 1:colcon.colcon_core.package_identification:_identify(.) by extensions ['ros']
[0.442s] Level 1:colcon.colcon_core.package_identification:_identify(.) by extension 'ros'
[0.460s] DEBUG:colcon.colcon_core.package_identification:Package '.' with type 'ros.ament_cmake' and name 'text_to_cmd_vel'
[0.460s] Level 1:colcon.colcon_core.package_discovery:discover_packages(recursive) using defaults
[0.460s] Level 1:colcon.colcon_core.package_discovery:discover_packages(ignore) discover
[0.460s] Level 1:colcon.colcon_core.package_discovery:discover_packages(ignore) using defaults
[0.460s] Level 1:colcon.colcon_core.package_discovery:discover_packages(path) discover
[0.461s] Level 1:colcon.colcon_core.package_discovery:discover_packages(path) using defaults
[0.492s] Level 1:colcon.colcon_core.package_discovery:discover_packages(prefix_path) check parameters
[0.492s] Level 1:colcon.colcon_core.package_discovery:discover_packages(prefix_path) discover
[0.496s] DEBUG:colcon.colcon_installed_package_information.package_discovery:Found 1 installed packages in /home/axenox/ros2_ws/src/text_to_cmd_vel/install
[0.497s] DEBUG:colcon.colcon_installed_package_information.package_discovery:Found 1 installed packages in /home/axenox/ros2_ws/install
[0.499s] DEBUG:colcon.colcon_installed_package_information.package_discovery:Found 270 installed packages in /opt/ros/humble
[0.501s] Level 1:colcon.colcon_core.package_discovery:discover_packages(prefix_path) using defaults
[0.573s] Level 5:colcon.colcon_core.verb:set package 'text_to_cmd_vel' build argument 'cmake_args' from command line to 'None'
[0.573s] Level 5:colcon.colcon_core.verb:set package 'text_to_cmd_vel' build argument 'cmake_target' from command line to 'None'
[0.573s] Level 5:colcon.colcon_core.verb:set package 'text_to_cmd_vel' build argument 'cmake_target_skip_unavailable' from command line to 'False'
[0.573s] Level 5:colcon.colcon_core.verb:set package 'text_to_cmd_vel' build argument 'cmake_clean_cache' from command line to 'False'
[0.573s] Level 5:colcon.colcon_core.verb:set package 'text_to_cmd_vel' build argument 'cmake_clean_first' from command line to 'False'
[0.573s] Level 5:colcon.colcon_core.verb:set package 'text_to_cmd_vel' build argument 'cmake_force_configure' from command line to 'False'
[0.573s] Level 5:colcon.colcon_core.verb:set package 'text_to_cmd_vel' build argument 'ament_cmake_args' from command line to 'None'
[0.573s] Level 5:colcon.colcon_core.verb:set package 'text_to_cmd_vel' build argument 'catkin_cmake_args' from command line to 'None'
[0.573s] Level 5:colcon.colcon_core.verb:set package 'text_to_cmd_vel' build argument 'catkin_skip_building_tests' from command line to 'False'
[0.573s] DEBUG:colcon.colcon_core.verb:Building package 'text_to_cmd_vel' with the following arguments: {'ament_cmake_args': None, 'build_base': '/home/axenox/ros2_ws/src/text_to_cmd_vel/build/text_to_cmd_vel', 'catkin_cmake_args': None, 'catkin_skip_building_tests': False, 'cmake_args': None, 'cmake_clean_cache': False, 'cmake_clean_first': False, 'cmake_force_configure': False, 'cmake_target': None, 'cmake_target_skip_unavailable': False, 'install_base': '/home/axenox/ros2_ws/src/text_to_cmd_vel/install/text_to_cmd_vel', 'merge_install': False, 'path': '/home/axenox/ros2_ws/src/text_to_cmd_vel', 'symlink_install': False, 'test_result_base': None}
[0.574s] INFO:colcon.colcon_core.executor:Executing jobs using 'parallel' executor
[0.578s] DEBUG:colcon.colcon_parallel_executor.executor.parallel:run_until_complete
[0.578s] INFO:colcon.colcon_ros.task.ament_cmake.build:Building ROS package in '/home/axenox/ros2_ws/src/text_to_cmd_vel' with build type 'ament_cmake'
[0.578s] INFO:colcon.colcon_cmake.task.cmake.build:Building CMake package in '/home/axenox/ros2_ws/src/text_to_cmd_vel'
[0.584s] INFO:colcon.colcon_core.plugin_system:Skipping extension 'colcon_core.shell.bat': Not used on non-Windows systems
[0.585s] INFO:colcon.colcon_core.shell:Skip shell extension 'powershell' for command environment: Not usable outside of PowerShell
[0.585s] DEBUG:colcon.colcon_core.shell:Skip shell extension 'dsv' for command environment
[0.604s] DEBUG:colcon.colcon_core.event_handler.log_command:Invoking command in '/home/axenox/ros2_ws/src/text_to_cmd_vel/build/text_to_cmd_vel': CMAKE_PREFIX_PATH=${CMAKE_PREFIX_PATH}:/opt/ros/humble /usr/bin/cmake --build /home/axenox/ros2_ws/src/text_to_cmd_vel/build/text_to_cmd_vel -- -j16 -l16
[10.181s] DEBUG:colcon.colcon_core.event_handler.log_command:Invoked command in '/home/axenox/ros2_ws/src/text_to_cmd_vel/build/text_to_cmd_vel' returned '0': CMAKE_PREFIX_PATH=${CMAKE_PREFIX_PATH}:/opt/ros/humble /usr/bin/cmake --build /home/axenox/ros2_ws/src/text_to_cmd_vel/build/text_to_cmd_vel -- -j16 -l16
[10.229s] DEBUG:colcon.colcon_core.event_handler.log_command:Invoking command in '/home/axenox/ros2_ws/src/text_to_cmd_vel/build/text_to_cmd_vel': CMAKE_PREFIX_PATH=${CMAKE_PREFIX_PATH}:/opt/ros/humble /usr/bin/cmake --install /home/axenox/ros2_ws/src/text_to_cmd_vel/build/text_to_cmd_vel
[10.242s] Level 1:colcon.colcon_core.environment:create_environment_scripts_only(text_to_cmd_vel)
[10.244s] DEBUG:colcon.colcon_core.event_handler.log_command:Invoked command in '/home/axenox/ros2_ws/src/text_to_cmd_vel/build/text_to_cmd_vel' returned '0': CMAKE_PREFIX_PATH=${CMAKE_PREFIX_PATH}:/opt/ros/humble /usr/bin/cmake --install /home/axenox/ros2_ws/src/text_to_cmd_vel/build/text_to_cmd_vel
[10.251s] Level 1:colcon.colcon_core.environment:checking '/home/axenox/ros2_ws/src/text_to_cmd_vel/install/text_to_cmd_vel' for CMake module files
[10.252s] Level 1:colcon.colcon_core.environment:checking '/home/axenox/ros2_ws/src/text_to_cmd_vel/install/text_to_cmd_vel' for CMake config files
[10.252s] Level 1:colcon.colcon_core.shell:create_environment_hook('text_to_cmd_vel', 'cmake_prefix_path')
[10.254s] INFO:colcon.colcon_core.shell:Creating environment hook '/home/axenox/ros2_ws/src/text_to_cmd_vel/install/text_to_cmd_vel/share/text_to_cmd_vel/hook/cmake_prefix_path.ps1'
[10.255s] INFO:colcon.colcon_core.shell:Creating environment descriptor '/home/axenox/ros2_ws/src/text_to_cmd_vel/install/text_to_cmd_vel/share/text_to_cmd_vel/hook/cmake_prefix_path.dsv'
[10.256s] INFO:colcon.colcon_core.shell:Creating environment hook '/home/axenox/ros2_ws/src/text_to_cmd_vel/install/text_to_cmd_vel/share/text_to_cmd_vel/hook/cmake_prefix_path.sh'
[10.258s] Level 1:colcon.colcon_core.environment:checking '/home/axenox/ros2_ws/src/text_to_cmd_vel/install/text_to_cmd_vel/lib'
[10.258s] Level 1:colcon.colcon_core.environment:checking '/home/axenox/ros2_ws/src/text_to_cmd_vel/install/text_to_cmd_vel/bin'
[10.258s] Level 1:colcon.colcon_core.environment:checking '/home/axenox/ros2_ws/src/text_to_cmd_vel/install/text_to_cmd_vel/lib/pkgconfig/text_to_cmd_vel.pc'
[10.259s] Level 1:colcon.colcon_core.environment:checking '/home/axenox/ros2_ws/src/text_to_cmd_vel/install/text_to_cmd_vel/lib/python3.10/site-packages'
[10.259s] Level 1:colcon.colcon_core.environment:checking '/home/axenox/ros2_ws/src/text_to_cmd_vel/install/text_to_cmd_vel/bin'
[10.261s] INFO:colcon.colcon_core.shell:Creating package script '/home/axenox/ros2_ws/src/text_to_cmd_vel/install/text_to_cmd_vel/share/text_to_cmd_vel/package.ps1'
[10.263s] INFO:colcon.colcon_core.shell:Creating package descriptor '/home/axenox/ros2_ws/src/text_to_cmd_vel/install/text_to_cmd_vel/share/text_to_cmd_vel/package.dsv'
[10.263s] INFO:colcon.colcon_core.shell:Creating package script '/home/axenox/ros2_ws/src/text_to_cmd_vel/install/text_to_cmd_vel/share/text_to_cmd_vel/package.sh'
[10.265s] INFO:colcon.colcon_core.shell:Creating package script '/home/axenox/ros2_ws/src/text_to_cmd_vel/install/text_to_cmd_vel/share/text_to_cmd_vel/package.bash'
[10.266s] INFO:colcon.colcon_core.shell:Creating package script '/home/axenox/ros2_ws/src/text_to_cmd_vel/install/text_to_cmd_vel/share/text_to_cmd_vel/package.zsh'
[10.267s] Level 1:colcon.colcon_core.environment:create_file_with_runtime_dependencies(/home/axenox/ros2_ws/src/text_to_cmd_vel/install/text_to_cmd_vel/share/colcon-core/packages/text_to_cmd_vel)
[10.301s] Level 1:colcon.colcon_core.environment:create_environment_scripts_only(text_to_cmd_vel)
[10.302s] Level 1:colcon.colcon_core.environment:checking '/home/axenox/ros2_ws/src/text_to_cmd_vel/install/text_to_cmd_vel' for CMake module files
[10.303s] Level 1:colcon.colcon_core.environment:checking '/home/axenox/ros2_ws/src/text_to_cmd_vel/install/text_to_cmd_vel' for CMake config files
[10.303s] Level 1:colcon.colcon_core.shell:create_environment_hook('text_to_cmd_vel', 'cmake_prefix_path')
[10.304s] INFO:colcon.colcon_core.shell:Creating environment hook '/home/axenox/ros2_ws/src/text_to_cmd_vel/install/text_to_cmd_vel/share/text_to_cmd_vel/hook/cmake_prefix_path.ps1'
[10.304s] INFO:colcon.colcon_core.shell:Creating environment descriptor '/home/axenox/ros2_ws/src/text_to_cmd_vel/install/text_to_cmd_vel/share/text_to_cmd_vel/hook/cmake_prefix_path.dsv'
[10.304s] INFO:colcon.colcon_core.shell:Creating environment hook '/home/axenox/ros2_ws/src/text_to_cmd_vel/install/text_to_cmd_vel/share/text_to_cmd_vel/hook/cmake_prefix_path.sh'
[10.305s] Level 1:colcon.colcon_core.environment:checking '/home/axenox/ros2_ws/src/text_to_cmd_vel/install/text_to_cmd_vel/lib'
[10.305s] Level 1:colcon.colcon_core.environment:checking '/home/axenox/ros2_ws/src/text_to_cmd_vel/install/text_to_cmd_vel/bin'
[10.305s] Level 1:colcon.colcon_core.environment:checking '/home/axenox/ros2_ws/src/text_to_cmd_vel/install/text_to_cmd_vel/lib/pkgconfig/text_to_cmd_vel.pc'
[10.305s] Level 1:colcon.colcon_core.environment:checking '/home/axenox/ros2_ws/src/text_to_cmd_vel/install/text_to_cmd_vel/lib/python3.10/site-packages'
[10.305s] Level 1:colcon.colcon_core.environment:checking '/home/axenox/ros2_ws/src/text_to_cmd_vel/install/text_to_cmd_vel/bin'
[10.306s] INFO:colcon.colcon_core.shell:Creating package script '/home/axenox/ros2_ws/src/text_to_cmd_vel/install/text_to_cmd_vel/share/text_to_cmd_vel/package.ps1'
[10.307s] INFO:colcon.colcon_core.shell:Creating package descriptor '/home/axenox/ros2_ws/src/text_to_cmd_vel/install/text_to_cmd_vel/share/text_to_cmd_vel/package.dsv'
[10.307s] INFO:colcon.colcon_core.shell:Creating package script '/home/axenox/ros2_ws/src/text_to_cmd_vel/install/text_to_cmd_vel/share/text_to_cmd_vel/package.sh'
[10.307s] INFO:colcon.colcon_core.shell:Creating package script '/home/axenox/ros2_ws/src/text_to_cmd_vel/install/text_to_cmd_vel/share/text_to_cmd_vel/package.bash'
[10.308s] INFO:colcon.colcon_core.shell:Creating package script '/home/axenox/ros2_ws/src/text_to_cmd_vel/install/text_to_cmd_vel/share/text_to_cmd_vel/package.zsh'
[10.308s] Level 1:colcon.colcon_core.environment:create_file_with_runtime_dependencies(/home/axenox/ros2_ws/src/text_to_cmd_vel/install/text_to_cmd_vel/share/colcon-core/packages/text_to_cmd_vel)
[10.308s] DEBUG:colcon.colcon_parallel_executor.executor.parallel:closing loop
[10.309s] DEBUG:colcon.colcon_parallel_executor.executor.parallel:loop closed
[10.309s] DEBUG:colcon.colcon_parallel_executor.executor.parallel:run_until_complete finished with '0'
[10.309s] DEBUG:colcon.colcon_core.event_reactor:joining thread
[10.313s] INFO:colcon.colcon_core.plugin_system:Skipping extension 'colcon_notification.desktop_notification.terminal_notifier': Not used on non-Darwin systems
[10.313s] INFO:colcon.colcon_core.plugin_system:Skipping extension 'colcon_notification.desktop_notification.win32': Not used on non-Windows systems
[10.313s] INFO:colcon.colcon_notification.desktop_notification:Sending desktop notification using 'notify2'
[10.333s] DEBUG:colcon.colcon_core.event_reactor:joined thread
[10.336s] INFO:colcon.colcon_core.shell:Creating prefix script '/home/axenox/ros2_ws/src/text_to_cmd_vel/install/local_setup.ps1'
[10.336s] INFO:colcon.colcon_core.shell:Creating prefix util module '/home/axenox/ros2_ws/src/text_to_cmd_vel/install/_local_setup_util_ps1.py'
[10.338s] INFO:colcon.colcon_core.shell:Creating prefix chain script '/home/axenox/ros2_ws/src/text_to_cmd_vel/install/setup.ps1'
[10.339s] INFO:colcon.colcon_core.shell:Creating prefix script '/home/axenox/ros2_ws/src/text_to_cmd_vel/install/local_setup.sh'
[10.339s] INFO:colcon.colcon_core.shell:Creating prefix util module '/home/axenox/ros2_ws/src/text_to_cmd_vel/install/_local_setup_util_sh.py'
[10.340s] INFO:colcon.colcon_core.shell:Creating prefix chain script '/home/axenox/ros2_ws/src/text_to_cmd_vel/install/setup.sh'
[10.341s] INFO:colcon.colcon_core.shell:Creating prefix script '/home/axenox/ros2_ws/src/text_to_cmd_vel/install/local_setup.bash'
[10.341s] INFO:colcon.colcon_core.shell:Creating prefix chain script '/home/axenox/ros2_ws/src/text_to_cmd_vel/install/setup.bash'
[10.343s] INFO:colcon.colcon_core.shell:Creating prefix script '/home/axenox/ros2_ws/src/text_to_cmd_vel/install/local_setup.zsh'
[10.343s] INFO:colcon.colcon_core.shell:Creating prefix chain script '/home/axenox/ros2_ws/src/text_to_cmd_vel/install/setup.zsh'
