[0.436s] DEBUG:colcon:Command line arguments: ['/usr/bin/colcon', 'build', '--packages-select', 'full_name_message']
[0.437s] DEBUG:colcon:Parsed command line arguments: Namespace(log_base=None, log_level=None, verb_name='build', build_base='build', install_base='install', merge_install=False, symlink_install=False, test_result_base=None, continue_on_error=False, executor='parallel', parallel_workers=16, event_handlers=None, ignore_user_meta=False, metas=['./colcon.meta'], base_paths=['.'], packages_ignore=None, packages_ignore_regex=None, paths=None, packages_up_to=None, packages_up_to_regex=None, packages_above=None, packages_above_and_dependencies=None, packages_above_depth=None, packages_select_by_dep=None, packages_skip_by_dep=None, packages_skip_up_to=None, packages_select_build_failed=False, packages_skip_build_finished=False, packages_select_test_failures=False, packages_skip_test_passed=False, packages_select=['full_name_message'], packages_skip=None, packages_select_regex=None, packages_skip_regex=None, packages_start=None, packages_end=None, allow_overriding=[], cmake_args=None, cmake_target=None, cmake_target_skip_unavailable=False, cmake_clean_cache=False, cmake_clean_first=False, cmake_force_configure=False, ament_cmake_args=None, catkin_cmake_args=None, catkin_skip_building_tests=False, verb_parser=<colcon_defaults.argument_parser.defaults.DefaultArgumentsDecorator object at 0x7efeee5a5f60>, verb_extension=<colcon_core.verb.build.BuildVerb object at 0x7efeeecd6860>, main=<bound method BuildVerb.main of <colcon_core.verb.build.BuildVerb object at 0x7efeeecd6860>>)
[0.489s] Level 1:colcon.colcon_core.package_discovery:discover_packages(colcon_meta) check parameters
[0.491s] Level 1:colcon.colcon_core.package_discovery:discover_packages(recursive) check parameters
[0.491s] Level 1:colcon.colcon_core.package_discovery:discover_packages(ignore) check parameters
[0.492s] Level 1:colcon.colcon_core.package_discovery:discover_packages(path) check parameters
[0.492s] Level 1:colcon.colcon_core.package_discovery:discover_packages(colcon_meta) discover
[0.493s] Level 1:colcon.colcon_core.package_discovery:discover_packages(recursive) discover
[0.493s] INFO:colcon.colcon_core.package_discovery:Crawling recursively for packages in '/mnt/c/Users/game_/Desktop/Work/ROBOTECH/lab2/ex09/full_name_message'
[0.497s] Level 1:colcon.colcon_core.package_identification:_identify(.) by extensions ['ignore', 'ignore_ament_install']
[0.497s] Level 1:colcon.colcon_core.package_identification:_identify(.) by extension 'ignore'
[0.498s] Level 1:colcon.colcon_core.package_identification:_identify(.) by extension 'ignore_ament_install'
[0.500s] Level 1:colcon.colcon_core.package_identification:_identify(.) by extensions ['colcon_pkg']
[0.501s] Level 1:colcon.colcon_core.package_identification:_identify(.) by extension 'colcon_pkg'
[0.502s] Level 1:colcon.colcon_core.package_identification:_identify(.) by extensions ['colcon_meta']
[0.502s] Level 1:colcon.colcon_core.package_identification:_identify(.) by extension 'colcon_meta'
[0.502s] Level 1:colcon.colcon_core.package_identification:_identify(.) by extensions ['ros']
[0.503s] Level 1:colcon.colcon_core.package_identification:_identify(.) by extension 'ros'
[0.526s] DEBUG:colcon.colcon_core.package_identification:Package '.' with type 'ros.ament_cmake' and name 'full_name_message'
[0.527s] Level 1:colcon.colcon_core.package_discovery:discover_packages(recursive) using defaults
[0.528s] Level 1:colcon.colcon_core.package_discovery:discover_packages(ignore) discover
[0.529s] Level 1:colcon.colcon_core.package_discovery:discover_packages(ignore) using defaults
[0.531s] Level 1:colcon.colcon_core.package_discovery:discover_packages(path) discover
[0.531s] Level 1:colcon.colcon_core.package_discovery:discover_packages(path) using defaults
[0.553s] Level 1:colcon.colcon_core.package_discovery:discover_packages(prefix_path) check parameters
[0.553s] Level 1:colcon.colcon_core.package_discovery:discover_packages(prefix_path) discover
[0.557s] DEBUG:colcon.colcon_installed_package_information.package_discovery:Found 10 installed packages in /root/ros2_ws/install
[0.559s] DEBUG:colcon.colcon_installed_package_information.package_discovery:Found 283 installed packages in /opt/ros/humble
[0.561s] Level 1:colcon.colcon_core.package_discovery:discover_packages(prefix_path) using defaults
[0.611s] Level 5:colcon.colcon_core.verb:set package 'full_name_message' build argument 'cmake_args' from command line to 'None'
[0.612s] Level 5:colcon.colcon_core.verb:set package 'full_name_message' build argument 'cmake_target' from command line to 'None'
[0.613s] Level 5:colcon.colcon_core.verb:set package 'full_name_message' build argument 'cmake_target_skip_unavailable' from command line to 'False'
[0.613s] Level 5:colcon.colcon_core.verb:set package 'full_name_message' build argument 'cmake_clean_cache' from command line to 'False'
[0.614s] Level 5:colcon.colcon_core.verb:set package 'full_name_message' build argument 'cmake_clean_first' from command line to 'False'
[0.615s] Level 5:colcon.colcon_core.verb:set package 'full_name_message' build argument 'cmake_force_configure' from command line to 'False'
[0.615s] Level 5:colcon.colcon_core.verb:set package 'full_name_message' build argument 'ament_cmake_args' from command line to 'None'
[0.616s] Level 5:colcon.colcon_core.verb:set package 'full_name_message' build argument 'catkin_cmake_args' from command line to 'None'
[0.616s] Level 5:colcon.colcon_core.verb:set package 'full_name_message' build argument 'catkin_skip_building_tests' from command line to 'False'
[0.617s] DEBUG:colcon.colcon_core.verb:Building package 'full_name_message' with the following arguments: {'ament_cmake_args': None, 'build_base': '/mnt/c/Users/game_/Desktop/Work/ROBOTECH/lab2/ex09/full_name_message/build/full_name_message', 'catkin_cmake_args': None, 'catkin_skip_building_tests': False, 'cmake_args': None, 'cmake_clean_cache': False, 'cmake_clean_first': False, 'cmake_force_configure': False, 'cmake_target': None, 'cmake_target_skip_unavailable': False, 'install_base': '/mnt/c/Users/game_/Desktop/Work/ROBOTECH/lab2/ex09/full_name_message/install/full_name_message', 'merge_install': False, 'path': '/mnt/c/Users/game_/Desktop/Work/ROBOTECH/lab2/ex09/full_name_message', 'symlink_install': False, 'test_result_base': None}
[0.618s] INFO:colcon.colcon_core.executor:Executing jobs using 'parallel' executor
[0.622s] DEBUG:colcon.colcon_parallel_executor.executor.parallel:run_until_complete
[0.622s] INFO:colcon.colcon_ros.task.ament_cmake.build:Building ROS package in '/mnt/c/Users/game_/Desktop/Work/ROBOTECH/lab2/ex09/full_name_message' with build type 'ament_cmake'
[0.623s] INFO:colcon.colcon_cmake.task.cmake.build:Building CMake package in '/mnt/c/Users/game_/Desktop/Work/ROBOTECH/lab2/ex09/full_name_message'
[0.630s] INFO:colcon.colcon_core.plugin_system:Skipping extension 'colcon_core.shell.bat': Not used on non-Windows systems
[0.630s] INFO:colcon.colcon_core.shell:Skip shell extension 'powershell' for command environment: Not usable outside of PowerShell
[0.631s] DEBUG:colcon.colcon_core.shell:Skip shell extension 'dsv' for command environment
[0.731s] DEBUG:colcon.colcon_core.event_handler.log_command:Invoking command in '/mnt/c/Users/game_/Desktop/Work/ROBOTECH/lab2/ex09/full_name_message/build/full_name_message': CMAKE_PREFIX_PATH=${CMAKE_PREFIX_PATH}:/root/ros2_ws/install/examples_rclpy_minimal_subscriber:/root/ros2_ws/install/examples_rclpy_minimal_service:/root/ros2_ws/install/examples_rclpy_minimal_publisher:/root/ros2_ws/install/examples_rclpy_minimal_client:/root/ros2_ws/install/examples_rclpy_minimal_action_server:/root/ros2_ws/install/examples_rclpy_minimal_action_client:/root/ros2_ws/install/examples_rclpy_guard_conditions:/root/ros2_ws/install/examples_rclpy_executors:/opt/ros/humble /usr/bin/cmake --build /mnt/c/Users/game_/Desktop/Work/ROBOTECH/lab2/ex09/full_name_message/build/full_name_message -- -j16 -l16
[151.951s] DEBUG:colcon.colcon_core.event_handler.log_command:Invoked command in '/mnt/c/Users/game_/Desktop/Work/ROBOTECH/lab2/ex09/full_name_message/build/full_name_message' returned '0': CMAKE_PREFIX_PATH=${CMAKE_PREFIX_PATH}:/root/ros2_ws/install/examples_rclpy_minimal_subscriber:/root/ros2_ws/install/examples_rclpy_minimal_service:/root/ros2_ws/install/examples_rclpy_minimal_publisher:/root/ros2_ws/install/examples_rclpy_minimal_client:/root/ros2_ws/install/examples_rclpy_minimal_action_server:/root/ros2_ws/install/examples_rclpy_minimal_action_client:/root/ros2_ws/install/examples_rclpy_guard_conditions:/root/ros2_ws/install/examples_rclpy_executors:/opt/ros/humble /usr/bin/cmake --build /mnt/c/Users/game_/Desktop/Work/ROBOTECH/lab2/ex09/full_name_message/build/full_name_message -- -j16 -l16
[152.132s] DEBUG:colcon.colcon_core.event_handler.log_command:Invoking command in '/mnt/c/Users/game_/Desktop/Work/ROBOTECH/lab2/ex09/full_name_message/build/full_name_message': CMAKE_PREFIX_PATH=${CMAKE_PREFIX_PATH}:/root/ros2_ws/install/examples_rclpy_minimal_subscriber:/root/ros2_ws/install/examples_rclpy_minimal_service:/root/ros2_ws/install/examples_rclpy_minimal_publisher:/root/ros2_ws/install/examples_rclpy_minimal_client:/root/ros2_ws/install/examples_rclpy_minimal_action_server:/root/ros2_ws/install/examples_rclpy_minimal_action_client:/root/ros2_ws/install/examples_rclpy_guard_conditions:/root/ros2_ws/install/examples_rclpy_executors:/opt/ros/humble /usr/bin/cmake --install /mnt/c/Users/game_/Desktop/Work/ROBOTECH/lab2/ex09/full_name_message/build/full_name_message
[173.564s] Level 1:colcon.colcon_core.environment:create_environment_scripts_only(full_name_message)
[173.567s] DEBUG:colcon.colcon_core.event_handler.log_command:Invoked command in '/mnt/c/Users/game_/Desktop/Work/ROBOTECH/lab2/ex09/full_name_message/build/full_name_message' returned '0': CMAKE_PREFIX_PATH=${CMAKE_PREFIX_PATH}:/root/ros2_ws/install/examples_rclpy_minimal_subscriber:/root/ros2_ws/install/examples_rclpy_minimal_service:/root/ros2_ws/install/examples_rclpy_minimal_publisher:/root/ros2_ws/install/examples_rclpy_minimal_client:/root/ros2_ws/install/examples_rclpy_minimal_action_server:/root/ros2_ws/install/examples_rclpy_minimal_action_client:/root/ros2_ws/install/examples_rclpy_guard_conditions:/root/ros2_ws/install/examples_rclpy_executors:/opt/ros/humble /usr/bin/cmake --install /mnt/c/Users/game_/Desktop/Work/ROBOTECH/lab2/ex09/full_name_message/build/full_name_message
[173.570s] Level 1:colcon.colcon_core.environment:checking '/mnt/c/Users/game_/Desktop/Work/ROBOTECH/lab2/ex09/full_name_message/install/full_name_message' for CMake module files
[174.025s] Level 1:colcon.colcon_core.environment:checking '/mnt/c/Users/game_/Desktop/Work/ROBOTECH/lab2/ex09/full_name_message/install/full_name_message' for CMake config files
[174.483s] Level 1:colcon.colcon_core.shell:create_environment_hook('full_name_message', 'cmake_prefix_path')
[174.485s] INFO:colcon.colcon_core.shell:Creating environment hook '/mnt/c/Users/game_/Desktop/Work/ROBOTECH/lab2/ex09/full_name_message/install/full_name_message/share/full_name_message/hook/cmake_prefix_path.ps1'
[174.515s] INFO:colcon.colcon_core.shell:Creating environment descriptor '/mnt/c/Users/game_/Desktop/Work/ROBOTECH/lab2/ex09/full_name_message/install/full_name_message/share/full_name_message/hook/cmake_prefix_path.dsv'
[174.550s] INFO:colcon.colcon_core.shell:Creating environment hook '/mnt/c/Users/game_/Desktop/Work/ROBOTECH/lab2/ex09/full_name_message/install/full_name_message/share/full_name_message/hook/cmake_prefix_path.sh'
[174.594s] Level 1:colcon.colcon_core.environment:checking '/mnt/c/Users/game_/Desktop/Work/ROBOTECH/lab2/ex09/full_name_message/install/full_name_message/lib'
[174.604s] Level 1:colcon.colcon_core.shell:create_environment_hook('full_name_message', 'ld_library_path_lib')
[174.606s] INFO:colcon.colcon_core.shell:Creating environment hook '/mnt/c/Users/game_/Desktop/Work/ROBOTECH/lab2/ex09/full_name_message/install/full_name_message/share/full_name_message/hook/ld_library_path_lib.ps1'
[174.636s] INFO:colcon.colcon_core.shell:Creating environment descriptor '/mnt/c/Users/game_/Desktop/Work/ROBOTECH/lab2/ex09/full_name_message/install/full_name_message/share/full_name_message/hook/ld_library_path_lib.dsv'
[174.665s] INFO:colcon.colcon_core.shell:Creating environment hook '/mnt/c/Users/game_/Desktop/Work/ROBOTECH/lab2/ex09/full_name_message/install/full_name_message/share/full_name_message/hook/ld_library_path_lib.sh'
[174.697s] Level 1:colcon.colcon_core.environment:checking '/mnt/c/Users/game_/Desktop/Work/ROBOTECH/lab2/ex09/full_name_message/install/full_name_message/bin'
[174.702s] Level 1:colcon.colcon_core.environment:checking '/mnt/c/Users/game_/Desktop/Work/ROBOTECH/lab2/ex09/full_name_message/install/full_name_message/lib/pkgconfig/full_name_message.pc'
[174.718s] Level 1:colcon.colcon_core.environment:checking '/mnt/c/Users/game_/Desktop/Work/ROBOTECH/lab2/ex09/full_name_message/install/full_name_message/lib/python3.10/site-packages'
[174.724s] Level 1:colcon.colcon_core.environment:checking '/mnt/c/Users/game_/Desktop/Work/ROBOTECH/lab2/ex09/full_name_message/install/full_name_message/bin'
[174.728s] INFO:colcon.colcon_core.shell:Creating package script '/mnt/c/Users/game_/Desktop/Work/ROBOTECH/lab2/ex09/full_name_message/install/full_name_message/share/full_name_message/package.ps1'
[174.753s] INFO:colcon.colcon_core.shell:Creating package descriptor '/mnt/c/Users/game_/Desktop/Work/ROBOTECH/lab2/ex09/full_name_message/install/full_name_message/share/full_name_message/package.dsv'
[174.778s] INFO:colcon.colcon_core.shell:Creating package script '/mnt/c/Users/game_/Desktop/Work/ROBOTECH/lab2/ex09/full_name_message/install/full_name_message/share/full_name_message/package.sh'
[174.800s] INFO:colcon.colcon_core.shell:Creating package script '/mnt/c/Users/game_/Desktop/Work/ROBOTECH/lab2/ex09/full_name_message/install/full_name_message/share/full_name_message/package.bash'
[174.824s] INFO:colcon.colcon_core.shell:Creating package script '/mnt/c/Users/game_/Desktop/Work/ROBOTECH/lab2/ex09/full_name_message/install/full_name_message/share/full_name_message/package.zsh'
[174.851s] Level 1:colcon.colcon_core.environment:create_file_with_runtime_dependencies(/mnt/c/Users/game_/Desktop/Work/ROBOTECH/lab2/ex09/full_name_message/install/full_name_message/share/colcon-core/packages/full_name_message)
[175.054s] Level 1:colcon.colcon_core.environment:create_environment_scripts_only(full_name_message)
[175.056s] Level 1:colcon.colcon_core.environment:checking '/mnt/c/Users/game_/Desktop/Work/ROBOTECH/lab2/ex09/full_name_message/install/full_name_message' for CMake module files
[175.554s] Level 1:colcon.colcon_core.environment:checking '/mnt/c/Users/game_/Desktop/Work/ROBOTECH/lab2/ex09/full_name_message/install/full_name_message' for CMake config files
[176.017s] Level 1:colcon.colcon_core.shell:create_environment_hook('full_name_message', 'cmake_prefix_path')
[176.018s] INFO:colcon.colcon_core.shell:Creating environment hook '/mnt/c/Users/game_/Desktop/Work/ROBOTECH/lab2/ex09/full_name_message/install/full_name_message/share/full_name_message/hook/cmake_prefix_path.ps1'
[176.050s] INFO:colcon.colcon_core.shell:Creating environment descriptor '/mnt/c/Users/game_/Desktop/Work/ROBOTECH/lab2/ex09/full_name_message/install/full_name_message/share/full_name_message/hook/cmake_prefix_path.dsv'
[176.079s] INFO:colcon.colcon_core.shell:Creating environment hook '/mnt/c/Users/game_/Desktop/Work/ROBOTECH/lab2/ex09/full_name_message/install/full_name_message/share/full_name_message/hook/cmake_prefix_path.sh'
[176.117s] Level 1:colcon.colcon_core.environment:checking '/mnt/c/Users/game_/Desktop/Work/ROBOTECH/lab2/ex09/full_name_message/install/full_name_message/lib'
[176.125s] Level 1:colcon.colcon_core.shell:create_environment_hook('full_name_message', 'ld_library_path_lib')
[176.127s] INFO:colcon.colcon_core.shell:Creating environment hook '/mnt/c/Users/game_/Desktop/Work/ROBOTECH/lab2/ex09/full_name_message/install/full_name_message/share/full_name_message/hook/ld_library_path_lib.ps1'
[176.154s] INFO:colcon.colcon_core.shell:Creating environment descriptor '/mnt/c/Users/game_/Desktop/Work/ROBOTECH/lab2/ex09/full_name_message/install/full_name_message/share/full_name_message/hook/ld_library_path_lib.dsv'
[176.181s] INFO:colcon.colcon_core.shell:Creating environment hook '/mnt/c/Users/game_/Desktop/Work/ROBOTECH/lab2/ex09/full_name_message/install/full_name_message/share/full_name_message/hook/ld_library_path_lib.sh'
[176.211s] Level 1:colcon.colcon_core.environment:checking '/mnt/c/Users/game_/Desktop/Work/ROBOTECH/lab2/ex09/full_name_message/install/full_name_message/bin'
[176.214s] Level 1:colcon.colcon_core.environment:checking '/mnt/c/Users/game_/Desktop/Work/ROBOTECH/lab2/ex09/full_name_message/install/full_name_message/lib/pkgconfig/full_name_message.pc'
[176.218s] Level 1:colcon.colcon_core.environment:checking '/mnt/c/Users/game_/Desktop/Work/ROBOTECH/lab2/ex09/full_name_message/install/full_name_message/lib/python3.10/site-packages'
[176.222s] Level 1:colcon.colcon_core.environment:checking '/mnt/c/Users/game_/Desktop/Work/ROBOTECH/lab2/ex09/full_name_message/install/full_name_message/bin'
[176.227s] INFO:colcon.colcon_core.shell:Creating package script '/mnt/c/Users/game_/Desktop/Work/ROBOTECH/lab2/ex09/full_name_message/install/full_name_message/share/full_name_message/package.ps1'
[176.253s] INFO:colcon.colcon_core.shell:Creating package descriptor '/mnt/c/Users/game_/Desktop/Work/ROBOTECH/lab2/ex09/full_name_message/install/full_name_message/share/full_name_message/package.dsv'
[176.280s] INFO:colcon.colcon_core.shell:Creating package script '/mnt/c/Users/game_/Desktop/Work/ROBOTECH/lab2/ex09/full_name_message/install/full_name_message/share/full_name_message/package.sh'
[176.305s] INFO:colcon.colcon_core.shell:Creating package script '/mnt/c/Users/game_/Desktop/Work/ROBOTECH/lab2/ex09/full_name_message/install/full_name_message/share/full_name_message/package.bash'
[176.329s] INFO:colcon.colcon_core.shell:Creating package script '/mnt/c/Users/game_/Desktop/Work/ROBOTECH/lab2/ex09/full_name_message/install/full_name_message/share/full_name_message/package.zsh'
[176.354s] Level 1:colcon.colcon_core.environment:create_file_with_runtime_dependencies(/mnt/c/Users/game_/Desktop/Work/ROBOTECH/lab2/ex09/full_name_message/install/full_name_message/share/colcon-core/packages/full_name_message)
[176.372s] DEBUG:colcon.colcon_parallel_executor.executor.parallel:closing loop
[176.373s] DEBUG:colcon.colcon_parallel_executor.executor.parallel:loop closed
[176.373s] DEBUG:colcon.colcon_parallel_executor.executor.parallel:run_until_complete finished with '0'
[176.374s] DEBUG:colcon.colcon_core.event_reactor:joining thread
[176.461s] INFO:colcon.colcon_core.plugin_system:Skipping extension 'colcon_notification.desktop_notification.notify_send': Could not find 'notify-send'
[176.461s] INFO:colcon.colcon_core.plugin_system:Skipping extension 'colcon_notification.desktop_notification.terminal_notifier': Not used on non-Darwin systems
[176.462s] INFO:colcon.colcon_core.plugin_system:Skipping extension 'colcon_notification.desktop_notification.win32': Not used on non-Windows systems
[176.463s] INFO:colcon.colcon_notification.desktop_notification:Sending desktop notification using 'notify2'
[176.463s] DEBUG:colcon.colcon_notification.desktop_notification.notify2:Failed to initialize notify2: org.freedesktop.DBus.Error.FileNotFound: Failed to connect to socket /run/user/0/bus: No such file or directory
[176.464s] DEBUG:colcon.colcon_core.event_reactor:joined thread
[176.466s] INFO:colcon.colcon_core.shell:Creating prefix script '/mnt/c/Users/game_/Desktop/Work/ROBOTECH/lab2/ex09/full_name_message/install/local_setup.ps1'
[176.481s] INFO:colcon.colcon_core.shell:Creating prefix util module '/mnt/c/Users/game_/Desktop/Work/ROBOTECH/lab2/ex09/full_name_message/install/_local_setup_util_ps1.py'
[176.493s] INFO:colcon.colcon_core.shell:Creating prefix chain script '/mnt/c/Users/game_/Desktop/Work/ROBOTECH/lab2/ex09/full_name_message/install/setup.ps1'
[176.505s] INFO:colcon.colcon_core.shell:Creating prefix script '/mnt/c/Users/game_/Desktop/Work/ROBOTECH/lab2/ex09/full_name_message/install/local_setup.sh'
[176.516s] INFO:colcon.colcon_core.shell:Creating prefix util module '/mnt/c/Users/game_/Desktop/Work/ROBOTECH/lab2/ex09/full_name_message/install/_local_setup_util_sh.py'
[176.526s] INFO:colcon.colcon_core.shell:Creating prefix chain script '/mnt/c/Users/game_/Desktop/Work/ROBOTECH/lab2/ex09/full_name_message/install/setup.sh'
[176.537s] INFO:colcon.colcon_core.shell:Creating prefix script '/mnt/c/Users/game_/Desktop/Work/ROBOTECH/lab2/ex09/full_name_message/install/local_setup.bash'
[176.547s] INFO:colcon.colcon_core.shell:Creating prefix chain script '/mnt/c/Users/game_/Desktop/Work/ROBOTECH/lab2/ex09/full_name_message/install/setup.bash'
[176.557s] INFO:colcon.colcon_core.shell:Creating prefix script '/mnt/c/Users/game_/Desktop/Work/ROBOTECH/lab2/ex09/full_name_message/install/local_setup.zsh'
[176.567s] INFO:colcon.colcon_core.shell:Creating prefix chain script '/mnt/c/Users/game_/Desktop/Work/ROBOTECH/lab2/ex09/full_name_message/install/setup.zsh'
