[0.908s] DEBUG:colcon:Command line arguments: ['/usr/bin/colcon', 'build', '--packages-select', 'text_to_cmd_vel']
[0.909s] DEBUG:colcon:Parsed command line arguments: Namespace(log_base=None, log_level=None, verb_name='build', build_base='build', install_base='install', merge_install=False, symlink_install=False, test_result_base=None, continue_on_error=False, executor='parallel', parallel_workers=16, event_handlers=None, ignore_user_meta=False, metas=['./colcon.meta'], base_paths=['.'], packages_ignore=None, packages_ignore_regex=None, paths=None, packages_up_to=None, packages_up_to_regex=None, packages_above=None, packages_above_and_dependencies=None, packages_above_depth=None, packages_select_by_dep=None, packages_skip_by_dep=None, packages_skip_up_to=None, packages_select_build_failed=False, packages_skip_build_finished=False, packages_select_test_failures=False, packages_skip_test_passed=False, packages_select=['text_to_cmd_vel'], packages_skip=None, packages_select_regex=None, packages_skip_regex=None, packages_start=None, packages_end=None, allow_overriding=[], cmake_args=None, cmake_target=None, cmake_target_skip_unavailable=False, cmake_clean_cache=False, cmake_clean_first=False, cmake_force_configure=False, ament_cmake_args=None, catkin_cmake_args=None, catkin_skip_building_tests=False, verb_parser=<colcon_defaults.argument_parser.defaults.DefaultArgumentsDecorator object at 0x7fd1ae3e2440>, verb_extension=<colcon_core.verb.build.BuildVerb object at 0x7fd1aeb33b50>, main=<bound method BuildVerb.main of <colcon_core.verb.build.BuildVerb object at 0x7fd1aeb33b50>>)
[1.001s] Level 1:colcon.colcon_core.package_discovery:discover_packages(colcon_meta) check parameters
[1.003s] Level 1:colcon.colcon_core.package_discovery:discover_packages(recursive) check parameters
[1.004s] Level 1:colcon.colcon_core.package_discovery:discover_packages(ignore) check parameters
[1.005s] Level 1:colcon.colcon_core.package_discovery:discover_packages(path) check parameters
[1.006s] Level 1:colcon.colcon_core.package_discovery:discover_packages(colcon_meta) discover
[1.007s] Level 1:colcon.colcon_core.package_discovery:discover_packages(recursive) discover
[1.008s] INFO:colcon.colcon_core.package_discovery:Crawling recursively for packages in '/mnt/c/Users/game_/Desktop/Work/ROBOTECH/lab2/ex10'
[1.013s] Level 1:colcon.colcon_core.package_identification:_identify(.) by extensions ['ignore', 'ignore_ament_install']
[1.014s] Level 1:colcon.colcon_core.package_identification:_identify(.) by extension 'ignore'
[1.015s] Level 1:colcon.colcon_core.package_identification:_identify(.) by extension 'ignore_ament_install'
[1.017s] Level 1:colcon.colcon_core.package_identification:_identify(.) by extensions ['colcon_pkg']
[1.018s] Level 1:colcon.colcon_core.package_identification:_identify(.) by extension 'colcon_pkg'
[1.020s] Level 1:colcon.colcon_core.package_identification:_identify(.) by extensions ['colcon_meta']
[1.020s] Level 1:colcon.colcon_core.package_identification:_identify(.) by extension 'colcon_meta'
[1.021s] Level 1:colcon.colcon_core.package_identification:_identify(.) by extensions ['ros']
[1.022s] Level 1:colcon.colcon_core.package_identification:_identify(.) by extension 'ros'
[1.044s] Level 1:colcon.colcon_core.package_identification:_identify(.) by extensions ['cmake', 'python']
[1.045s] Level 1:colcon.colcon_core.package_identification:_identify(.) by extension 'cmake'
[1.047s] Level 1:colcon.colcon_core.package_identification:_identify(.) by extension 'python'
[1.048s] Level 1:colcon.colcon_core.package_identification:_identify(.) by extensions ['python_setup_py']
[1.049s] Level 1:colcon.colcon_core.package_identification:_identify(.) by extension 'python_setup_py'
[1.059s] Level 1:colcon.colcon_core.package_identification:_identify(build) by extensions ['ignore', 'ignore_ament_install']
[1.060s] Level 1:colcon.colcon_core.package_identification:_identify(build) by extension 'ignore'
[1.064s] Level 1:colcon.colcon_core.package_identification:_identify(build) ignored
[1.074s] Level 1:colcon.colcon_core.package_identification:_identify(install) by extensions ['ignore', 'ignore_ament_install']
[1.075s] Level 1:colcon.colcon_core.package_identification:_identify(install) by extension 'ignore'
[1.080s] Level 1:colcon.colcon_core.package_identification:_identify(install) ignored
[1.095s] Level 1:colcon.colcon_core.package_identification:_identify(log) by extensions ['ignore', 'ignore_ament_install']
[1.096s] Level 1:colcon.colcon_core.package_identification:_identify(log) by extension 'ignore'
[1.099s] Level 1:colcon.colcon_core.package_identification:_identify(log) ignored
[1.104s] Level 1:colcon.colcon_core.package_identification:_identify(text_to_cmd_vel) by extensions ['ignore', 'ignore_ament_install']
[1.105s] Level 1:colcon.colcon_core.package_identification:_identify(text_to_cmd_vel) by extension 'ignore'
[1.107s] Level 1:colcon.colcon_core.package_identification:_identify(text_to_cmd_vel) by extension 'ignore_ament_install'
[1.110s] Level 1:colcon.colcon_core.package_identification:_identify(text_to_cmd_vel) by extensions ['colcon_pkg']
[1.110s] Level 1:colcon.colcon_core.package_identification:_identify(text_to_cmd_vel) by extension 'colcon_pkg'
[1.112s] Level 1:colcon.colcon_core.package_identification:_identify(text_to_cmd_vel) by extensions ['colcon_meta']
[1.112s] Level 1:colcon.colcon_core.package_identification:_identify(text_to_cmd_vel) by extension 'colcon_meta'
[1.114s] Level 1:colcon.colcon_core.package_identification:_identify(text_to_cmd_vel) by extensions ['ros']
[1.114s] Level 1:colcon.colcon_core.package_identification:_identify(text_to_cmd_vel) by extension 'ros'
[1.135s] DEBUG:colcon.colcon_core.package_identification:Package 'text_to_cmd_vel' with type 'ros.ament_cmake' and name 'text_to_cmd_vel'
[1.136s] Level 1:colcon.colcon_core.package_discovery:discover_packages(recursive) using defaults
[1.137s] Level 1:colcon.colcon_core.package_discovery:discover_packages(ignore) discover
[1.138s] Level 1:colcon.colcon_core.package_discovery:discover_packages(ignore) using defaults
[1.139s] Level 1:colcon.colcon_core.package_discovery:discover_packages(path) discover
[1.140s] Level 1:colcon.colcon_core.package_discovery:discover_packages(path) using defaults
[1.185s] Level 1:colcon.colcon_core.package_discovery:discover_packages(prefix_path) check parameters
[1.186s] Level 1:colcon.colcon_core.package_discovery:discover_packages(prefix_path) discover
[1.191s] DEBUG:colcon.colcon_installed_package_information.package_discovery:Found 10 installed packages in /root/ros2_ws/install
[1.196s] DEBUG:colcon.colcon_installed_package_information.package_discovery:Found 283 installed packages in /opt/ros/humble
[1.199s] Level 1:colcon.colcon_core.package_discovery:discover_packages(prefix_path) using defaults
[1.285s] Level 5:colcon.colcon_core.verb:set package 'text_to_cmd_vel' build argument 'cmake_args' from command line to 'None'
[1.286s] Level 5:colcon.colcon_core.verb:set package 'text_to_cmd_vel' build argument 'cmake_target' from command line to 'None'
[1.287s] Level 5:colcon.colcon_core.verb:set package 'text_to_cmd_vel' build argument 'cmake_target_skip_unavailable' from command line to 'False'
[1.287s] Level 5:colcon.colcon_core.verb:set package 'text_to_cmd_vel' build argument 'cmake_clean_cache' from command line to 'False'
[1.288s] Level 5:colcon.colcon_core.verb:set package 'text_to_cmd_vel' build argument 'cmake_clean_first' from command line to 'False'
[1.289s] Level 5:colcon.colcon_core.verb:set package 'text_to_cmd_vel' build argument 'cmake_force_configure' from command line to 'False'
[1.289s] Level 5:colcon.colcon_core.verb:set package 'text_to_cmd_vel' build argument 'ament_cmake_args' from command line to 'None'
[1.290s] Level 5:colcon.colcon_core.verb:set package 'text_to_cmd_vel' build argument 'catkin_cmake_args' from command line to 'None'
[1.290s] Level 5:colcon.colcon_core.verb:set package 'text_to_cmd_vel' build argument 'catkin_skip_building_tests' from command line to 'False'
[1.291s] DEBUG:colcon.colcon_core.verb:Building package 'text_to_cmd_vel' with the following arguments: {'ament_cmake_args': None, 'build_base': '/mnt/c/Users/game_/Desktop/Work/ROBOTECH/lab2/ex10/build/text_to_cmd_vel', 'catkin_cmake_args': None, 'catkin_skip_building_tests': False, 'cmake_args': None, 'cmake_clean_cache': False, 'cmake_clean_first': False, 'cmake_force_configure': False, 'cmake_target': None, 'cmake_target_skip_unavailable': False, 'install_base': '/mnt/c/Users/game_/Desktop/Work/ROBOTECH/lab2/ex10/install/text_to_cmd_vel', 'merge_install': False, 'path': '/mnt/c/Users/game_/Desktop/Work/ROBOTECH/lab2/ex10/text_to_cmd_vel', 'symlink_install': False, 'test_result_base': None}
[1.293s] INFO:colcon.colcon_core.executor:Executing jobs using 'parallel' executor
[1.298s] DEBUG:colcon.colcon_parallel_executor.executor.parallel:run_until_complete
[1.299s] INFO:colcon.colcon_ros.task.ament_cmake.build:Building ROS package in '/mnt/c/Users/game_/Desktop/Work/ROBOTECH/lab2/ex10/text_to_cmd_vel' with build type 'ament_cmake'
[1.300s] INFO:colcon.colcon_cmake.task.cmake.build:Building CMake package in '/mnt/c/Users/game_/Desktop/Work/ROBOTECH/lab2/ex10/text_to_cmd_vel'
[1.309s] INFO:colcon.colcon_core.plugin_system:Skipping extension 'colcon_core.shell.bat': Not used on non-Windows systems
[1.311s] INFO:colcon.colcon_core.shell:Skip shell extension 'powershell' for command environment: Not usable outside of PowerShell
[1.312s] DEBUG:colcon.colcon_core.shell:Skip shell extension 'dsv' for command environment
[1.487s] DEBUG:colcon.colcon_core.event_handler.log_command:Invoking command in '/mnt/c/Users/game_/Desktop/Work/ROBOTECH/lab2/ex10/build/text_to_cmd_vel': CMAKE_PREFIX_PATH=${CMAKE_PREFIX_PATH}:/root/ros2_ws/install/examples_rclpy_minimal_subscriber:/root/ros2_ws/install/examples_rclpy_minimal_service:/root/ros2_ws/install/examples_rclpy_minimal_publisher:/root/ros2_ws/install/examples_rclpy_minimal_client:/root/ros2_ws/install/examples_rclpy_minimal_action_server:/root/ros2_ws/install/examples_rclpy_minimal_action_client:/root/ros2_ws/install/examples_rclpy_guard_conditions:/root/ros2_ws/install/examples_rclpy_executors:/opt/ros/humble /usr/bin/cmake --build /mnt/c/Users/game_/Desktop/Work/ROBOTECH/lab2/ex10/build/text_to_cmd_vel -- -j16 -l16
[3.413s] DEBUG:colcon.colcon_core.event_handler.log_command:Invoked command in '/mnt/c/Users/game_/Desktop/Work/ROBOTECH/lab2/ex10/build/text_to_cmd_vel' returned '2': CMAKE_PREFIX_PATH=${CMAKE_PREFIX_PATH}:/root/ros2_ws/install/examples_rclpy_minimal_subscriber:/root/ros2_ws/install/examples_rclpy_minimal_service:/root/ros2_ws/install/examples_rclpy_minimal_publisher:/root/ros2_ws/install/examples_rclpy_minimal_client:/root/ros2_ws/install/examples_rclpy_minimal_action_server:/root/ros2_ws/install/examples_rclpy_minimal_action_client:/root/ros2_ws/install/examples_rclpy_guard_conditions:/root/ros2_ws/install/examples_rclpy_executors:/opt/ros/humble /usr/bin/cmake --build /mnt/c/Users/game_/Desktop/Work/ROBOTECH/lab2/ex10/build/text_to_cmd_vel -- -j16 -l16
[3.516s] Level 1:colcon.colcon_core.environment:create_environment_scripts_only(text_to_cmd_vel)
[3.526s] Level 1:colcon.colcon_core.environment:checking '/mnt/c/Users/game_/Desktop/Work/ROBOTECH/lab2/ex10/install/text_to_cmd_vel' for CMake module files
[3.680s] Level 1:colcon.colcon_core.environment:checking '/mnt/c/Users/game_/Desktop/Work/ROBOTECH/lab2/ex10/install/text_to_cmd_vel' for CMake config files
[3.789s] Level 1:colcon.colcon_core.environment:checking '/mnt/c/Users/game_/Desktop/Work/ROBOTECH/lab2/ex10/install/text_to_cmd_vel/bin'
[3.794s] Level 1:colcon.colcon_core.environment:checking '/mnt/c/Users/game_/Desktop/Work/ROBOTECH/lab2/ex10/install/text_to_cmd_vel/lib/pkgconfig/text_to_cmd_vel.pc'
[3.800s] Level 1:colcon.colcon_core.environment:checking '/mnt/c/Users/game_/Desktop/Work/ROBOTECH/lab2/ex10/install/text_to_cmd_vel/lib/python3.10/site-packages'
[3.806s] Level 1:colcon.colcon_core.environment:checking '/mnt/c/Users/game_/Desktop/Work/ROBOTECH/lab2/ex10/install/text_to_cmd_vel/bin'
[3.813s] INFO:colcon.colcon_core.shell:Creating package script '/mnt/c/Users/game_/Desktop/Work/ROBOTECH/lab2/ex10/install/text_to_cmd_vel/share/text_to_cmd_vel/package.ps1'
[3.858s] INFO:colcon.colcon_core.shell:Creating package descriptor '/mnt/c/Users/game_/Desktop/Work/ROBOTECH/lab2/ex10/install/text_to_cmd_vel/share/text_to_cmd_vel/package.dsv'
[3.902s] INFO:colcon.colcon_core.shell:Creating package script '/mnt/c/Users/game_/Desktop/Work/ROBOTECH/lab2/ex10/install/text_to_cmd_vel/share/text_to_cmd_vel/package.sh'
[3.948s] INFO:colcon.colcon_core.shell:Creating package script '/mnt/c/Users/game_/Desktop/Work/ROBOTECH/lab2/ex10/install/text_to_cmd_vel/share/text_to_cmd_vel/package.bash'
[3.991s] INFO:colcon.colcon_core.shell:Creating package script '/mnt/c/Users/game_/Desktop/Work/ROBOTECH/lab2/ex10/install/text_to_cmd_vel/share/text_to_cmd_vel/package.zsh'
[4.041s] Level 1:colcon.colcon_core.environment:create_file_with_runtime_dependencies(/mnt/c/Users/game_/Desktop/Work/ROBOTECH/lab2/ex10/install/text_to_cmd_vel/share/colcon-core/packages/text_to_cmd_vel)
[4.074s] DEBUG:colcon.colcon_parallel_executor.executor.parallel:closing loop
[4.075s] DEBUG:colcon.colcon_parallel_executor.executor.parallel:loop closed
[4.076s] DEBUG:colcon.colcon_parallel_executor.executor.parallel:run_until_complete finished with '2'
[4.077s] DEBUG:colcon.colcon_core.event_reactor:joining thread
[4.221s] INFO:colcon.colcon_core.plugin_system:Skipping extension 'colcon_notification.desktop_notification.notify_send': Could not find 'notify-send'
[4.222s] INFO:colcon.colcon_core.plugin_system:Skipping extension 'colcon_notification.desktop_notification.terminal_notifier': Not used on non-Darwin systems
[4.223s] INFO:colcon.colcon_core.plugin_system:Skipping extension 'colcon_notification.desktop_notification.win32': Not used on non-Windows systems
[4.224s] INFO:colcon.colcon_notification.desktop_notification:Sending desktop notification using 'notify2'
[4.225s] DEBUG:colcon.colcon_notification.desktop_notification.notify2:Failed to initialize notify2: org.freedesktop.DBus.Error.FileNotFound: Failed to connect to socket /run/user/0/bus: No such file or directory
[4.226s] DEBUG:colcon.colcon_core.event_reactor:joined thread
[4.229s] INFO:colcon.colcon_core.shell:Creating prefix script '/mnt/c/Users/game_/Desktop/Work/ROBOTECH/lab2/ex10/install/local_setup.ps1'
[4.252s] INFO:colcon.colcon_core.shell:Creating prefix util module '/mnt/c/Users/game_/Desktop/Work/ROBOTECH/lab2/ex10/install/_local_setup_util_ps1.py'
[4.272s] INFO:colcon.colcon_core.shell:Creating prefix chain script '/mnt/c/Users/game_/Desktop/Work/ROBOTECH/lab2/ex10/install/setup.ps1'
[4.292s] INFO:colcon.colcon_core.shell:Creating prefix script '/mnt/c/Users/game_/Desktop/Work/ROBOTECH/lab2/ex10/install/local_setup.sh'
[4.309s] INFO:colcon.colcon_core.shell:Creating prefix util module '/mnt/c/Users/game_/Desktop/Work/ROBOTECH/lab2/ex10/install/_local_setup_util_sh.py'
[4.325s] INFO:colcon.colcon_core.shell:Creating prefix chain script '/mnt/c/Users/game_/Desktop/Work/ROBOTECH/lab2/ex10/install/setup.sh'
[4.344s] INFO:colcon.colcon_core.shell:Creating prefix script '/mnt/c/Users/game_/Desktop/Work/ROBOTECH/lab2/ex10/install/local_setup.bash'
[4.361s] INFO:colcon.colcon_core.shell:Creating prefix chain script '/mnt/c/Users/game_/Desktop/Work/ROBOTECH/lab2/ex10/install/setup.bash'
[4.381s] INFO:colcon.colcon_core.shell:Creating prefix script '/mnt/c/Users/game_/Desktop/Work/ROBOTECH/lab2/ex10/install/local_setup.zsh'
[4.399s] INFO:colcon.colcon_core.shell:Creating prefix chain script '/mnt/c/Users/game_/Desktop/Work/ROBOTECH/lab2/ex10/install/setup.zsh'
