[0.112s] Invoking command in '/mnt/c/Users/game_/Desktop/Work/ROBOTECH/lab2/ex03/build/axenox': CMAKE_PREFIX_PATH=${CMAKE_PREFIX_PATH}:/root/ros2_ws/install/examples_rclpy_minimal_subscriber:/root/ros2_ws/install/examples_rclpy_minimal_service:/root/ros2_ws/install/examples_rclpy_minimal_publisher:/root/ros2_ws/install/examples_rclpy_minimal_client:/root/ros2_ws/install/examples_rclpy_minimal_action_server:/root/ros2_ws/install/examples_rclpy_minimal_action_client:/root/ros2_ws/install/examples_rclpy_guard_conditions:/root/ros2_ws/install/examples_rclpy_executors:/opt/ros/humble /usr/bin/cmake --build /mnt/c/Users/game_/Desktop/Work/ROBOTECH/lab2/ex03/build/axenox -- -j16 -l16
[0.272s] Invoked command in '/mnt/c/Users/game_/Desktop/Work/ROBOTECH/lab2/ex03/build/axenox' returned '0': CMAKE_PREFIX_PATH=${CMAKE_PREFIX_PATH}:/root/ros2_ws/install/examples_rclpy_minimal_subscriber:/root/ros2_ws/install/examples_rclpy_minimal_service:/root/ros2_ws/install/examples_rclpy_minimal_publisher:/root/ros2_ws/install/examples_rclpy_minimal_client:/root/ros2_ws/install/examples_rclpy_minimal_action_server:/root/ros2_ws/install/examples_rclpy_minimal_action_client:/root/ros2_ws/install/examples_rclpy_guard_conditions:/root/ros2_ws/install/examples_rclpy_executors:/opt/ros/humble /usr/bin/cmake --build /mnt/c/Users/game_/Desktop/Work/ROBOTECH/lab2/ex03/build/axenox -- -j16 -l16
[0.357s] Invoking command in '/mnt/c/Users/game_/Desktop/Work/ROBOTECH/lab2/ex03/build/axenox': CMAKE_PREFIX_PATH=${CMAKE_PREFIX_PATH}:/root/ros2_ws/install/examples_rclpy_minimal_subscriber:/root/ros2_ws/install/examples_rclpy_minimal_service:/root/ros2_ws/install/examples_rclpy_minimal_publisher:/root/ros2_ws/install/examples_rclpy_minimal_client:/root/ros2_ws/install/examples_rclpy_minimal_action_server:/root/ros2_ws/install/examples_rclpy_minimal_action_client:/root/ros2_ws/install/examples_rclpy_guard_conditions:/root/ros2_ws/install/examples_rclpy_executors:/opt/ros/humble /usr/bin/cmake --install /mnt/c/Users/game_/Desktop/Work/ROBOTECH/lab2/ex03/build/axenox
[0.371s] -- Install configuration: ""
[0.423s] -- Up-to-date: /mnt/c/Users/game_/Desktop/Work/ROBOTECH/lab2/ex03/install/axenox/share/ament_index/resource_index/package_run_dependencies/axenox
[0.487s] -- Up-to-date: /mnt/c/Users/game_/Desktop/Work/ROBOTECH/lab2/ex03/install/axenox/share/ament_index/resource_index/parent_prefix_path/axenox
[0.521s] -- Up-to-date: /mnt/c/Users/game_/Desktop/Work/ROBOTECH/lab2/ex03/install/axenox/share/axenox/environment/ament_prefix_path.sh
[0.563s] -- Up-to-date: /mnt/c/Users/game_/Desktop/Work/ROBOTECH/lab2/ex03/install/axenox/share/axenox/environment/ament_prefix_path.dsv
[0.595s] -- Up-to-date: /mnt/c/Users/game_/Desktop/Work/ROBOTECH/lab2/ex03/install/axenox/share/axenox/environment/path.sh
[0.641s] -- Up-to-date: /mnt/c/Users/game_/Desktop/Work/ROBOTECH/lab2/ex03/install/axenox/share/axenox/environment/path.dsv
[0.687s] -- Up-to-date: /mnt/c/Users/game_/Desktop/Work/ROBOTECH/lab2/ex03/install/axenox/share/axenox/local_setup.bash
[0.729s] -- Up-to-date: /mnt/c/Users/game_/Desktop/Work/ROBOTECH/lab2/ex03/install/axenox/share/axenox/local_setup.sh
[0.769s] -- Up-to-date: /mnt/c/Users/game_/Desktop/Work/ROBOTECH/lab2/ex03/install/axenox/share/axenox/local_setup.zsh
[0.815s] -- Up-to-date: /mnt/c/Users/game_/Desktop/Work/ROBOTECH/lab2/ex03/install/axenox/share/axenox/local_setup.dsv
[0.854s] -- Installing: /mnt/c/Users/game_/Desktop/Work/ROBOTECH/lab2/ex03/install/axenox/share/axenox/package.dsv
[1.002s] -- Up-to-date: /mnt/c/Users/game_/Desktop/Work/ROBOTECH/lab2/ex03/install/axenox/share/ament_index/resource_index/packages/axenox
[1.047s] -- Up-to-date: /mnt/c/Users/game_/Desktop/Work/ROBOTECH/lab2/ex03/install/axenox/share/axenox/cmake/axenoxConfig.cmake
[1.084s] -- Up-to-date: /mnt/c/Users/game_/Desktop/Work/ROBOTECH/lab2/ex03/install/axenox/share/axenox/cmake/axenoxConfig-version.cmake
[1.125s] -- Up-to-date: /mnt/c/Users/game_/Desktop/Work/ROBOTECH/lab2/ex03/install/axenox/share/axenox/package.xml
[1.144s] Invoked command in '/mnt/c/Users/game_/Desktop/Work/ROBOTECH/lab2/ex03/build/axenox' returned '0': CMAKE_PREFIX_PATH=${CMAKE_PREFIX_PATH}:/root/ros2_ws/install/examples_rclpy_minimal_subscriber:/root/ros2_ws/install/examples_rclpy_minimal_service:/root/ros2_ws/install/examples_rclpy_minimal_publisher:/root/ros2_ws/install/examples_rclpy_minimal_client:/root/ros2_ws/install/examples_rclpy_minimal_action_server:/root/ros2_ws/install/examples_rclpy_minimal_action_client:/root/ros2_ws/install/examples_rclpy_guard_conditions:/root/ros2_ws/install/examples_rclpy_executors:/opt/ros/humble /usr/bin/cmake --install /mnt/c/Users/game_/Desktop/Work/ROBOTECH/lab2/ex03/build/axenox
