[1.033s] DEBUG:colcon:Command line arguments: ['/usr/bin/colcon', 'build', '--packages-select', 'full_name_message']
[1.035s] DEBUG:colcon:Parsed command line arguments: Namespace(log_base=None, log_level=None, verb_name='build', build_base='build', install_base='install', merge_install=False, symlink_install=False, test_result_base=None, continue_on_error=False, executor='parallel', parallel_workers=16, event_handlers=None, ignore_user_meta=False, metas=['./colcon.meta'], base_paths=['.'], packages_ignore=None, packages_ignore_regex=None, paths=None, packages_up_to=None, packages_up_to_regex=None, packages_above=None, packages_above_and_dependencies=None, packages_above_depth=None, packages_select_by_dep=None, packages_skip_by_dep=None, packages_skip_up_to=None, packages_select_build_failed=False, packages_skip_build_finished=False, packages_select_test_failures=False, packages_skip_test_passed=False, packages_select=['full_name_message'], packages_skip=None, packages_select_regex=None, packages_skip_regex=None, packages_start=None, packages_end=None, allow_overriding=[], cmake_args=None, cmake_target=None, cmake_target_skip_unavailable=False, cmake_clean_cache=False, cmake_clean_first=False, cmake_force_configure=False, ament_cmake_args=None, catkin_cmake_args=None, catkin_skip_building_tests=False, verb_parser=<colcon_defaults.argument_parser.defaults.DefaultArgumentsDecorator object at 0x7fc72e575f00>, verb_extension=<colcon_core.verb.build.BuildVerb object at 0x7fc72eca5210>, main=<bound method BuildVerb.main of <colcon_core.verb.build.BuildVerb object at 0x7fc72eca5210>>)
[1.228s] Level 1:colcon.colcon_core.package_discovery:discover_packages(colcon_meta) check parameters
[1.230s] Level 1:colcon.colcon_core.package_discovery:discover_packages(recursive) check parameters
[1.231s] Level 1:colcon.colcon_core.package_discovery:discover_packages(ignore) check parameters
[1.232s] Level 1:colcon.colcon_core.package_discovery:discover_packages(path) check parameters
[1.234s] Level 1:colcon.colcon_core.package_discovery:discover_packages(colcon_meta) discover
[1.235s] Level 1:colcon.colcon_core.package_discovery:discover_packages(recursive) discover
[1.236s] INFO:colcon.colcon_core.package_discovery:Crawling recursively for packages in '/mnt/c/Users/game_/Desktop/Work/ROBOTECH/lab2/ex09/full_name_message'
[1.244s] Level 1:colcon.colcon_core.package_identification:_identify(.) by extensions ['ignore', 'ignore_ament_install']
[1.245s] Level 1:colcon.colcon_core.package_identification:_identify(.) by extension 'ignore'
[1.248s] Level 1:colcon.colcon_core.package_identification:_identify(.) by extension 'ignore_ament_install'
[1.250s] Level 1:colcon.colcon_core.package_identification:_identify(.) by extensions ['colcon_pkg']
[1.252s] Level 1:colcon.colcon_core.package_identification:_identify(.) by extension 'colcon_pkg'
[1.254s] Level 1:colcon.colcon_core.package_identification:_identify(.) by extensions ['colcon_meta']
[1.255s] Level 1:colcon.colcon_core.package_identification:_identify(.) by extension 'colcon_meta'
[1.256s] Level 1:colcon.colcon_core.package_identification:_identify(.) by extensions ['ros']
[1.257s] Level 1:colcon.colcon_core.package_identification:_identify(.) by extension 'ros'
[1.319s] DEBUG:colcon.colcon_core.package_identification:Package '.' with type 'ros.ament_cmake' and name 'full_name_message'
[1.320s] Level 1:colcon.colcon_core.package_discovery:discover_packages(recursive) using defaults
[1.321s] Level 1:colcon.colcon_core.package_discovery:discover_packages(ignore) discover
[1.322s] Level 1:colcon.colcon_core.package_discovery:discover_packages(ignore) using defaults
[1.322s] Level 1:colcon.colcon_core.package_discovery:discover_packages(path) discover
[1.323s] Level 1:colcon.colcon_core.package_discovery:discover_packages(path) using defaults
[1.385s] Level 1:colcon.colcon_core.package_discovery:discover_packages(prefix_path) check parameters
[1.385s] Level 1:colcon.colcon_core.package_discovery:discover_packages(prefix_path) discover
[1.392s] DEBUG:colcon.colcon_installed_package_information.package_discovery:Found 10 installed packages in /root/ros2_ws/install
[1.395s] DEBUG:colcon.colcon_installed_package_information.package_discovery:Found 283 installed packages in /opt/ros/humble
[1.400s] Level 1:colcon.colcon_core.package_discovery:discover_packages(prefix_path) using defaults
[1.514s] Level 5:colcon.colcon_core.verb:set package 'full_name_message' build argument 'cmake_args' from command line to 'None'
[1.515s] Level 5:colcon.colcon_core.verb:set package 'full_name_message' build argument 'cmake_target' from command line to 'None'
[1.516s] Level 5:colcon.colcon_core.verb:set package 'full_name_message' build argument 'cmake_target_skip_unavailable' from command line to 'False'
[1.517s] Level 5:colcon.colcon_core.verb:set package 'full_name_message' build argument 'cmake_clean_cache' from command line to 'False'
[1.517s] Level 5:colcon.colcon_core.verb:set package 'full_name_message' build argument 'cmake_clean_first' from command line to 'False'
[1.518s] Level 5:colcon.colcon_core.verb:set package 'full_name_message' build argument 'cmake_force_configure' from command line to 'False'
[1.518s] Level 5:colcon.colcon_core.verb:set package 'full_name_message' build argument 'ament_cmake_args' from command line to 'None'
[1.519s] Level 5:colcon.colcon_core.verb:set package 'full_name_message' build argument 'catkin_cmake_args' from command line to 'None'
[1.520s] Level 5:colcon.colcon_core.verb:set package 'full_name_message' build argument 'catkin_skip_building_tests' from command line to 'False'
[1.520s] DEBUG:colcon.colcon_core.verb:Building package 'full_name_message' with the following arguments: {'ament_cmake_args': None, 'build_base': '/mnt/c/Users/game_/Desktop/Work/ROBOTECH/lab2/ex09/full_name_message/build/full_name_message', 'catkin_cmake_args': None, 'catkin_skip_building_tests': False, 'cmake_args': None, 'cmake_clean_cache': False, 'cmake_clean_first': False, 'cmake_force_configure': False, 'cmake_target': None, 'cmake_target_skip_unavailable': False, 'install_base': '/mnt/c/Users/game_/Desktop/Work/ROBOTECH/lab2/ex09/full_name_message/install/full_name_message', 'merge_install': False, 'path': '/mnt/c/Users/game_/Desktop/Work/ROBOTECH/lab2/ex09/full_name_message', 'symlink_install': False, 'test_result_base': None}
[1.522s] INFO:colcon.colcon_core.executor:Executing jobs using 'parallel' executor
[1.527s] DEBUG:colcon.colcon_parallel_executor.executor.parallel:run_until_complete
[1.528s] INFO:colcon.colcon_ros.task.ament_cmake.build:Building ROS package in '/mnt/c/Users/game_/Desktop/Work/ROBOTECH/lab2/ex09/full_name_message' with build type 'ament_cmake'
[1.529s] INFO:colcon.colcon_cmake.task.cmake.build:Building CMake package in '/mnt/c/Users/game_/Desktop/Work/ROBOTECH/lab2/ex09/full_name_message'
[1.540s] INFO:colcon.colcon_core.plugin_system:Skipping extension 'colcon_core.shell.bat': Not used on non-Windows systems
[1.541s] INFO:colcon.colcon_core.shell:Skip shell extension 'powershell' for command environment: Not usable outside of PowerShell
[1.542s] DEBUG:colcon.colcon_core.shell:Skip shell extension 'dsv' for command environment
[1.657s] DEBUG:colcon.colcon_core.event_handler.log_command:Invoking command in '/mnt/c/Users/game_/Desktop/Work/ROBOTECH/lab2/ex09/full_name_message/build/full_name_message': CMAKE_PREFIX_PATH=${CMAKE_PREFIX_PATH}:/root/ros2_ws/install/examples_rclpy_minimal_subscriber:/root/ros2_ws/install/examples_rclpy_minimal_service:/root/ros2_ws/install/examples_rclpy_minimal_publisher:/root/ros2_ws/install/examples_rclpy_minimal_client:/root/ros2_ws/install/examples_rclpy_minimal_action_server:/root/ros2_ws/install/examples_rclpy_minimal_action_client:/root/ros2_ws/install/examples_rclpy_guard_conditions:/root/ros2_ws/install/examples_rclpy_executors:/opt/ros/humble /usr/bin/cmake /mnt/c/Users/game_/Desktop/Work/ROBOTECH/lab2/ex09/full_name_message -DCMAKE_INSTALL_PREFIX=/mnt/c/Users/game_/Desktop/Work/ROBOTECH/lab2/ex09/full_name_message/install/full_name_message
[11.610s] DEBUG:colcon.colcon_core.event_handler.log_command:Invoked command in '/mnt/c/Users/game_/Desktop/Work/ROBOTECH/lab2/ex09/full_name_message/build/full_name_message' returned '1': CMAKE_PREFIX_PATH=${CMAKE_PREFIX_PATH}:/root/ros2_ws/install/examples_rclpy_minimal_subscriber:/root/ros2_ws/install/examples_rclpy_minimal_service:/root/ros2_ws/install/examples_rclpy_minimal_publisher:/root/ros2_ws/install/examples_rclpy_minimal_client:/root/ros2_ws/install/examples_rclpy_minimal_action_server:/root/ros2_ws/install/examples_rclpy_minimal_action_client:/root/ros2_ws/install/examples_rclpy_guard_conditions:/root/ros2_ws/install/examples_rclpy_executors:/opt/ros/humble /usr/bin/cmake /mnt/c/Users/game_/Desktop/Work/ROBOTECH/lab2/ex09/full_name_message -DCMAKE_INSTALL_PREFIX=/mnt/c/Users/game_/Desktop/Work/ROBOTECH/lab2/ex09/full_name_message/install/full_name_message
[11.617s] Level 1:colcon.colcon_core.environment:create_environment_scripts_only(full_name_message)
[11.625s] Level 1:colcon.colcon_core.environment:checking '/mnt/c/Users/game_/Desktop/Work/ROBOTECH/lab2/ex09/full_name_message/install/full_name_message' for CMake module files
[11.673s] Level 1:colcon.colcon_core.environment:checking '/mnt/c/Users/game_/Desktop/Work/ROBOTECH/lab2/ex09/full_name_message/install/full_name_message' for CMake config files
[11.679s] Level 1:colcon.colcon_core.environment:checking '/mnt/c/Users/game_/Desktop/Work/ROBOTECH/lab2/ex09/full_name_message/install/full_name_message/bin'
[11.682s] Level 1:colcon.colcon_core.environment:checking '/mnt/c/Users/game_/Desktop/Work/ROBOTECH/lab2/ex09/full_name_message/install/full_name_message/lib/pkgconfig/full_name_message.pc'
[11.685s] Level 1:colcon.colcon_core.environment:checking '/mnt/c/Users/game_/Desktop/Work/ROBOTECH/lab2/ex09/full_name_message/install/full_name_message/lib/python3.10/site-packages'
[11.689s] Level 1:colcon.colcon_core.environment:checking '/mnt/c/Users/game_/Desktop/Work/ROBOTECH/lab2/ex09/full_name_message/install/full_name_message/bin'
[11.694s] INFO:colcon.colcon_core.shell:Creating package script '/mnt/c/Users/game_/Desktop/Work/ROBOTECH/lab2/ex09/full_name_message/install/full_name_message/share/full_name_message/package.ps1'
[11.740s] INFO:colcon.colcon_core.shell:Creating package descriptor '/mnt/c/Users/game_/Desktop/Work/ROBOTECH/lab2/ex09/full_name_message/install/full_name_message/share/full_name_message/package.dsv'
[11.782s] INFO:colcon.colcon_core.shell:Creating package script '/mnt/c/Users/game_/Desktop/Work/ROBOTECH/lab2/ex09/full_name_message/install/full_name_message/share/full_name_message/package.sh'
[11.822s] INFO:colcon.colcon_core.shell:Creating package script '/mnt/c/Users/game_/Desktop/Work/ROBOTECH/lab2/ex09/full_name_message/install/full_name_message/share/full_name_message/package.bash'
[11.863s] INFO:colcon.colcon_core.shell:Creating package script '/mnt/c/Users/game_/Desktop/Work/ROBOTECH/lab2/ex09/full_name_message/install/full_name_message/share/full_name_message/package.zsh'
[11.905s] Level 1:colcon.colcon_core.environment:create_file_with_runtime_dependencies(/mnt/c/Users/game_/Desktop/Work/ROBOTECH/lab2/ex09/full_name_message/install/full_name_message/share/colcon-core/packages/full_name_message)
[11.950s] DEBUG:colcon.colcon_parallel_executor.executor.parallel:closing loop
[11.951s] DEBUG:colcon.colcon_parallel_executor.executor.parallel:loop closed
[11.952s] DEBUG:colcon.colcon_parallel_executor.executor.parallel:run_until_complete finished with '1'
[11.953s] DEBUG:colcon.colcon_core.event_reactor:joining thread
[12.083s] INFO:colcon.colcon_core.plugin_system:Skipping extension 'colcon_notification.desktop_notification.notify_send': Could not find 'notify-send'
[12.084s] INFO:colcon.colcon_core.plugin_system:Skipping extension 'colcon_notification.desktop_notification.terminal_notifier': Not used on non-Darwin systems
[12.085s] INFO:colcon.colcon_core.plugin_system:Skipping extension 'colcon_notification.desktop_notification.win32': Not used on non-Windows systems
[12.086s] INFO:colcon.colcon_notification.desktop_notification:Sending desktop notification using 'notify2'
[12.087s] DEBUG:colcon.colcon_notification.desktop_notification.notify2:Failed to initialize notify2: org.freedesktop.DBus.Error.FileNotFound: Failed to connect to socket /run/user/0/bus: No such file or directory
[12.088s] DEBUG:colcon.colcon_core.event_reactor:joined thread
[12.091s] INFO:colcon.colcon_core.shell:Creating prefix script '/mnt/c/Users/game_/Desktop/Work/ROBOTECH/lab2/ex09/full_name_message/install/local_setup.ps1'
[12.108s] INFO:colcon.colcon_core.shell:Creating prefix util module '/mnt/c/Users/game_/Desktop/Work/ROBOTECH/lab2/ex09/full_name_message/install/_local_setup_util_ps1.py'
[12.126s] INFO:colcon.colcon_core.shell:Creating prefix chain script '/mnt/c/Users/game_/Desktop/Work/ROBOTECH/lab2/ex09/full_name_message/install/setup.ps1'
[12.144s] INFO:colcon.colcon_core.shell:Creating prefix script '/mnt/c/Users/game_/Desktop/Work/ROBOTECH/lab2/ex09/full_name_message/install/local_setup.sh'
[12.159s] INFO:colcon.colcon_core.shell:Creating prefix util module '/mnt/c/Users/game_/Desktop/Work/ROBOTECH/lab2/ex09/full_name_message/install/_local_setup_util_sh.py'
[12.175s] INFO:colcon.colcon_core.shell:Creating prefix chain script '/mnt/c/Users/game_/Desktop/Work/ROBOTECH/lab2/ex09/full_name_message/install/setup.sh'
[12.193s] INFO:colcon.colcon_core.shell:Creating prefix script '/mnt/c/Users/game_/Desktop/Work/ROBOTECH/lab2/ex09/full_name_message/install/local_setup.bash'
[12.210s] INFO:colcon.colcon_core.shell:Creating prefix chain script '/mnt/c/Users/game_/Desktop/Work/ROBOTECH/lab2/ex09/full_name_message/install/setup.bash'
[12.228s] INFO:colcon.colcon_core.shell:Creating prefix script '/mnt/c/Users/game_/Desktop/Work/ROBOTECH/lab2/ex09/full_name_message/install/local_setup.zsh'
[12.242s] INFO:colcon.colcon_core.shell:Creating prefix chain script '/mnt/c/Users/game_/Desktop/Work/ROBOTECH/lab2/ex09/full_name_message/install/setup.zsh'
